{"name": "TC02: Add and verify new tasks", "status": "failed", "statusDetails": {"message": "AssertionError: Verify Equals Failed, Actual: 4 is not equal to Expected: 3", "trace": "self = <test_cases.test_electron.TestElectron object at 0x000001BDD7571890>\n\n    @allure.title(\"TC02: Add and verify new tasks\")\n    @allure.description(\"Add 3 new task to the electron app and verify 3 task was added\")\n    @pytest.mark.run_this\n    def test_add_and_verify_tasks(self):\n        ElectronFlows.add_new_task_flow('Test2')\n        ElectronFlows.add_new_task_flow('Test3')\n        ElectronFlows.add_new_task_flow('Test4')\n>       Verifications.verify_equals(ElectronFlows.get_number_of_task_flow(),3)\n\ntest_electron.py:25: \n_ _ _ _ _ _ _ _ _ _ _ _ _ _ _ _ _ _ _ _ _ _ _ _ _ _ _ _ _ _ _ _ _ _ _ _ _ _ _ _ _ _ _ _ _ _ _ _ _ _ _ _ _ _ _ _ _ _ _ _ _ _ _ _ _ _ _ _ _ _ _ _ _ _ _ _ _ _ _ _ _ _ _ _ _ _ _ _ _ _\n\nactual = 4, expected = 3\n\n    @staticmethod\n    @allure.step(\"Verify list of actual elements is equal to expected elements\")\n    def verify_equals(actual, expected):\n>       assert actual == expected, f'Verify Equals Failed, Actual: {str(actual)} is not equal to Expected: {str(expected)}'\nE       AssertionError: Verify Equals Failed, Actual: 4 is not equal to Expected: 3\n\n..\\extensions\\verifications.py:12: AssertionError"}, "description": "Add 3 new task to the electron app and verify 3 task was added", "steps": [{"name": "Add new task flow", "status": "passed", "steps": [{"name": "Updating text", "status": "passed", "parameters": [{"name": "elem", "value": "<selenium.webdriver.support.event_firing_webdriver.EventFiringWebElement object at 0x000001BDD7591F50>"}, {"name": "value", "value": "'Test2'"}], "start": 1694848775251, "stop": 1694848775302}, {"name": "Updating text", "status": "passed", "parameters": [{"name": "elem", "value": "<selenium.webdriver.support.event_firing_webdriver.EventFiringWebElement object at 0x000001BDD7591F50>"}, {"name": "value", "value": "''"}], "start": 1694848775309, "stop": 1694848775351}], "parameters": [{"name": "task_name", "value": "'Test2'"}], "start": 1694848775245, "stop": 1694848775351}, {"name": "Add new task flow", "status": "passed", "steps": [{"name": "Updating text", "status": "passed", "parameters": [{"name": "elem", "value": "<selenium.webdriver.support.event_firing_webdriver.EventFiringWebElement object at 0x000001BDD7593350>"}, {"name": "value", "value": "'Test3'"}], "start": 1694848775357, "stop": 1694848775413}, {"name": "Updating text", "status": "passed", "parameters": [{"name": "elem", "value": "<selenium.webdriver.support.event_firing_webdriver.EventFiringWebElement object at 0x000001BDD7593110>"}, {"name": "value", "value": "''"}], "start": 1694848775419, "stop": 1694848775469}], "parameters": [{"name": "task_name", "value": "'Test3'"}], "start": 1694848775351, "stop": 1694848775469}, {"name": "Add new task flow", "status": "passed", "steps": [{"name": "Updating text", "status": "passed", "parameters": [{"name": "elem", "value": "<selenium.webdriver.support.event_firing_webdriver.EventFiringWebElement object at 0x000001BDD7592E10>"}, {"name": "value", "value": "'Test4'"}], "start": 1694848775475, "stop": 1694848775526}, {"name": "Updating text", "status": "passed", "parameters": [{"name": "elem", "value": "<selenium.webdriver.support.event_firing_webdriver.EventFiringWebElement object at 0x000001BDD75734D0>"}, {"name": "value", "value": "''"}], "start": 1694848775532, "stop": 1694848775577}], "parameters": [{"name": "task_name", "value": "'Test4'"}], "start": 1694848775469, "stop": 1694848775577}, {"name": "Get the number of tasks flow", "status": "passed", "start": 1694848775577, "stop": 1694848775585}, {"name": "Verify list of actual elements is equal to expected elements", "status": "failed", "statusDetails": {"message": "AssertionError: Verify Equals Failed, Actual: 4 is not equal to Expected: 3\n", "trace": "  File \"C:\\Automation\\Hobiz_Automation\\venv\\Lib\\site-packages\\allure_commons\\_allure.py\", line 192, in impl\n    return func(*a, **kw)\n           ^^^^^^^^^^^^^^\n  File \"C:\\Automation\\Final_Proj_Aut_Py\\extensions\\verifications.py\", line 12, in verify_equals\n    assert actual == expected, f'Verify Equals Failed, Actual: {str(actual)} is not equal to Expected: {str(expected)}'\n"}, "parameters": [{"name": "actual", "value": "4"}, {"name": "expected", "value": "3"}], "start": 1694848775585, "stop": 1694848775585}], "attachments": [{"source": "7b6c7550-d1ec-49cb-aa58-671c6e8f385d-attachment.png", "type": "image/png"}], "start": 1694848775245, "stop": 1694848775596, "uuid": "7e076330-d73e-40d6-b073-3c171a8d2c71", "historyId": "6f3b55deb17a3077aeb592b874292751", "testCaseId": "581fac0ee9f741f740fc243250e33f3c", "fullName": "test_cases.test_electron.TestElectron#test_add_and_verify_tasks", "labels": [{"name": "tag", "value": "run_this"}, {"name": "tag", "value": "@pytest.mark.usefixtures('init_electron_driver')"}, {"name": "parentSuite", "value": "test_cases"}, {"name": "suite", "value": "test_electron"}, {"name": "subSuite", "value": "TestElectron"}, {"name": "host", "value": "BarLaptop"}, {"name": "thread", "value": "7512-MainThread"}, {"name": "framework", "value": "pytest"}, {"name": "language", "value": "cpython3"}, {"name": "package", "value": "test_cases.test_electron"}]}