{"name": "TC01: Login to Grafana", "status": "failed", "statusDetails": {"message": "AssertionError: Verify Equals Failed, Actual: Welcome to Grafana is notequal to Expected: testfail", "trace": "self = <test_cases.test_web.TestWeb object at 0x00000238C955DD50>\n\n    @allure.title(\"TC01: Login to Grafana\")\n    @allure.description(\"Verify a successful login to Grafana\")\n    @pytest.mark.sanity\n    def test_verify_login(self):\n        WebFlows.login_flow(get_data('Username'), get_data('Password'))\n>       WebFlows.verify_grafana_title(\"testfail\") #Welcome to Grafana\n\ntest_web.py:16: \n_ _ _ _ _ _ _ _ _ _ _ _ _ _ _ _ _ _ _ _ _ _ _ _ _ _ _ _ _ _ _ _ _ _ _ _ _ _ _ _ _ _ _ _ _ _ _ _ _ _ _ _ _ _ _ _ _ _ _ _ _ _ _ _ _ _ _ _ _ _ _ _ _ _ _ _ _ _ _ _ _ _ _ _ _ _ _ _ _ _ _ _\n..\\workflows\\web_flows.py:28: in verify_grafana_title\n    Verifications.verify_equals(actual, expected)\n_ _ _ _ _ _ _ _ _ _ _ _ _ _ _ _ _ _ _ _ _ _ _ _ _ _ _ _ _ _ _ _ _ _ _ _ _ _ _ _ _ _ _ _ _ _ _ _ _ _ _ _ _ _ _ _ _ _ _ _ _ _ _ _ _ _ _ _ _ _ _ _ _ _ _ _ _ _ _ _ _ _ _ _ _ _ _ _ _ _ _ _\n\nactual = 'Welcome to Grafana', expected = 'testfail'\n\n    @staticmethod\n    @allure.step(\"Verify element is equal to expected\")\n    def verify_equals(actual, expected):\n>       assert actual == expected, f'Verify Equals Failed, Actual: {str(actual)} is notequal to Expected: {str(expected)}'\nE       AssertionError: Verify Equals Failed, Actual: Welcome to Grafana is notequal to Expected: testfail\n\n..\\extensions\\verifications.py:11: AssertionError"}, "description": "Verify a successful login to Grafana", "steps": [{"name": "Login to Grafana flow", "status": "passed", "steps": [{"name": "Updating text", "status": "passed", "parameters": [{"name": "elem", "value": "<selenium.webdriver.support.event_firing_webdriver.EventFiringWebElement object at 0x00000238C95B9B50>"}, {"name": "value", "value": "'admin'"}], "start": 1674601299459, "stop": 1674601299547}, {"name": "Updating text", "status": "passed", "parameters": [{"name": "elem", "value": "<selenium.webdriver.support.event_firing_webdriver.EventFiringWebElement object at 0x00000238C95D9C50>"}, {"name": "value", "value": "'admin'"}], "start": 1674601299554, "stop": 1674601299637}, {"name": "Click on element", "status": "passed", "parameters": [{"name": "elem", "value": "<selenium.webdriver.support.event_firing_webdriver.EventFiringWebElement object at 0x00000238C95DA450>"}], "start": 1674601299645, "stop": 1674601299734}, {"name": "Click on element", "status": "passed", "parameters": [{"name": "elem", "value": "<selenium.webdriver.support.event_firing_webdriver.EventFiringWebElement object at 0x00000238C95D8390>"}], "start": 1674601299815, "stop": 1674601300505}], "parameters": [{"name": "user", "value": "'admin'"}, {"name": "password", "value": "'admin'"}], "start": 1674601299441, "stop": 1674601300505}, {"name": "Verify Grafana title flow", "status": "failed", "statusDetails": {"message": "AssertionError: Verify Equals Failed, Actual: Welcome to Grafana is notequal to Expected: testfail\n", "trace": "  File \"C:\\Users\\barka\\AppData\\Roaming\\Python\\Python311\\site-packages\\allure_commons\\_allure.py\", line 192, in impl\n    return func(*a, **kw)\n           ^^^^^^^^^^^^^^\n  File \"C:\\Automation\\Final_Proj_Aut_Py\\workflows\\web_flows.py\", line 28, in verify_grafana_title\n    Verifications.verify_equals(actual, expected)\n  File \"C:\\Users\\barka\\AppData\\Roaming\\Python\\Python311\\site-packages\\allure_commons\\_allure.py\", line 192, in impl\n    return func(*a, **kw)\n           ^^^^^^^^^^^^^^\n  File \"C:\\Automation\\Final_Proj_Aut_Py\\extensions\\verifications.py\", line 11, in verify_equals\n    assert actual == expected, f'Verify Equals Failed, Actual: {str(actual)} is notequal to Expected: {str(expected)}'\n"}, "steps": [{"name": "Verify element is equal to expected", "status": "failed", "statusDetails": {"message": "AssertionError: Verify Equals Failed, Actual: Welcome to Grafana is notequal to Expected: testfail\n", "trace": "  File \"C:\\Users\\barka\\AppData\\Roaming\\Python\\Python311\\site-packages\\allure_commons\\_allure.py\", line 192, in impl\n    return func(*a, **kw)\n           ^^^^^^^^^^^^^^\n  File \"C:\\Automation\\Final_Proj_Aut_Py\\extensions\\verifications.py\", line 11, in verify_equals\n    assert actual == expected, f'Verify Equals Failed, Actual: {str(actual)} is notequal to Expected: {str(expected)}'\n"}, "parameters": [{"name": "actual", "value": "'Welcome to Grafana'"}, {"name": "expected", "value": "'testfail'"}], "start": 1674601300540, "stop": 1674601300540}], "parameters": [{"name": "expected", "value": "'testfail'"}], "start": 1674601300506, "stop": 1674601300555}], "attachments": [{"source": "5ffa4249-38be-4072-8f6c-c8973a925fb7-attachment.png", "type": "image/png"}, {"name": "stdout", "source": "1a940a71-27e6-4798-a62f-b93919496761-attachment.txt", "type": "text/plain"}], "start": 1674601299440, "stop": 1674601300556, "uuid": "865840d2-b05b-447a-a580-d2d8c9e741a8", "historyId": "54e61a4397564b26acdf4b5fe208f939", "testCaseId": "4727d0277c9099c0888dae150522b402", "fullName": "test_cases.test_web.TestWeb#test_verify_login", "labels": [{"name": "tag", "value": "sanity"}, {"name": "tag", "value": "@pytest.mark.usefixtures('init_web_driver')"}, {"name": "parentSuite", "value": "test_cases"}, {"name": "suite", "value": "test_web"}, {"name": "subSuite", "value": "TestWeb"}, {"name": "host", "value": "BarLaptop"}, {"name": "thread", "value": "14136-MainThread"}, {"name": "framework", "value": "pytest"}, {"name": "language", "value": "cpython3"}, {"name": "package", "value": "test_cases.test_web"}]}