{"name": "TC03: History list", "status": "failed", "statusDetails": {"message": "AssertionError: Verify Equals Failed, Actual: 1 + 7= 8 is not equal to Expected: 1+7= 8", "trace": "self = <test_cases.test_desktop.TestDesktopApp object at 0x000002928ADCE950>\n\n    @allure.title(\"TC03: History list\")\n    @allure.description(\"Validate equation is correct in history list\")\n    def test_history_validation(self):\n        equation = '1+7'\n        DesktopFlows.calculate_flow(equation)\n        DesktopFlows.clear_flow()\n        print(DesktopFlows.get_history_value().text)\n>       Verifications.verify_equals(DesktopFlows.get_history_value().text,'1+7= 8')\n\ntest_desktop.py:50: \n_ _ _ _ _ _ _ _ _ _ _ _ _ _ _ _ _ _ _ _ _ _ _ _ _ _ _ _ _ _ _ _ _ _ _ _ _ _ _ _ _ _ _ _ _ _ _ _ _ _ _ _ _ _ _ _ _ _ _ _ _ _ _ _ _ _ _ _ _ _ _ _ _ _ _ _ _ _ _ _ _ _ _ _ _ _ _ _ _ _ _ _ _ _ _ _ _ _ _ _ _ _ _ _ _ _ _ _ _ _ _ _ _ _\n\nactual = '1 + 7= 8', expected = '1+7= 8'\n\n    @staticmethod\n    @allure.step(\"Verify list of actual elements is equal to expected elements\")\n    def verify_equals(actual, expected):\n>       assert actual == expected, f'Verify Equals Failed, Actual: {str(actual)} is not equal to Expected: {str(expected)}'\nE       AssertionError: Verify Equals Failed, Actual: 1 + 7= 8 is not equal to Expected: 1+7= 8\n\n..\\extensions\\verifications.py:12: AssertionError"}, "description": "Validate equation is correct in history list", "steps": [{"name": "Calculate equation", "status": "passed", "steps": [{"name": "Click on element", "status": "passed", "parameters": [{"name": "elem", "value": "<selenium.webdriver.support.event_firing_webdriver.EventFiringWebElement object at 0x000002928ADF2750>"}], "start": 1708545708893, "stop": 1708545709316}, {"name": "Click on element", "status": "passed", "parameters": [{"name": "elem", "value": "<selenium.webdriver.support.event_firing_webdriver.EventFiringWebElement object at 0x000002928ADF18D0>"}], "start": 1708545709412, "stop": 1708545709840}, {"name": "Click on element", "status": "passed", "parameters": [{"name": "elem", "value": "<selenium.webdriver.support.event_firing_webdriver.EventFiringWebElement object at 0x000002928ADF3350>"}], "start": 1708545709936, "stop": 1708545710360}, {"name": "Click on element", "status": "passed", "parameters": [{"name": "elem", "value": "<selenium.webdriver.support.event_firing_webdriver.EventFiringWebElement object at 0x000002928ADF3850>"}], "start": 1708545710453, "stop": 1708545710863}], "parameters": [{"name": "equation", "value": "'1+7'"}], "start": 1708545708793, "stop": 1708545710863}, {"name": "Clear calculator result", "status": "passed", "steps": [{"name": "Click on element", "status": "passed", "parameters": [{"name": "elem", "value": "<selenium.webdriver.support.event_firing_webdriver.EventFiringWebElement object at 0x000002928ADF3A90>"}], "start": 1708545710946, "stop": 1708545711364}], "start": 1708545710863, "stop": 1708545711364}, {"name": "Get history list web element", "status": "passed", "start": 1708545711364, "stop": 1708545711631}, {"name": "Get history list web element", "status": "passed", "start": 1708545711680, "stop": 1708545711932}, {"name": "Verify list of actual elements is equal to expected elements", "status": "failed", "statusDetails": {"message": "AssertionError: Verify Equals Failed, Actual: 1 + 7= 8 is not equal to Expected: 1+7= 8\n", "trace": "  File \"C:\\Automation\\test_automation_final_project\\venv\\Lib\\site-packages\\allure_commons\\_allure.py\", line 192, in impl\n    return func(*a, **kw)\n           ^^^^^^^^^^^^^^\n  File \"C:\\Automation\\test_automation_final_project\\extensions\\verifications.py\", line 12, in verify_equals\n    assert actual == expected, f'Verify Equals Failed, Actual: {str(actual)} is not equal to Expected: {str(expected)}'\n           ^^^^^^^^^^^^^^^^^^\n"}, "parameters": [{"name": "actual", "value": "'1 + 7= 8'"}, {"name": "expected", "value": "'1+7= 8'"}], "start": 1708545711974, "stop": 1708545711974}], "attachments": [{"source": "c03bd7c7-bc8d-467b-8bc3-6b6e25070c82-attachment.png", "type": "image/png"}], "start": 1708545708793, "stop": 1708545711975, "uuid": "78dea0e0-3a61-4298-992f-2f5b6d3a41d0", "historyId": "8c46415401cfe40cde4a2965f4fa53d9", "testCaseId": "8c46415401cfe40cde4a2965f4fa53d9", "fullName": "test_cases.test_desktop.TestDesktopApp#test_history_validation", "labels": [{"name": "tag", "value": "@pytest.mark.usefixtures('init_desktop_driver')"}, {"name": "parentSuite", "value": "test_cases"}, {"name": "suite", "value": "test_desktop"}, {"name": "subSuite", "value": "TestDesktopApp"}, {"name": "host", "value": "DESKTOP-TNCSURL"}, {"name": "thread", "value": "9884-MainThread"}, {"name": "framework", "value": "pytest"}, {"name": "language", "value": "cpython3"}, {"name": "package", "value": "test_cases.test_desktop"}]}