{"name": "TC02: Add and verify new tasks", "status": "failed", "statusDetails": {"message": "AssertionError: Verify Equals Failed, Actual: 3 is not equal to Expected: 4", "trace": "self = <test_cases.test_electron.TestElectron object at 0x00000288169AB110>\n\n    @allure.title(\"TC02: Add and verify new tasks\")\n    @allure.description(\"Add 3 new task to the electron app and verify 3 task was added\")\n    def test_add_and_verify_tasks(self):\n        ElectronFlows.add_new_task_flow('Test2')\n        ElectronFlows.add_new_task_flow('Test3')\n        ElectronFlows.add_new_task_flow('Test4')\n>       Verifications.verify_equals(ElectronFlows.get_number_of_task_flow(),4)\n\ntest_electron.py:23: \n_ _ _ _ _ _ _ _ _ _ _ _ _ _ _ _ _ _ _ _ _ _ _ _ _ _ _ _ _ _ _ _ _ _ _ _ _ _ _ _ _ _ _ _ _ _ _ _ _ _ _ _ _ _ _ _ _ _ _ _ _ _ _ _ _ _ _ _ _ _ _ _ _ _ _ _ _ _ _ _ _ _ _ _ _ _ _ _ _ _ _ _\n\nactual = 3, expected = 4\n\n    @staticmethod\n    @allure.step(\"Verify element is equal to expected\")\n    def verify_equals(actual, expected):\n>       assert actual == expected, f'Verify Equals Failed, Actual: {str(actual)} is not equal to Expected: {str(expected)}'\nE       AssertionError: Verify Equals Failed, Actual: 3 is not equal to Expected: 4\n\n..\\extensions\\verifications.py:11: AssertionError"}, "description": "Add 3 new task to the electron app and verify 3 task was added", "steps": [{"name": "Add new task flow", "status": "passed", "steps": [{"name": "Updating text", "status": "passed", "parameters": [{"name": "elem", "value": "<selenium.webdriver.support.event_firing_webdriver.EventFiringWebElement object at 0x00000288169A5190>"}, {"name": "value", "value": "'Test2'"}], "start": 1682120423140, "stop": 1682120423236}, {"name": "Updating text", "status": "passed", "parameters": [{"name": "elem", "value": "<selenium.webdriver.support.event_firing_webdriver.EventFiringWebElement object at 0x00000288169A7E10>"}, {"name": "value", "value": "''"}], "start": 1682120423246, "stop": 1682120423312}], "parameters": [{"name": "task_name", "value": "'Test2'"}], "start": 1682120423129, "stop": 1682120423312}, {"name": "Add new task flow", "status": "passed", "steps": [{"name": "Updating text", "status": "passed", "parameters": [{"name": "elem", "value": "<selenium.webdriver.support.event_firing_webdriver.EventFiringWebElement object at 0x0000028816CF4350>"}, {"name": "value", "value": "'Test3'"}], "start": 1682120423322, "stop": 1682120423421}, {"name": "Updating text", "status": "passed", "parameters": [{"name": "elem", "value": "<selenium.webdriver.support.event_firing_webdriver.EventFiringWebElement object at 0x0000028816CF4D50>"}, {"name": "value", "value": "''"}], "start": 1682120423436, "stop": 1682120423519}], "parameters": [{"name": "task_name", "value": "'Test3'"}], "start": 1682120423312, "stop": 1682120423519}, {"name": "Add new task flow", "status": "passed", "steps": [{"name": "Updating text", "status": "passed", "parameters": [{"name": "elem", "value": "<selenium.webdriver.support.event_firing_webdriver.EventFiringWebElement object at 0x0000028816CF5050>"}, {"name": "value", "value": "'Test4'"}], "start": 1682120423529, "stop": 1682120423631}, {"name": "Updating text", "status": "passed", "parameters": [{"name": "elem", "value": "<selenium.webdriver.support.event_firing_webdriver.EventFiringWebElement object at 0x0000028816CF5450>"}, {"name": "value", "value": "''"}], "start": 1682120423642, "stop": 1682120423733}], "parameters": [{"name": "task_name", "value": "'Test4'"}], "start": 1682120423519, "stop": 1682120423733}, {"name": "Get the number of tasks flow", "status": "passed", "start": 1682120423733, "stop": 1682120423745}, {"name": "Verify element is equal to expected", "status": "failed", "statusDetails": {"message": "AssertionError: Verify Equals Failed, Actual: 3 is not equal to Expected: 4\n", "trace": "  File \"C:\\Users\\barka\\AppData\\Roaming\\Python\\Python311\\site-packages\\allure_commons\\_allure.py\", line 192, in impl\n    return func(*a, **kw)\n           ^^^^^^^^^^^^^^\n  File \"C:\\Automation\\Final_Proj_Aut_Py\\extensions\\verifications.py\", line 11, in verify_equals\n    assert actual == expected, f'Verify Equals Failed, Actual: {str(actual)} is not equal to Expected: {str(expected)}'\n"}, "parameters": [{"name": "actual", "value": "3"}, {"name": "expected", "value": "4"}], "start": 1682120423745, "stop": 1682120423745}], "attachments": [{"source": "9bab16b1-7096-4115-83e3-c61606b6fcc5-attachment.png", "type": "image/png"}], "start": 1682120423128, "stop": 1682120423752, "uuid": "b3e2e3dd-4e13-45ba-87fb-4e466f37f2b1", "historyId": "6f3b55deb17a3077aeb592b874292751", "testCaseId": "581fac0ee9f741f740fc243250e33f3c", "fullName": "test_cases.test_electron.TestElectron#test_add_and_verify_tasks", "labels": [{"name": "tag", "value": "@pytest.mark.usefixtures('init_electron_driver')"}, {"name": "parentSuite", "value": "test_cases"}, {"name": "suite", "value": "test_electron"}, {"name": "subSuite", "value": "TestElectron"}, {"name": "host", "value": "BarLaptop"}, {"name": "thread", "value": "11060-MainThread"}, {"name": "framework", "value": "pytest"}, {"name": "language", "value": "cpython3"}, {"name": "package", "value": "test_cases.test_electron"}]}