{"name": "TC04: Verify mortage details", "status": "failed", "statusDetails": {"message": "AssertionError: Verify Equals Failed, Actual: ['£100', '10.0 yrs', '10%', <selenium.webdriver.support.event_firing_webdriver.EventFiringWebElement object at 0x000001924F408D90>, <selenium.webdriver.support.event_firing_webdriver.EventFiringWebElement object at 0x000001924F408C50>] is not equal to Expected: [<selenium.webdriver.support.event_firing_webdriver.EventFiringWebElement object at 0x000001924F409F90>, <selenium.webdriver.support.event_firing_webdriver.EventFiringWebElement object at 0x000001924F40A910>, <selenium.webdriver.support.event_firing_webdriver.EventFiringWebElement object at 0x000001924F40A790>, <selenium.webdriver.support.event_firing_webdriver.EventFiringWebElement object at 0x000001924F40A2D0>, <selenium.webdriver.support.event_firing_webdriver.EventFiringWebElement object at 0x000001924F4093D0>]", "trace": "self = <test_cases.test_mobile.TestMobile object at 0x000001924F0ADED0>\n\n    @allure.title(\"TC04: Verify mortage details\")\n    @allure.description(\"this test Verify amount, yrs, percentage, repayment, interest are the same in the calculator \"\n                        \"and in the saved transaction\")\n    @pytest.mark.run_this\n    def test_delete_saved_trans(self):\n        MobileFlows.mortgage_flow('1000', '10', '10', Save.YES)\n>       MobileFlows.compare_transaction_details('100', '10', '10')\n\ntest_mobile.py:49: \n_ _ _ _ _ _ _ _ _ _ _ _ _ _ _ _ _ _ _ _ _ _ _ _ _ _ _ _ _ _ _ _ _ _ _ _ _ _ _ _ _ _ _ _ _ _ _ _ _ _ _ _ _ _ _ _ _ _ _ _ _ _ _ _ _ _ _ _ _ _ _ _ _ _ _ _ _ _ _ _ _ _ _ _ _ _ _ _ _ _\n..\\workflows\\mobile_flows.py:98: in compare_transaction_details\n    Verifications.verify_lists_are_equals(actual,expected)\n_ _ _ _ _ _ _ _ _ _ _ _ _ _ _ _ _ _ _ _ _ _ _ _ _ _ _ _ _ _ _ _ _ _ _ _ _ _ _ _ _ _ _ _ _ _ _ _ _ _ _ _ _ _ _ _ _ _ _ _ _ _ _ _ _ _ _ _ _ _ _ _ _ _ _ _ _ _ _ _ _ _ _ _ _ _ _ _ _ _\n\nactual = ['£100', '10.0 yrs', '10%', <selenium.webdriver.support.event_firing_webdriver.EventFiringWebElement object at 0x000001924F408D90>, <selenium.webdriver.support.event_firing_webdriver.EventFiringWebElement object at 0x000001924F408C50>]\nexpected = [<selenium.webdriver.support.event_firing_webdriver.EventFiringWebElement object at 0x000001924F409F90>, <selenium.web...001924F40A2D0>, <selenium.webdriver.support.event_firing_webdriver.EventFiringWebElement object at 0x000001924F4093D0>]\n\n    @staticmethod\n    @allure.step(\"Verify element is equal to expected\")\n    def verify_lists_are_equals(actual, expected):\n        for i in range(len(actual)):\n>           assert actual[i] == expected[i], f'Verify Equals Failed, Actual: {str(actual)} is not equal to Expected: {str(expected)}'\nE           AssertionError: Verify Equals Failed, Actual: ['£100', '10.0 yrs', '10%', <selenium.webdriver.support.event_firing_webdriver.EventFiringWebElement object at 0x000001924F408D90>, <selenium.webdriver.support.event_firing_webdriver.EventFiringWebElement object at 0x000001924F408C50>] is not equal to Expected: [<selenium.webdriver.support.event_firing_webdriver.EventFiringWebElement object at 0x000001924F409F90>, <selenium.webdriver.support.event_firing_webdriver.EventFiringWebElement object at 0x000001924F40A910>, <selenium.webdriver.support.event_firing_webdriver.EventFiringWebElement object at 0x000001924F40A790>, <selenium.webdriver.support.event_firing_webdriver.EventFiringWebElement object at 0x000001924F40A2D0>, <selenium.webdriver.support.event_firing_webdriver.EventFiringWebElement object at 0x000001924F4093D0>]\n\n..\\extensions\\verifications.py:18: AssertionError"}, "description": "this test Verify amount, yrs, percentage, repayment, interest are the same in the calculator and in the saved transaction", "steps": [{"name": "Fill in mortgage details flow", "status": "passed", "steps": [{"name": "Updating text", "status": "passed", "parameters": [{"name": "elem", "value": "<selenium.webdriver.support.event_firing_webdriver.EventFiringWebElement object at 0x000001924F0B5A90>"}, {"name": "value", "value": "'1000'"}], "start": 1692978199753, "stop": 1692978200717}, {"name": "Updating text", "status": "passed", "parameters": [{"name": "elem", "value": "<selenium.webdriver.support.event_firing_webdriver.EventFiringWebElement object at 0x000001924F0B6950>"}, {"name": "value", "value": "'10'"}], "start": 1692978200928, "stop": 1692978201886}, {"name": "Updating text", "status": "passed", "parameters": [{"name": "elem", "value": "<selenium.webdriver.support.event_firing_webdriver.EventFiringWebElement object at 0x000001924F0B7050>"}, {"name": "value", "value": "'10'"}], "start": 1692978201992, "stop": 1692978203095}, {"name": "Click on element", "status": "passed", "parameters": [{"name": "elem", "value": "<selenium.webdriver.support.event_firing_webdriver.EventFiringWebElement object at 0x000001924F0B7290>"}], "start": 1692978203299, "stop": 1692978205331}, {"name": "Click on element", "status": "passed", "parameters": [{"name": "elem", "value": "<selenium.webdriver.support.event_firing_webdriver.EventFiringWebElement object at 0x000001924F0B6B10>"}], "start": 1692978206130, "stop": 1692978208300}], "parameters": [{"name": "amount", "value": "'1000'"}, {"name": "term", "value": "'10'"}, {"name": "rate", "value": "'10'"}, {"name": "save", "value": "True"}], "start": 1692978199597, "stop": 1692978208300}, {"name": "Get transactions details in calculator page", "status": "failed", "statusDetails": {"message": "AssertionError: Verify Equals Failed, Actual: ['£100', '10.0 yrs', '10%', <selenium.webdriver.support.event_firing_webdriver.EventFiringWebElement object at 0x000001924F408D90>, <selenium.webdriver.support.event_firing_webdriver.EventFiringWebElement object at 0x000001924F408C50>] is not equal to Expected: [<selenium.webdriver.support.event_firing_webdriver.EventFiringWebElement object at 0x000001924F409F90>, <selenium.webdriver.support.event_firing_webdriver.EventFiringWebElement object at 0x000001924F40A910>, <selenium.webdriver.support.event_firing_webdriver.EventFiringWebElement object at 0x000001924F40A790>, <selenium.webdriver.support.event_firing_webdriver.EventFiringWebElement object at 0x000001924F40A2D0>, <selenium.webdriver.support.event_firing_webdriver.EventFiringWebElement object at 0x000001924F4093D0>]\n", "trace": "  File \"C:\\Automation\\Hobiz_Automation\\venv\\Lib\\site-packages\\allure_commons\\_allure.py\", line 192, in impl\n    return func(*a, **kw)\n           ^^^^^^^^^^^^^^\n  File \"C:\\Automation\\Final_Proj_Aut_Py\\workflows\\mobile_flows.py\", line 98, in compare_transaction_details\n    Verifications.verify_lists_are_equals(actual,expected)\n  File \"C:\\Automation\\Hobiz_Automation\\venv\\Lib\\site-packages\\allure_commons\\_allure.py\", line 192, in impl\n    return func(*a, **kw)\n           ^^^^^^^^^^^^^^\n  File \"C:\\Automation\\Final_Proj_Aut_Py\\extensions\\verifications.py\", line 18, in verify_lists_are_equals\n    assert actual[i] == expected[i], f'Verify Equals Failed, Actual: {str(actual)} is not equal to Expected: {str(expected)}'\n"}, "steps": [{"name": "Swipe the page", "status": "passed", "steps": [{"name": "Swipe screen", "status": "passed", "parameters": [{"name": "start_x", "value": "972.0"}, {"name": "start_y", "value": "1320.0"}, {"name": "end_x", "value": "108.0"}, {"name": "end_y", "value": "1320.0"}, {"name": "duration", "value": "200"}], "start": 1692978209201, "stop": 1692978209862}], "parameters": [{"name": "direction", "value": "'left'"}], "start": 1692978209201, "stop": 1692978209862}, {"name": "Verify element is equal to expected", "status": "failed", "statusDetails": {"message": "AssertionError: Verify Equals Failed, Actual: ['£100', '10.0 yrs', '10%', <selenium.webdriver.support.event_firing_webdriver.EventFiringWebElement object at 0x000001924F408D90>, <selenium.webdriver.support.event_firing_webdriver.EventFiringWebElement object at 0x000001924F408C50>] is not equal to Expected: [<selenium.webdriver.support.event_firing_webdriver.EventFiringWebElement object at 0x000001924F409F90>, <selenium.webdriver.support.event_firing_webdriver.EventFiringWebElement object at 0x000001924F40A910>, <selenium.webdriver.support.event_firing_webdriver.EventFiringWebElement object at 0x000001924F40A790>, <selenium.webdriver.support.event_firing_webdriver.EventFiringWebElement object at 0x000001924F40A2D0>, <selenium.webdriver.support.event_firing_webdriver.EventFiringWebElement object at 0x000001924F4093D0>]\n", "trace": "  File \"C:\\Automation\\Hobiz_Automation\\venv\\Lib\\site-packages\\allure_commons\\_allure.py\", line 192, in impl\n    return func(*a, **kw)\n           ^^^^^^^^^^^^^^\n  File \"C:\\Automation\\Final_Proj_Aut_Py\\extensions\\verifications.py\", line 18, in verify_lists_are_equals\n    assert actual[i] == expected[i], f'Verify Equals Failed, Actual: {str(actual)} is not equal to Expected: {str(expected)}'\n"}, "parameters": [{"name": "actual", "value": "['£100', '10.0 yrs', '10%', <selenium.webdriver.support.event_firing_webdriver.EventFiringWebElement object at 0x000001924F408D90>, <selenium.webdriver.support.event_firing_webdriver.EventFiringWebElement object at 0x000001924F408C50>]"}, {"name": "expected", "value": "[<selenium.webdriver.support.event_firing_webdriver.EventFiringWebElement object at 0x000001924F409F90>, <selenium.webdriver.support.event_firing_webdriver.EventFiringWebElement object at 0x000001924F40A910>, <selenium.webdriver.support.event_firing_webdriver.EventFiringWebElement object at 0x000001924F40A790>, <selenium.webdriver.support.event_firing_webdriver.EventFiringWebElement object at 0x000001924F40A2D0>, <selenium.webdriver.support.event_firing_webdriver.EventFiringWebElement object at 0x000001924F4093D0>]"}], "start": 1692978211245, "stop": 1692978211245}], "parameters": [{"name": "amount", "value": "'100'"}, {"name": "term", "value": "'10'"}, {"name": "rate", "value": "'10'"}], "start": 1692978208300, "stop": 1692978211257}], "attachments": [{"source": "e2b41a75-5204-4011-9743-821b7edaedbb-attachment.png", "type": "image/png"}], "start": 1692978199597, "stop": 1692978211258, "uuid": "d67caa93-d720-4d41-9bc7-827b341014c4", "historyId": "91ba5437dc241a31496b60115187fa52", "testCaseId": "7e8eca1073d7403bc815e56ae1ddf278", "fullName": "test_cases.test_mobile.TestMobile#test_delete_saved_trans", "labels": [{"name": "tag", "value": "run_this"}, {"name": "tag", "value": "@pytest.mark.usefixtures('init_mobile_driver')"}, {"name": "parentSuite", "value": "test_cases"}, {"name": "suite", "value": "test_mobile"}, {"name": "subSuite", "value": "TestMobile"}, {"name": "host", "value": "BarLaptop"}, {"name": "thread", "value": "21220-MainThread"}, {"name": "framework", "value": "pytest"}, {"name": "language", "value": "cpython3"}, {"name": "package", "value": "test_cases.test_mobile"}]}