{"name": "TC02: Verify saved details", "status": "failed", "statusDetails": {"message": "AssertionError: Verify Equals Failed, Actual: 2.5% is not equal to Expected: 3.0%", "trace": "self = <test_cases.test_mobile.TestMobile object at 0x0000021A63494C50>\n\n    @allure.title(\"TC02: Verify saved details\")\n    @allure.description(\"This test verify saved transaction\")\n    @pytest.mark.sanity\n    def test_verify_saved_details(self):\n        MobileFlows.mortgage_flow('5000', '8', '3', Save.YES)\n        MobileFlows.mortgage_flow('1000', '5', '2.5', Save.YES)\n        MobileFlows.swipe_screen(Direction.LEFT)\n>       MobileFlows.verify_rate('3.0')\n\ntest_cases\\test_mobile.py:24: \n_ _ _ _ _ _ _ _ _ _ _ _ _ _ _ _ _ _ _ _ _ _ _ _ _ _ _ _ _ _ _ _ _ _ _ _ _ _ _ _\nworkflows\\mobile_flows.py:63: in verify_rate\n    Verifications.verify_equals(actual, expected + '%')\n_ _ _ _ _ _ _ _ _ _ _ _ _ _ _ _ _ _ _ _ _ _ _ _ _ _ _ _ _ _ _ _ _ _ _ _ _ _ _ _\n\nactual = '2.5%', expected = '3.0%'\n\n    @staticmethod\n    @allure.step(\"Verify element is equal to expected\")\n    def verify_equals(actual, expected):\n>       assert actual == expected, f'Verify Equals Failed, Actual: {str(actual)} is not equal to Expected: {str(expected)}'\nE       AssertionError: Verify Equals Failed, Actual: 2.5% is not equal to Expected: 3.0%\n\nextensions\\verifications.py:11: AssertionError"}, "description": "This test verify saved transaction", "steps": [{"name": "Fill in mortgage details flow", "status": "passed", "steps": [{"name": "Updating text", "status": "passed", "parameters": [{"name": "elem", "value": "<selenium.webdriver.support.event_firing_webdriver.EventFiringWebElement object at 0x0000021A634A0750>"}, {"name": "value", "value": "'5000'"}], "start": 1682796837163, "stop": 1682796838243}, {"name": "Updating text", "status": "passed", "parameters": [{"name": "elem", "value": "<selenium.webdriver.support.event_firing_webdriver.EventFiringWebElement object at 0x0000021A634A0750>"}, {"name": "value", "value": "'8'"}], "start": 1682796838520, "stop": 1682796839649}, {"name": "Updating text", "status": "passed", "parameters": [{"name": "elem", "value": "<selenium.webdriver.support.event_firing_webdriver.EventFiringWebElement object at 0x0000021A634A3690>"}, {"name": "value", "value": "'3'"}], "start": 1682796840165, "stop": 1682796841221}, {"name": "Click on element", "status": "passed", "parameters": [{"name": "elem", "value": "<selenium.webdriver.support.event_firing_webdriver.EventFiringWebElement object at 0x0000021A634A3690>"}], "start": 1682796841436, "stop": 1682796843571}, {"name": "Click on element", "status": "passed", "parameters": [{"name": "elem", "value": "<selenium.webdriver.support.event_firing_webdriver.EventFiringWebElement object at 0x0000021A630E9650>"}], "start": 1682796844529, "stop": 1682796846517}], "parameters": [{"name": "amount", "value": "'5000'"}, {"name": "term", "value": "'8'"}, {"name": "rate", "value": "'3'"}, {"name": "save", "value": "True"}], "start": 1682796837008, "stop": 1682796846517}, {"name": "Fill in mortgage details flow", "status": "passed", "steps": [{"name": "Updating text", "status": "passed", "parameters": [{"name": "elem", "value": "<selenium.webdriver.support.event_firing_webdriver.EventFiringWebElement object at 0x0000021A634A9850>"}, {"name": "value", "value": "'1000'"}], "start": 1682796847317, "stop": 1682796848301}, {"name": "Updating text", "status": "passed", "parameters": [{"name": "elem", "value": "<selenium.webdriver.support.event_firing_webdriver.EventFiringWebElement object at 0x0000021A630E9F10>"}, {"name": "value", "value": "'5'"}], "start": 1682796848496, "stop": 1682796849528}, {"name": "Updating text", "status": "passed", "parameters": [{"name": "elem", "value": "<selenium.webdriver.support.event_firing_webdriver.EventFiringWebElement object at 0x0000021A634A9ED0>"}, {"name": "value", "value": "'2.5'"}], "start": 1682796849698, "stop": 1682796850624}, {"name": "Click on element", "status": "passed", "parameters": [{"name": "elem", "value": "<selenium.webdriver.support.event_firing_webdriver.EventFiringWebElement object at 0x0000021A63471290>"}], "start": 1682796850759, "stop": 1682796852745}, {"name": "Click on element", "status": "passed", "parameters": [{"name": "elem", "value": "<selenium.webdriver.support.event_firing_webdriver.EventFiringWebElement object at 0x0000021A634ABC90>"}], "start": 1682796853550, "stop": 1682796855559}], "parameters": [{"name": "amount", "value": "'1000'"}, {"name": "term", "value": "'5'"}, {"name": "rate", "value": "'2.5'"}, {"name": "save", "value": "True"}], "start": 1682796846518, "stop": 1682796855559}, {"name": "Swipe the page", "status": "passed", "steps": [{"name": "Swipe screen", "status": "passed", "parameters": [{"name": "start_x", "value": "972.0"}, {"name": "start_y", "value": "1320.0"}, {"name": "end_x", "value": "108.0"}, {"name": "end_y", "value": "1320.0"}, {"name": "duration", "value": "200"}], "start": 1682796855559, "stop": 1682796856544}], "parameters": [{"name": "direction", "value": "'left'"}], "start": 1682796855559, "stop": 1682796856544}, {"name": "Verify rate in saved transactions", "status": "failed", "statusDetails": {"message": "AssertionError: Verify Equals Failed, Actual: 2.5% is not equal to Expected: 3.0%\n", "trace": "  File \"C:\\Users\\barka\\AppData\\Roaming\\Python\\Python311\\site-packages\\allure_commons\\_allure.py\", line 192, in impl\n    return func(*a, **kw)\n           ^^^^^^^^^^^^^^\n  File \"C:\\Automation\\Final_Proj_Aut_Py\\workflows\\mobile_flows.py\", line 63, in verify_rate\n    Verifications.verify_equals(actual, expected + '%')\n  File \"C:\\Users\\barka\\AppData\\Roaming\\Python\\Python311\\site-packages\\allure_commons\\_allure.py\", line 192, in impl\n    return func(*a, **kw)\n           ^^^^^^^^^^^^^^\n  File \"C:\\Automation\\Final_Proj_Aut_Py\\extensions\\verifications.py\", line 11, in verify_equals\n    assert actual == expected, f'Verify Equals Failed, Actual: {str(actual)} is not equal to Expected: {str(expected)}'\n"}, "steps": [{"name": "Verify element is equal to expected", "status": "failed", "statusDetails": {"message": "AssertionError: Verify Equals Failed, Actual: 2.5% is not equal to Expected: 3.0%\n", "trace": "  File \"C:\\Users\\barka\\AppData\\Roaming\\Python\\Python311\\site-packages\\allure_commons\\_allure.py\", line 192, in impl\n    return func(*a, **kw)\n           ^^^^^^^^^^^^^^\n  File \"C:\\Automation\\Final_Proj_Aut_Py\\extensions\\verifications.py\", line 11, in verify_equals\n    assert actual == expected, f'Verify Equals Failed, Actual: {str(actual)} is not equal to Expected: {str(expected)}'\n"}, "parameters": [{"name": "actual", "value": "'2.5%'"}, {"name": "expected", "value": "'3.0%'"}], "start": 1682796857510, "stop": 1682796857510}], "parameters": [{"name": "expected", "value": "'3.0'"}], "start": 1682796856544, "stop": 1682796857511}], "attachments": [{"source": "ea615a70-b614-43f0-9f58-9c5a6709b1b1-attachment.png", "type": "image/png"}], "start": 1682796837007, "stop": 1682796857512, "uuid": "78623b53-ae6f-4b0e-b8e5-32a4f992118a", "historyId": "27ce321eaafa89a68c0417e75ba77464", "testCaseId": "915fdbe2d1c971e26a94dbd7c3cf50c9", "fullName": "test_cases.test_mobile.TestMobile#test_verify_saved_details", "labels": [{"name": "tag", "value": "sanity"}, {"name": "tag", "value": "@pytest.mark.usefixtures('init_mobile_driver')"}, {"name": "parentSuite", "value": "test_cases"}, {"name": "suite", "value": "test_mobile"}, {"name": "subSuite", "value": "TestMobile"}, {"name": "host", "value": "BarLaptop"}, {"name": "thread", "value": "16260-MainThread"}, {"name": "framework", "value": "pytest"}, {"name": "language", "value": "cpython3"}, {"name": "package", "value": "test_cases.test_mobile"}]}