{"name": "TC04: Retrieve result from history list", "status": "failed", "statusDetails": {"message": "AssertionError: Verify Equals Failed, Actual: 1 + 7= is not equal to Expected: 1+7", "trace": "self = <test_cases.test_desktop.TestDesktopApp object at 0x000002938C037890>\n\n    @allure.title(\"TC04: Retrieve result from history list\")\n    @allure.description(\"retrieve a result from history to calculator result section and make a calculation with it\")\n    def test_history_validation(self):\n        equation = '1+7'\n        DesktopFlows.calculate_flow(equation)\n        DesktopFlows.clear_flow()\n        DesktopFlows.retrieve_history()\n>       Verifications.verify_equals(DesktopFlows.get_equation_flow(), equation)\n\ntest_desktop.py:46: \n_ _ _ _ _ _ _ _ _ _ _ _ _ _ _ _ _ _ _ _ _ _ _ _ _ _ _ _ _ _ _ _ _ _ _ _ _ _ _ _ _ _ _ _ _ _ _ _ _ _ _ _ _ _ _ _ _ _ _ _ _ _ _ _ _ _ _ _ _ _ _ _ _ _ _ _ _ _ _ _ _ _ _ _ _ _ _ _ _ _ _ _ _ _ _ _ _ _ _ _ _ _ _ _ _ _ _ _ _ _ _ _ _ _\n\nactual = '1 + 7=', expected = '1+7'\n\n    @staticmethod\n    @allure.step(\"Verify list of actual elements is equal to expected elements\")\n    def verify_equals(actual, expected):\n>       assert actual == expected, f'Verify Equals Failed, Actual: {str(actual)} is not equal to Expected: {str(expected)}'\nE       AssertionError: Verify Equals Failed, Actual: 1 + 7= is not equal to Expected: 1+7\n\n..\\extensions\\verifications.py:12: AssertionError"}, "description": "retrieve a result from history to calculator result section and make a calculation with it", "steps": [{"name": "Calculate equation", "status": "passed", "steps": [{"name": "Click on element", "status": "passed", "parameters": [{"name": "elem", "value": "<selenium.webdriver.support.event_firing_webdriver.EventFiringWebElement object at 0x000002938C0326D0>"}], "start": 1708778145850, "stop": 1708778146336}, {"name": "Click on element", "status": "passed", "parameters": [{"name": "elem", "value": "<selenium.webdriver.support.event_firing_webdriver.EventFiringWebElement object at 0x000002938C0310D0>"}], "start": 1708778146428, "stop": 1708778146836}, {"name": "Click on element", "status": "passed", "parameters": [{"name": "elem", "value": "<selenium.webdriver.support.event_firing_webdriver.EventFiringWebElement object at 0x000002938C033650>"}], "start": 1708778146936, "stop": 1708778147338}, {"name": "Click on element", "status": "passed", "parameters": [{"name": "elem", "value": "<selenium.webdriver.support.event_firing_webdriver.EventFiringWebElement object at 0x000002938C033B10>"}], "start": 1708778147427, "stop": 1708778147832}], "parameters": [{"name": "equation", "value": "'1+7'"}], "start": 1708778145716, "stop": 1708778147832}, {"name": "Clear calculator result", "status": "passed", "steps": [{"name": "Click on element", "status": "passed", "parameters": [{"name": "elem", "value": "<selenium.webdriver.support.event_firing_webdriver.EventFiringWebElement object at 0x000002938C058590>"}], "start": 1708778147921, "stop": 1708778148325}], "start": 1708778147832, "stop": 1708778148325}, {"name": "Click on history result", "status": "passed", "steps": [{"name": "Click on element", "status": "passed", "parameters": [{"name": "elem", "value": "<selenium.webdriver.support.event_firing_webdriver.EventFiringWebElement object at 0x000002938C058910>"}], "start": 1708778148620, "stop": 1708778149024}], "start": 1708778148325, "stop": 1708778149024}, {"name": "Get calculator equation", "status": "passed", "start": 1708778149024, "stop": 1708778149340}, {"name": "Verify list of actual elements is equal to expected elements", "status": "failed", "statusDetails": {"message": "AssertionError: Verify Equals Failed, Actual: 1 + 7= is not equal to Expected: 1+7\n", "trace": "  File \"C:\\Automation\\test_automation_final_project\\venv\\Lib\\site-packages\\allure_commons\\_allure.py\", line 192, in impl\n    return func(*a, **kw)\n           ^^^^^^^^^^^^^^\n  File \"C:\\Automation\\test_automation_final_project\\extensions\\verifications.py\", line 12, in verify_equals\n    assert actual == expected, f'Verify Equals Failed, Actual: {str(actual)} is not equal to Expected: {str(expected)}'\n           ^^^^^^^^^^^^^^^^^^\n"}, "parameters": [{"name": "actual", "value": "'1 + 7='"}, {"name": "expected", "value": "'1+7'"}], "start": 1708778149340, "stop": 1708778149340}], "attachments": [{"source": "1626ccc0-4e28-4ab2-833f-5e50518a56f3-attachment.png", "type": "image/png"}], "start": 1708778145715, "stop": 1708778149341, "uuid": "00ab56b6-6fcb-4002-ae4d-9bbff063821f", "historyId": "8c46415401cfe40cde4a2965f4fa53d9", "testCaseId": "8c46415401cfe40cde4a2965f4fa53d9", "fullName": "test_cases.test_desktop.TestDesktopApp#test_history_validation", "labels": [{"name": "tag", "value": "@pytest.mark.usefixtures('init_desktop_driver')"}, {"name": "parentSuite", "value": "test_cases"}, {"name": "suite", "value": "test_desktop"}, {"name": "subSuite", "value": "TestDesktopApp"}, {"name": "host", "value": "DESKTOP-TNCSURL"}, {"name": "thread", "value": "21860-MainThread"}, {"name": "framework", "value": "pytest"}, {"name": "language", "value": "cpython3"}, {"name": "package", "value": "test_cases.test_desktop"}]}