{"name": "TC01: Adding 2 numbers", "status": "failed", "statusDetails": {"message": "AssertionError: Verify Equals Failed, Actual: 8 is not equal to Expected: 12", "trace": "self = <test_cases.test_desktop.TestElectron object at 0x0000028EEE43B6D0>\n\n    @allure.title(\"TC01: Adding 2 numbers\")\n    @allure.description(\"This test adds 2 numbers and verify the result\")\n    def test_add_numbers_and_verify(self):\n        DesktopFlows.calculate_flow(\"1+7\")\n>       Verifications.verify_equals(DesktopFlows.get_result_flow(), '12')\n\ntest_desktop.py:17: \n_ _ _ _ _ _ _ _ _ _ _ _ _ _ _ _ _ _ _ _ _ _ _ _ _ _ _ _ _ _ _ _ _ _ _ _ _ _ _ _ _ _ _ _ _ _ _ _ _ _ _ _ _ _ _ _ _ _ _ _ _ _ _ _ _ _ _ _ _ _ _ _ _ _ _ _ _ _ _ _ _ _ _ _ _ _ _ _ _ _ _ _ _ _ _ _ _ _ _ _ _ _ _ _ _ _ _ _ _ _ _ _ _ _ _ _ _ \n\nactual = '8', expected = '12'\n\n    @staticmethod\n    @allure.step(\"Verify element is equal to expected\")\n    def verify_equals(actual, expected):\n>       assert actual == expected, f'Verify Equals Failed, Actual: {str(actual)} is not equal to Expected: {str(expected)}'\nE       AssertionError: Verify Equals Failed, Actual: 8 is not equal to Expected: 12\n\n..\\extensions\\verifications.py:11: AssertionError"}, "description": "This test adds 2 numbers and verify the result", "steps": [{"name": "Calculate equation", "status": "passed", "steps": [{"name": "Click on element", "status": "passed", "parameters": [{"name": "elem", "value": "<selenium.webdriver.support.event_firing_webdriver.EventFiringWebElement object at 0x0000028EEE446F10>"}], "start": 1682458456113, "stop": 1682458456545}, {"name": "Click on element", "status": "passed", "parameters": [{"name": "elem", "value": "<selenium.webdriver.support.event_firing_webdriver.EventFiringWebElement object at 0x0000028EEE447C90>"}], "start": 1682458456638, "stop": 1682458457065}, {"name": "Click on element", "status": "passed", "parameters": [{"name": "elem", "value": "<selenium.webdriver.support.event_firing_webdriver.EventFiringWebElement object at 0x0000028EEE451090>"}], "start": 1682458457165, "stop": 1682458457595}, {"name": "Click on element", "status": "passed", "parameters": [{"name": "elem", "value": "<selenium.webdriver.support.event_firing_webdriver.EventFiringWebElement object at 0x0000028EEE4518D0>"}], "start": 1682458457686, "stop": 1682458458113}], "parameters": [{"name": "equation", "value": "'1+7'"}], "start": 1682458456020, "stop": 1682458458113}, {"name": "Get calculator result", "status": "passed", "start": 1682458458113, "stop": 1682458458429}, {"name": "Verify element is equal to expected", "status": "failed", "statusDetails": {"message": "AssertionError: Verify Equals Failed, Actual: 8 is not equal to Expected: 12\n", "trace": "  File \"C:\\Automation\\test_automation_final_project\\venv\\Lib\\site-packages\\allure_commons\\_allure.py\", line 192, in impl\n    return func(*a, **kw)\n           ^^^^^^^^^^^^^^\n  File \"C:\\Automation\\test_automation_final_project\\extensions\\verifications.py\", line 11, in verify_equals\n    assert actual == expected, f'Verify Equals Failed, Actual: {str(actual)} is not equal to Expected: {str(expected)}'\n           ^^^^^^^^^^^^^^^^^^\n"}, "parameters": [{"name": "actual", "value": "'8'"}, {"name": "expected", "value": "'12'"}], "start": 1682458458430, "stop": 1682458458430}], "attachments": [{"source": "9fea31b7-ec55-4276-8193-d93763ac8dae-attachment.png", "type": "image/png"}], "start": 1682458456020, "stop": 1682458458430, "uuid": "295eeaa6-9ccb-479e-b4ea-bf5b474ceb2b", "historyId": "6b5e96c99bb9c08aed9194da736aef17", "testCaseId": "30aae251a91078f03fc3a0e0bf487e86", "fullName": "test_cases.test_desktop.TestElectron#test_add_numbers_and_verify", "labels": [{"name": "tag", "value": "@pytest.mark.usefixtures('init_desktop_driver')"}, {"name": "parentSuite", "value": "test_cases"}, {"name": "suite", "value": "test_desktop"}, {"name": "subSuite", "value": "TestElectron"}, {"name": "host", "value": "DESKTOP-TNCSURL"}, {"name": "thread", "value": "34680-MainThread"}, {"name": "framework", "value": "pytest"}, {"name": "language", "value": "cpython3"}, {"name": "package", "value": "test_cases.test_desktop"}]}