{"name": "TC01: Login to Grafana", "status": "failed", "statusDetails": {"message": "AssertionError: Verify Equals Failed, Actual: Welcome to Grafana is notequal to Expected: failtest", "trace": "self = <test_cases.test_web.TestWeb object at 0x00000299CAA48C50>\n\n    @allure.title(\"TC01: Login to Grafana\")\n    @allure.description(\"Verify a successful login to Grafana\")\n    @pytest.mark.sanity\n    def test_verify_login(self):\n        WebFlows.login_flow(get_data('Username'), get_data('Password'))\n>       WebFlows.verify_grafana_title(\"failtest\") #Welcome to Grafana\n\ntest_web.py:16: \n_ _ _ _ _ _ _ _ _ _ _ _ _ _ _ _ _ _ _ _ _ _ _ _ _ _ _ _ _ _ _ _ _ _ _ _ _ _ _ _ _ _ _ _ _ _ _ _ _ _ _ _ _ _ _ _ _ _ _ _ _ _ _ _ _ _ _ _ _ _ _ _ _ _ _ _ _ _ _ _ _ _ _ _ _ _ _ _ _ _ _ _\n..\\workflows\\web_flows.py:28: in verify_grafana_title\n    Verifications.verify_equals(actual, expected)\n_ _ _ _ _ _ _ _ _ _ _ _ _ _ _ _ _ _ _ _ _ _ _ _ _ _ _ _ _ _ _ _ _ _ _ _ _ _ _ _ _ _ _ _ _ _ _ _ _ _ _ _ _ _ _ _ _ _ _ _ _ _ _ _ _ _ _ _ _ _ _ _ _ _ _ _ _ _ _ _ _ _ _ _ _ _ _ _ _ _ _ _\n\nactual = 'Welcome to Grafana', expected = 'failtest'\n\n    @staticmethod\n    @allure.step(\"Verify element is equal to expected\")\n    def verify_equals(actual, expected):\n>       assert actual == expected, f'Verify Equals Failed, Actual: {str(actual)} is notequal to Expected: {str(expected)}'\nE       AssertionError: Verify Equals Failed, Actual: Welcome to Grafana is notequal to Expected: failtest\n\n..\\extensions\\verifications.py:11: AssertionError"}, "description": "Verify a successful login to Grafana", "steps": [{"name": "Login to Grafana flow", "status": "passed", "steps": [{"name": "Updating text", "status": "passed", "parameters": [{"name": "elem", "value": "<selenium.webdriver.support.event_firing_webdriver.EventFiringWebElement object at 0x00000299C8392DD0>"}, {"name": "value", "value": "'admin'"}], "start": 1674633366848, "stop": 1674633366935}, {"name": "Updating text", "status": "passed", "parameters": [{"name": "elem", "value": "<selenium.webdriver.support.event_firing_webdriver.EventFiringWebElement object at 0x00000299CAAC5A10>"}, {"name": "value", "value": "'admin'"}], "start": 1674633366944, "stop": 1674633367009}, {"name": "Click on element", "status": "passed", "parameters": [{"name": "elem", "value": "<selenium.webdriver.support.event_firing_webdriver.EventFiringWebElement object at 0x00000299CAA8C910>"}], "start": 1674633367025, "stop": 1674633367129}, {"name": "Click on element", "status": "passed", "parameters": [{"name": "elem", "value": "<selenium.webdriver.support.event_firing_webdriver.EventFiringWebElement object at 0x00000299CAAC7BD0>"}], "start": 1674633367204, "stop": 1674633367761}], "parameters": [{"name": "user", "value": "'admin'"}, {"name": "password", "value": "'admin'"}], "start": 1674633366836, "stop": 1674633367761}, {"name": "Verify Grafana title flow", "status": "failed", "statusDetails": {"message": "AssertionError: Verify Equals Failed, Actual: Welcome to Grafana is notequal to Expected: failtest\n", "trace": "  File \"C:\\Users\\barka\\AppData\\Roaming\\Python\\Python311\\site-packages\\allure_commons\\_allure.py\", line 192, in impl\n    return func(*a, **kw)\n           ^^^^^^^^^^^^^^\n  File \"C:\\Automation\\Final_Proj_Aut_Py\\workflows\\web_flows.py\", line 28, in verify_grafana_title\n    Verifications.verify_equals(actual, expected)\n  File \"C:\\Users\\barka\\AppData\\Roaming\\Python\\Python311\\site-packages\\allure_commons\\_allure.py\", line 192, in impl\n    return func(*a, **kw)\n           ^^^^^^^^^^^^^^\n  File \"C:\\Automation\\Final_Proj_Aut_Py\\extensions\\verifications.py\", line 11, in verify_equals\n    assert actual == expected, f'Verify Equals Failed, Actual: {str(actual)} is notequal to Expected: {str(expected)}'\n"}, "steps": [{"name": "Verify element is equal to expected", "status": "failed", "statusDetails": {"message": "AssertionError: Verify Equals Failed, Actual: Welcome to Grafana is notequal to Expected: failtest\n", "trace": "  File \"C:\\Users\\barka\\AppData\\Roaming\\Python\\Python311\\site-packages\\allure_commons\\_allure.py\", line 192, in impl\n    return func(*a, **kw)\n           ^^^^^^^^^^^^^^\n  File \"C:\\Automation\\Final_Proj_Aut_Py\\extensions\\verifications.py\", line 11, in verify_equals\n    assert actual == expected, f'Verify Equals Failed, Actual: {str(actual)} is notequal to Expected: {str(expected)}'\n"}, "parameters": [{"name": "actual", "value": "'Welcome to Grafana'"}, {"name": "expected", "value": "'failtest'"}], "start": 1674633367881, "stop": 1674633367881}], "parameters": [{"name": "expected", "value": "'failtest'"}], "start": 1674633367762, "stop": 1674633367881}], "attachments": [{"source": "0cf8e932-da66-4bde-84f2-51d79550b723-attachment.png", "type": "image/png"}, {"name": "stdout", "source": "c413e589-8440-4d34-96e9-bf8d76988ca1-attachment.txt", "type": "text/plain"}], "start": 1674633366835, "stop": 1674633367882, "uuid": "c81043ee-ed4b-43bd-afaa-bbd4dc49d1ab", "historyId": "54e61a4397564b26acdf4b5fe208f939", "testCaseId": "4727d0277c9099c0888dae150522b402", "fullName": "test_cases.test_web.TestWeb#test_verify_login", "labels": [{"name": "tag", "value": "sanity"}, {"name": "tag", "value": "@pytest.mark.usefixtures('init_web_driver')"}, {"name": "parentSuite", "value": "test_cases"}, {"name": "suite", "value": "test_web"}, {"name": "subSuite", "value": "TestWeb"}, {"name": "host", "value": "BarLaptop"}, {"name": "thread", "value": "15736-MainThread"}, {"name": "framework", "value": "pytest"}, {"name": "language", "value": "cpython3"}, {"name": "package", "value": "test_cases.test_web"}]}