{"name": "TC04: Filter the users list", "status": "broken", "statusDetails": {"message": "selenium.common.exceptions.TimeoutException: Message: \nStacktrace:\nBacktrace:\n\tGetHandleVerifier [0x00CCA813+48355]\n\t(No symbol) [0x00C5C4B1]\n\t(No symbol) [0x00B65358]\n\t(No symbol) [0x00B909A5]\n\t(No symbol) [0x00B90B3B]\n\t(No symbol) [0x00BBE232]\n\t(No symbol) [0x00BAA784]\n\t(No symbol) [0x00BBC922]\n\t(No symbol) [0x00BAA536]\n\t(No symbol) [0x00B882DC]\n\t(No symbol) [0x00B893DD]\n\tGetHandleVerifier [0x00F2AABD+2539405]\n\tGetHandleVerifier [0x00F6A78F+2800735]\n\tGetHandleVerifier [0x00F6456C+2775612]\n\tGetHandleVerifier [0x00D551E0+616112]\n\t(No symbol) [0x00C65F8C]\n\t(No symbol) [0x00C62328]\n\t(No symbol) [0x00C6240B]\n\t(No symbol) [0x00C54FF7]\n\tBaseThreadInitThunk [0x767A7D59+25]\n\tRtlInitializeExceptionChain [0x77E4B79B+107]\n\tRtlClearBits [0x77E4B71F+191]", "trace": "self = <test_cases.test_web.TestWebUsers object at 0x000001DF27BC5550>\nsearch_value = 'test1user', expected_users = '1'\n\n    @allure.title(\"TC04: Filter the users list\")\n    @allure.description(\"This test filters the users list and check that the correct number of users are displayed\")\n    @pytest.mark.parametrize('search_value, expected_users', web_flows.users_testdata)\n    def test_search_filter(self, search_value, expected_users):\n        WebFlows.open_users_page()\n        WebFlows.search_user(search_value)\n>       WebFlows.verify_number_of_users(int(expected_users))\n\ntest_cases\\test_web.py:50: \n_ _ _ _ _ _ _ _ _ _ _ _ _ _ _ _ _ _ _ _ _ _ _ _ _ _ _ _ _ _ _ _ _ _ _ _ _ _ _ _\nworkflows\\web_flows.py:77: in verify_number_of_users\n    wait(For.ELEMENT_DISPLAYED, page_objects.web_objects.server_admin_page.users_list)\nutilities\\common_ops.py:62: in wait\n    WebDriverWait(conf.driver, int(get_data('WaitTime'))).until(\n_ _ _ _ _ _ _ _ _ _ _ _ _ _ _ _ _ _ _ _ _ _ _ _ _ _ _ _ _ _ _ _ _ _ _ _ _ _ _ _\n\nself = <selenium.webdriver.support.wait.WebDriverWait (session=\"28bdaba9f357fd9f610ab10b18bad8e1\")>\nmethod = <function visibility_of_element_located.<locals>._predicate at 0x000001DF27C74540>\nmessage = ''\n\n    def until(self, method, message: str = \"\"):\n        \"\"\"Calls the method provided with the driver as an argument until the \\\n        return value does not evaluate to ``False``.\n    \n        :param method: callable(WebDriver)\n        :param message: optional message for :exc:`TimeoutException`\n        :returns: the result of the last call to `method`\n        :raises: :exc:`selenium.common.exceptions.TimeoutException` if timeout occurs\n        \"\"\"\n        screen = None\n        stacktrace = None\n    \n        end_time = time.monotonic() + self._timeout\n        while True:\n            try:\n                value = method(self._driver)\n                if value:\n                    return value\n            except self._ignored_exceptions as exc:\n                screen = getattr(exc, \"screen\", None)\n                stacktrace = getattr(exc, \"stacktrace\", None)\n            time.sleep(self._poll)\n            if time.monotonic() > end_time:\n                break\n>       raise TimeoutException(message, screen, stacktrace)\nE       selenium.common.exceptions.TimeoutException: Message: \nE       Stacktrace:\nE       Backtrace:\nE       \tGetHandleVerifier [0x00CCA813+48355]\nE       \t(No symbol) [0x00C5C4B1]\nE       \t(No symbol) [0x00B65358]\nE       \t(No symbol) [0x00B909A5]\nE       \t(No symbol) [0x00B90B3B]\nE       \t(No symbol) [0x00BBE232]\nE       \t(No symbol) [0x00BAA784]\nE       \t(No symbol) [0x00BBC922]\nE       \t(No symbol) [0x00BAA536]\nE       \t(No symbol) [0x00B882DC]\nE       \t(No symbol) [0x00B893DD]\nE       \tGetHandleVerifier [0x00F2AABD+2539405]\nE       \tGetHandleVerifier [0x00F6A78F+2800735]\nE       \tGetHandleVerifier [0x00F6456C+2775612]\nE       \tGetHandleVerifier [0x00D551E0+616112]\nE       \t(No symbol) [0x00C65F8C]\nE       \t(No symbol) [0x00C62328]\nE       \t(No symbol) [0x00C6240B]\nE       \t(No symbol) [0x00C54FF7]\nE       \tBaseThreadInitThunk [0x767A7D59+25]\nE       \tRtlInitializeExceptionChain [0x77E4B79B+107]\nE       \tRtlClearBits [0x77E4B71F+191]\n\nC:\\Python311\\Lib\\site-packages\\selenium\\webdriver\\support\\wait.py:95: TimeoutException"}, "description": "This test filters the users list and check that the correct number of users are displayed", "steps": [{"name": "Go to users page flow", "status": "passed", "steps": [{"name": "Mouse hover to elements", "status": "passed", "parameters": [{"name": "elem1", "value": "<selenium.webdriver.support.event_firing_webdriver.EventFiringWebElement object at 0x000001DF28CD9AD0>"}, {"name": "elem2", "value": "<selenium.webdriver.support.event_firing_webdriver.EventFiringWebElement object at 0x000001DF28CE4BD0>"}], "start": 1689701899143, "stop": 1689701899771}], "start": 1689701899102, "stop": 1689701899771}, {"name": "Search users in users table flow", "status": "passed", "steps": [{"name": "Clear text field in elements", "status": "passed", "parameters": [{"name": "elem", "value": "<selenium.webdriver.support.event_firing_webdriver.EventFiringWebElement object at 0x000001DF28CE4FD0>"}], "start": 1689701899857, "stop": 1689701899938}, {"name": "Updating text", "status": "passed", "parameters": [{"name": "elem", "value": "<selenium.webdriver.support.event_firing_webdriver.EventFiringWebElement object at 0x000001DF28CE5F90>"}, {"name": "value", "value": "'test1user'"}], "start": 1689701899944, "stop": 1689701900048}], "parameters": [{"name": "search_value", "value": "'test1user'"}], "start": 1689701899771, "stop": 1689701900048}, {"name": "Verify numbers of users in users table flow", "status": "broken", "statusDetails": {"message": "selenium.common.exceptions.TimeoutException: Message: \nStacktrace:\nBacktrace:\n\tGetHandleVerifier [0x00CCA813+48355]\n\t(No symbol) [0x00C5C4B1]\n\t(No symbol) [0x00B65358]\n\t(No symbol) [0x00B909A5]\n\t(No symbol) [0x00B90B3B]\n\t(No symbol) [0x00BBE232]\n\t(No symbol) [0x00BAA784]\n\t(No symbol) [0x00BBC922]\n\t(No symbol) [0x00BAA536]\n\t(No symbol) [0x00B882DC]\n\t(No symbol) [0x00B893DD]\n\tGetHandleVerifier [0x00F2AABD+2539405]\n\tGetHandleVerifier [0x00F6A78F+2800735]\n\tGetHandleVerifier [0x00F6456C+2775612]\n\tGetHandleVerifier [0x00D551E0+616112]\n\t(No symbol) [0x00C65F8C]\n\t(No symbol) [0x00C62328]\n\t(No symbol) [0x00C6240B]\n\t(No symbol) [0x00C54FF7]\n\tBaseThreadInitThunk [0x767A7D59+25]\n\tRtlInitializeExceptionChain [0x77E4B79B+107]\n\tRtlClearBits [0x77E4B71F+191]\n\n", "trace": "  File \"C:\\Python311\\Lib\\site-packages\\allure_commons\\_allure.py\", line 192, in impl\n    return func(*a, **kw)\n           ^^^^^^^^^^^^^^\n  File \"C:\\Users\\BarKadosh-Cello\\PycharmProjects\\test_automation_final_project\\workflows\\web_flows.py\", line 77, in verify_number_of_users\n    wait(For.ELEMENT_DISPLAYED, page_objects.web_objects.server_admin_page.users_list)\n  File \"C:\\Users\\BarKadosh-Cello\\PycharmProjects\\test_automation_final_project\\utilities\\common_ops.py\", line 62, in wait\n    WebDriverWait(conf.driver, int(get_data('WaitTime'))).until(\n  File \"C:\\Python311\\Lib\\site-packages\\selenium\\webdriver\\support\\wait.py\", line 95, in until\n    raise TimeoutException(message, screen, stacktrace)\n"}, "parameters": [{"name": "number", "value": "1"}], "start": 1689701900048, "stop": 1689701910598}], "attachments": [{"source": "95f1bba8-6490-4bd2-8ed1-4c5a8ea3e34b-attachment.png", "type": "image/png"}], "parameters": [{"name": "search_value", "value": "'test1user'"}, {"name": "expected_users", "value": "'1'"}], "start": 1689701899102, "stop": 1689701910606, "uuid": "e490ce9f-b38f-49ff-af30-f6de09738df7", "historyId": "e7013ac7f3b6d7def0d9faad80f40a94", "testCaseId": "25ef1b2431e2e1006b33a9ee9541d584", "fullName": "test_cases.test_web.TestWebUsers#test_search_filter", "labels": [{"name": "tag", "value": "@pytest.mark.usefixtures('init_web_driver')"}, {"name": "parentSuite", "value": "test_cases"}, {"name": "suite", "value": "test_web"}, {"name": "subSuite", "value": "TestWebUsers"}, {"name": "host", "value": "LP-BARK-51XN8S3"}, {"name": "thread", "value": "19428-MainThread"}, {"name": "framework", "value": "pytest"}, {"name": "language", "value": "cpython3"}, {"name": "package", "value": "test_cases.test_web"}]}