{"name": "TC01: Adding 2 numbers", "status": "failed", "statusDetails": {"message": "AssertionError: Verify Equals Failed, Actual: 7 is not equal to Expected: 8", "trace": "self = <test_cases.test_desktop.TestDesktopApp object at 0x000001D48969F090>\n\n    @allure.title(\"TC01: Adding 2 numbers\")\n    @allure.description(\"This test adds 2 numbers and verify the result\")\n    def test_add_numbers_and_verify(self):\n        DesktopFlows.calculate_flow(\"1+7\")\n>       Verifications.verify_equals(DesktopFlows.get_result_flow(), '8')\n\ntest_cases\\test_desktop.py:15: \n_ _ _ _ _ _ _ _ _ _ _ _ _ _ _ _ _ _ _ _ _ _ _ _ _ _ _ _ _ _ _ _ _ _ _ _ _ _ _ _\n\nactual = '7', expected = '8'\n\n    @staticmethod\n    @allure.step(\"Verify element is equal to expected\")\n    def verify_equals(actual, expected):\n>       assert actual == expected, f'Verify Equals Failed, Actual: {str(actual)} is not equal to Expected: {str(expected)}'\nE       AssertionError: Verify Equals Failed, Actual: 7 is not equal to Expected: 8\n\nextensions\\verifications.py:11: AssertionError"}, "description": "This test adds 2 numbers and verify the result", "steps": [{"name": "Calculate equation", "status": "passed", "steps": [{"name": "Click on element", "status": "passed", "parameters": [{"name": "elem", "value": "<selenium.webdriver.support.event_firing_webdriver.EventFiringWebElement object at 0x000001D4896A2590>"}], "start": 1683398541441, "stop": 1683398541963}, {"name": "Click on element", "status": "passed", "parameters": [{"name": "elem", "value": "<selenium.webdriver.support.event_firing_webdriver.EventFiringWebElement object at 0x000001D4896A3850>"}], "start": 1683398542175, "stop": 1683398542726}, {"name": "Click on element", "status": "passed", "parameters": [{"name": "elem", "value": "<selenium.webdriver.support.event_firing_webdriver.EventFiringWebElement object at 0x000001D4896A3B50>"}], "start": 1683398542900, "stop": 1683398543410}, {"name": "Click on element", "status": "passed", "parameters": [{"name": "elem", "value": "<selenium.webdriver.support.event_firing_webdriver.EventFiringWebElement object at 0x000001D487F63C50>"}], "start": 1683398543584, "stop": 1683398544111}], "parameters": [{"name": "equation", "value": "'1+7'"}], "start": 1683398541191, "stop": 1683398544111}, {"name": "Get calculator result", "status": "passed", "start": 1683398544113, "stop": 1683398544680}, {"name": "Verify element is equal to expected", "status": "failed", "statusDetails": {"message": "AssertionError: Verify Equals Failed, Actual: 7 is not equal to Expected: 8\n", "trace": "  File \"C:\\Users\\barka\\AppData\\Roaming\\Python\\Python311\\site-packages\\allure_commons\\_allure.py\", line 192, in impl\n    return func(*a, **kw)\n           ^^^^^^^^^^^^^^\n  File \"C:\\Automation\\Final_Proj_Aut_Py\\extensions\\verifications.py\", line 11, in verify_equals\n    assert actual == expected, f'Verify Equals Failed, Actual: {str(actual)} is not equal to Expected: {str(expected)}'\n"}, "parameters": [{"name": "actual", "value": "'7'"}, {"name": "expected", "value": "'8'"}], "start": 1683398544680, "stop": 1683398544681}], "attachments": [{"source": "6bc602cf-d294-42ab-9773-c168b788bd50-attachment.png", "type": "image/png"}], "start": 1683398541190, "stop": 1683398544684, "uuid": "22adee6b-9c6b-4491-959f-65cb84e8a8cb", "historyId": "2295b68a7d75dd676d382231d5beaf06", "testCaseId": "a237bfa31a7b5de687064bf3f82d4f4f", "fullName": "test_cases.test_desktop.TestDesktopApp#test_add_numbers_and_verify", "labels": [{"name": "tag", "value": "@pytest.mark.usefixtures('init_desktop_driver')"}, {"name": "parentSuite", "value": "test_cases"}, {"name": "suite", "value": "test_desktop"}, {"name": "subSuite", "value": "TestDesktopApp"}, {"name": "host", "value": "BarLaptop"}, {"name": "thread", "value": "1984-MainThread"}, {"name": "framework", "value": "pytest"}, {"name": "language", "value": "cpython3"}, {"name": "package", "value": "test_cases.test_desktop"}]}