{"name": "TC02: Add and verify new tasks", "status": "failed", "statusDetails": {"message": "AssertionError: Verify Equals Failed, Actual: 3 is not equal to Expected: 4", "trace": "self = <test_cases.test_electron.TestElectron object at 0x0000023918B3BC90>\n\n    @allure.title(\"TC02: Add and verify new tasks\")\n    @allure.description(\"Add 3 new task to the electron app and verify 3 task was added\")\n    def test_add_and_verify_tasks(self):\n        ElectronFlows.add_new_task_flow('Test2')\n        ElectronFlows.add_new_task_flow('Test3')\n        ElectronFlows.add_new_task_flow('Test4')\n>       Verifications.verify_equals(ElectronFlows.get_number_of_task_flow(),4)\n\ntest_cases\\test_electron.py:23: \n_ _ _ _ _ _ _ _ _ _ _ _ _ _ _ _ _ _ _ _ _ _ _ _ _ _ _ _ _ _ _ _ _ _ _ _ _ _ _ _\n\nactual = 3, expected = 4\n\n    @staticmethod\n    @allure.step(\"Verify element is equal to expected\")\n    def verify_equals(actual, expected):\n>       assert actual == expected, f'Verify Equals Failed, Actual: {str(actual)} is not equal to Expected: {str(expected)}'\nE       AssertionError: Verify Equals Failed, Actual: 3 is not equal to Expected: 4\n\nextensions\\verifications.py:11: AssertionError"}, "description": "Add 3 new task to the electron app and verify 3 task was added", "steps": [{"name": "Add new task flow", "status": "passed", "steps": [{"name": "Updating text", "status": "passed", "parameters": [{"name": "elem", "value": "<selenium.webdriver.support.event_firing_webdriver.EventFiringWebElement object at 0x0000023919E978D0>"}, {"name": "value", "value": "'Test2'"}], "start": 1682795417309, "stop": 1682795417381}, {"name": "Updating text", "status": "passed", "parameters": [{"name": "elem", "value": "<selenium.webdriver.support.event_firing_webdriver.EventFiringWebElement object at 0x0000023919E971D0>"}, {"name": "value", "value": "''"}], "start": 1682795417389, "stop": 1682795417435}], "parameters": [{"name": "task_name", "value": "'Test2'"}], "start": 1682795417297, "stop": 1682795417435}, {"name": "Add new task flow", "status": "passed", "steps": [{"name": "Updating text", "status": "passed", "parameters": [{"name": "elem", "value": "<selenium.webdriver.support.event_firing_webdriver.EventFiringWebElement object at 0x0000023919EBCF50>"}, {"name": "value", "value": "'Test3'"}], "start": 1682795417444, "stop": 1682795417511}, {"name": "Updating text", "status": "passed", "parameters": [{"name": "elem", "value": "<selenium.webdriver.support.event_firing_webdriver.EventFiringWebElement object at 0x0000023919EBD750>"}, {"name": "value", "value": "''"}], "start": 1682795417517, "stop": 1682795417567}], "parameters": [{"name": "task_name", "value": "'Test3'"}], "start": 1682795417435, "stop": 1682795417567}, {"name": "Add new task flow", "status": "passed", "steps": [{"name": "Updating text", "status": "passed", "parameters": [{"name": "elem", "value": "<selenium.webdriver.support.event_firing_webdriver.EventFiringWebElement object at 0x0000023919E96BD0>"}, {"name": "value", "value": "'Test4'"}], "start": 1682795417575, "stop": 1682795417637}, {"name": "Updating text", "status": "passed", "parameters": [{"name": "elem", "value": "<selenium.webdriver.support.event_firing_webdriver.EventFiringWebElement object at 0x0000023919E9E610>"}, {"name": "value", "value": "''"}], "start": 1682795417646, "stop": 1682795417701}], "parameters": [{"name": "task_name", "value": "'Test4'"}], "start": 1682795417567, "stop": 1682795417701}, {"name": "Get the number of tasks flow", "status": "passed", "start": 1682795417701, "stop": 1682795417710}, {"name": "Verify element is equal to expected", "status": "failed", "statusDetails": {"message": "AssertionError: Verify Equals Failed, Actual: 3 is not equal to Expected: 4\n", "trace": "  File \"C:\\Users\\barka\\AppData\\Roaming\\Python\\Python311\\site-packages\\allure_commons\\_allure.py\", line 192, in impl\n    return func(*a, **kw)\n           ^^^^^^^^^^^^^^\n  File \"C:\\Automation\\Final_Proj_Aut_Py\\extensions\\verifications.py\", line 11, in verify_equals\n    assert actual == expected, f'Verify Equals Failed, Actual: {str(actual)} is not equal to Expected: {str(expected)}'\n"}, "parameters": [{"name": "actual", "value": "3"}, {"name": "expected", "value": "4"}], "start": 1682795417710, "stop": 1682795417710}], "attachments": [{"source": "5fad2eac-b74c-4a0b-808e-a477574b0fa7-attachment.png", "type": "image/png"}], "start": 1682795417296, "stop": 1682795417737, "uuid": "055982f5-230b-4479-bf61-d3f4daf82628", "historyId": "6f3b55deb17a3077aeb592b874292751", "testCaseId": "581fac0ee9f741f740fc243250e33f3c", "fullName": "test_cases.test_electron.TestElectron#test_add_and_verify_tasks", "labels": [{"name": "tag", "value": "@pytest.mark.usefixtures('init_electron_driver')"}, {"name": "parentSuite", "value": "test_cases"}, {"name": "suite", "value": "test_electron"}, {"name": "subSuite", "value": "TestElectron"}, {"name": "host", "value": "BarLaptop"}, {"name": "thread", "value": "15668-MainThread"}, {"name": "framework", "value": "pytest"}, {"name": "language", "value": "cpython3"}, {"name": "package", "value": "test_cases.test_electron"}]}