{"name": "TC05: Verify transaction date and hour", "status": "failed", "statusDetails": {"message": "AssertionError: Verify Equals Failed, Actual: Mon Sep 18 01:09: 2023 is not equal to Expected: Mon Sep 18 01:09 2023", "trace": "self = <test_cases.test_mobile.TestMobile object at 0x000001C445352FD0>\n\n    @allure.title(\"TC05: Verify transaction date and hour\")\n    @allure.description(\"this test Verify that transaction saved on the current date and hour\")\n    @pytest.mark.run_this\n    def test_verify_time(self):\n        #MobileFlows.swipe_screen(Direction.RIGHT)\n        MobileFlows.mortgage_flow('1000', '10', '10', Save.YES)\n        MobileFlows.check_current_time()\n        MobileFlows.swipe_screen(Direction.LEFT)\n        MobileFlows.check_trans_time()\n        # Verify saved on message shows the correct date\n        Verifications.verify_equals('Saved on ' + MobileFlows.check_current_time()[0], MobileFlows.check_trans_time()[0])\n        # Verify the header full date is correct\n>       Verifications.verify_equals(MobileFlows.check_trans_time()[1], MobileFlows.check_current_time()[1])\n\ntest_mobile.py:64: \n_ _ _ _ _ _ _ _ _ _ _ _ _ _ _ _ _ _ _ _ _ _ _ _ _ _ _ _ _ _ _ _ _ _ _ _ _ _ _ _ _ _ _ _ _ _ _ _ _ _ _ _ _ _ _ _ _ _ _ _ _ _ _ _ _ _ _ _ _ _ _ _ _ _ _ _ _ _ _ _ _ _ _ _ _ _ _ _ _ _\n\nactual = 'Mon Sep 18 01:09: 2023', expected = 'Mon Sep 18 01:09 2023'\n\n    @staticmethod\n    @allure.step(\"Verify list of actual elements is equal to expected elements\")\n    def verify_equals(actual, expected):\n>       assert actual == expected, f'Verify Equals Failed, Actual: {str(actual)} is not equal to Expected: {str(expected)}'\nE       AssertionError: Verify Equals Failed, Actual: Mon Sep 18 01:09: 2023 is not equal to Expected: Mon Sep 18 01:09 2023\n\n..\\extensions\\verifications.py:12: AssertionError"}, "description": "this test Verify that transaction saved on the current date and hour", "steps": [{"name": "Fill in mortgage details flow", "status": "passed", "steps": [{"name": "Updating text", "status": "passed", "parameters": [{"name": "elem", "value": "<selenium.webdriver.support.event_firing_webdriver.EventFiringWebElement object at 0x000001C445357710>"}, {"name": "value", "value": "'1000'"}], "start": 1694988562591, "stop": 1694988563956}, {"name": "Updating text", "status": "passed", "parameters": [{"name": "elem", "value": "<selenium.webdriver.support.event_firing_webdriver.EventFiringWebElement object at 0x000001C4456A4F10>"}, {"name": "value", "value": "'10'"}], "start": 1694988564099, "stop": 1694988565170}, {"name": "Updating text", "status": "passed", "parameters": [{"name": "elem", "value": "<selenium.webdriver.support.event_firing_webdriver.EventFiringWebElement object at 0x000001C4456A5790>"}, {"name": "value", "value": "'10'"}], "start": 1694988565293, "stop": 1694988566372}, {"name": "Click on element", "status": "passed", "parameters": [{"name": "elem", "value": "<selenium.webdriver.support.event_firing_webdriver.EventFiringWebElement object at 0x000001C4456A4710>"}], "start": 1694988566497, "stop": 1694988568654}, {"name": "Click on element", "status": "passed", "parameters": [{"name": "elem", "value": "<selenium.webdriver.support.event_firing_webdriver.EventFiringWebElement object at 0x000001C4452E7C50>"}], "start": 1694988569521, "stop": 1694988571746}], "parameters": [{"name": "amount", "value": "'1000'"}, {"name": "term", "value": "'10'"}, {"name": "rate", "value": "'10'"}, {"name": "save", "value": "True"}], "start": 1694988562356, "stop": 1694988571746}, {"name": "Check current time", "status": "passed", "start": 1694988571746, "stop": 1694988571762}, {"name": "Swipe the page", "status": "passed", "steps": [{"name": "Swipe screen", "status": "passed", "parameters": [{"name": "start_x", "value": "972.0"}, {"name": "start_y", "value": "1320.0"}, {"name": "end_x", "value": "108.0"}, {"name": "end_y", "value": "1320.0"}, {"name": "duration", "value": "200"}], "start": 1694988571762, "stop": 1694988572811}], "parameters": [{"name": "direction", "value": "'left'"}], "start": 1694988571762, "stop": 1694988572811}, {"name": "Check transaction time", "status": "passed", "start": 1694988572811, "stop": 1694988574093}, {"name": "Check current time", "status": "passed", "start": 1694988574093, "stop": 1694988574093}, {"name": "Check transaction time", "status": "passed", "start": 1694988574093, "stop": 1694988574825}, {"name": "Verify list of actual elements is equal to expected elements", "status": "passed", "parameters": [{"name": "actual", "value": "'Saved on 18-09-2023'"}, {"name": "expected", "value": "'Saved on 18-09-2023'"}], "start": 1694988574825, "stop": 1694988574825}, {"name": "Check transaction time", "status": "passed", "start": 1694988574825, "stop": 1694988575484}, {"name": "Check current time", "status": "passed", "start": 1694988575484, "stop": 1694988575484}, {"name": "Verify list of actual elements is equal to expected elements", "status": "failed", "statusDetails": {"message": "AssertionError: Verify Equals Failed, Actual: Mon Sep 18 01:09: 2023 is not equal to Expected: Mon Sep 18 01:09 2023\n", "trace": "  File \"C:\\Automation\\Hobiz_Automation\\venv\\Lib\\site-packages\\allure_commons\\_allure.py\", line 192, in impl\n    return func(*a, **kw)\n           ^^^^^^^^^^^^^^\n  File \"C:\\Automation\\Final_Proj_Aut_Py\\extensions\\verifications.py\", line 12, in verify_equals\n    assert actual == expected, f'Verify Equals Failed, Actual: {str(actual)} is not equal to Expected: {str(expected)}'\n"}, "parameters": [{"name": "actual", "value": "'Mon Sep 18 01:09: 2023'"}, {"name": "expected", "value": "'Mon Sep 18 01:09 2023'"}], "start": 1694988575484, "stop": 1694988575484}], "attachments": [{"source": "1abca343-58b3-46b9-ba89-d1870d53fe88-attachment.png", "type": "image/png"}], "start": 1694988562356, "stop": 1694988575484, "uuid": "110c5055-b22c-4823-8cfe-50a992f2fb05", "historyId": "8615f8405e1d54a504832959380c2767", "testCaseId": "e72a2e047cc131c9174f98f332043a9b", "fullName": "test_cases.test_mobile.TestMobile#test_verify_time", "labels": [{"name": "tag", "value": "run_this"}, {"name": "tag", "value": "@pytest.mark.usefixtures('init_mobile_driver')"}, {"name": "parentSuite", "value": "test_cases"}, {"name": "suite", "value": "test_mobile"}, {"name": "subSuite", "value": "TestMobile"}, {"name": "host", "value": "BarLaptop"}, {"name": "thread", "value": "7260-MainThread"}, {"name": "framework", "value": "pytest"}, {"name": "language", "value": "cpython3"}, {"name": "package", "value": "test_cases.test_mobile"}]}