{"name": "TC02: Verify saved rate", "status": "failed", "statusDetails": {"message": "AssertionError: Verify Equals Failed, Actual: 10.0% is not equal to Expected: 3.0%", "trace": "self = <test_cases.test_mobile.TestMobile object at 0x0000027F8567C310>\n\n    @allure.title(\"TC02: Verify saved rate\")\n    @allure.description(\"This test verify saved transaction\")\n    @pytest.mark.sanity\n    def test_verify_saved_details(self):\n        #MobileFlows.approve_start_app_messages()\n        MobileFlows.mortgage_flow('5000', '8', '3', Save.YES)\n        MobileFlows.mortgage_flow('1000', '5', '2.5', Save.YES)\n        MobileFlows.swipe_screen(Direction.LEFT)\n>       MobileFlows.verify_rate('3.0')\n\ntest_mobile.py:30: \n_ _ _ _ _ _ _ _ _ _ _ _ _ _ _ _ _ _ _ _ _ _ _ _ _ _ _ _ _ _ _ _ _ _ _ _ _ _ _ _ _ _ _ _ _ _ _ _ _ _ _ _ _ _ _ _ _ _ _ _ _ _ _ _ _ _ _ _ _ _ _ _ _ _ _ _ _ _ _ _ _ _ _ _ _ _ _ _ _ _\n..\\workflows\\mobile_flows.py:72: in verify_rate\n    Verifications.verify_equals(actual, expected + '%')\n_ _ _ _ _ _ _ _ _ _ _ _ _ _ _ _ _ _ _ _ _ _ _ _ _ _ _ _ _ _ _ _ _ _ _ _ _ _ _ _ _ _ _ _ _ _ _ _ _ _ _ _ _ _ _ _ _ _ _ _ _ _ _ _ _ _ _ _ _ _ _ _ _ _ _ _ _ _ _ _ _ _ _ _ _ _ _ _ _ _\n\nactual = '10.0%', expected = '3.0%'\n\n    @staticmethod\n    @allure.step(\"Verify element is equal to expected\")\n    def verify_equals(actual, expected):\n>       assert actual == expected, f'Verify Equals Failed, Actual: {str(actual)} is not equal to Expected: {str(expected)}'\nE       AssertionError: Verify Equals Failed, Actual: 10.0% is not equal to Expected: 3.0%\n\n..\\extensions\\verifications.py:12: AssertionError"}, "description": "This test verify saved transaction", "steps": [{"name": "Fill in mortgage details flow", "status": "passed", "steps": [{"name": "Updating text", "status": "passed", "parameters": [{"name": "elem", "value": "<selenium.webdriver.support.event_firing_webdriver.EventFiringWebElement object at 0x0000027F859CB0D0>"}, {"name": "value", "value": "'5000'"}], "start": 1694364108207, "stop": 1694364108986}, {"name": "Updating text", "status": "passed", "parameters": [{"name": "elem", "value": "<selenium.webdriver.support.event_firing_webdriver.EventFiringWebElement object at 0x0000027F85611E10>"}, {"name": "value", "value": "'8'"}], "start": 1694364109077, "stop": 1694364109858}, {"name": "Updating text", "status": "passed", "parameters": [{"name": "elem", "value": "<selenium.webdriver.support.event_firing_webdriver.EventFiringWebElement object at 0x0000027F859F1750>"}, {"name": "value", "value": "'3'"}], "start": 1694364109960, "stop": 1694364110726}, {"name": "Click on element", "status": "passed", "parameters": [{"name": "elem", "value": "<selenium.webdriver.support.event_firing_webdriver.EventFiringWebElement object at 0x0000027F859F2390>"}], "start": 1694364110817, "stop": 1694364112705}, {"name": "Click on element", "status": "passed", "parameters": [{"name": "elem", "value": "<selenium.webdriver.support.event_firing_webdriver.EventFiringWebElement object at 0x0000027F859F2510>"}], "start": 1694364113366, "stop": 1694364115178}], "parameters": [{"name": "amount", "value": "'5000'"}, {"name": "term", "value": "'8'"}, {"name": "rate", "value": "'3'"}, {"name": "save", "value": "True"}], "start": 1694364108045, "stop": 1694364115178}, {"name": "Fill in mortgage details flow", "status": "passed", "steps": [{"name": "Updating text", "status": "passed", "parameters": [{"name": "elem", "value": "<selenium.webdriver.support.event_firing_webdriver.EventFiringWebElement object at 0x0000027F859F2E10>"}, {"name": "value", "value": "'1000'"}], "start": 1694364115322, "stop": 1694364116485}, {"name": "Updating text", "status": "passed", "parameters": [{"name": "elem", "value": "<selenium.webdriver.support.event_firing_webdriver.EventFiringWebElement object at 0x0000027F8563AF10>"}, {"name": "value", "value": "'5'"}], "start": 1694364116585, "stop": 1694364117403}, {"name": "Updating text", "status": "passed", "parameters": [{"name": "elem", "value": "<selenium.webdriver.support.event_firing_webdriver.EventFiringWebElement object at 0x0000027F859F2990>"}, {"name": "value", "value": "'2.5'"}], "start": 1694364117491, "stop": 1694364118276}, {"name": "Click on element", "status": "passed", "parameters": [{"name": "elem", "value": "<selenium.webdriver.support.event_firing_webdriver.EventFiringWebElement object at 0x0000027F85A04510>"}], "start": 1694364118368, "stop": 1694364120415}, {"name": "Click on element", "status": "passed", "parameters": [{"name": "elem", "value": "<selenium.webdriver.support.event_firing_webdriver.EventFiringWebElement object at 0x0000027F85A05090>"}], "start": 1694364121228, "stop": 1694364123264}], "parameters": [{"name": "amount", "value": "'1000'"}, {"name": "term", "value": "'5'"}, {"name": "rate", "value": "'2.5'"}, {"name": "save", "value": "True"}], "start": 1694364115178, "stop": 1694364123264}, {"name": "Swipe the page", "status": "passed", "steps": [{"name": "Swipe screen", "status": "passed", "parameters": [{"name": "start_x", "value": "972.0"}, {"name": "start_y", "value": "1320.0"}, {"name": "end_x", "value": "108.0"}, {"name": "end_y", "value": "1320.0"}, {"name": "duration", "value": "200"}], "start": 1694364123266, "stop": 1694364124178}], "parameters": [{"name": "direction", "value": "'left'"}], "start": 1694364123266, "stop": 1694364124178}, {"name": "Verify rate in saved transactions", "status": "failed", "statusDetails": {"message": "AssertionError: Verify Equals Failed, Actual: 10.0% is not equal to Expected: 3.0%\n", "trace": "  File \"C:\\Python311\\Lib\\site-packages\\allure_commons\\_allure.py\", line 192, in impl\n    return func(*a, **kw)\n           ^^^^^^^^^^^^^^\n  File \"C:\\Users\\BarKadosh-Cello\\PycharmProjects\\test_automation_final_project\\workflows\\mobile_flows.py\", line 72, in verify_rate\n    Verifications.verify_equals(actual, expected + '%')\n  File \"C:\\Python311\\Lib\\site-packages\\allure_commons\\_allure.py\", line 192, in impl\n    return func(*a, **kw)\n           ^^^^^^^^^^^^^^\n  File \"C:\\Users\\BarKadosh-Cello\\PycharmProjects\\test_automation_final_project\\extensions\\verifications.py\", line 12, in verify_equals\n    assert actual == expected, f'Verify Equals Failed, Actual: {str(actual)} is not equal to Expected: {str(expected)}'\n           ^^^^^^^^^^^^^^^^^^\n"}, "steps": [{"name": "Verify element is equal to expected", "status": "failed", "statusDetails": {"message": "AssertionError: Verify Equals Failed, Actual: 10.0% is not equal to Expected: 3.0%\n", "trace": "  File \"C:\\Python311\\Lib\\site-packages\\allure_commons\\_allure.py\", line 192, in impl\n    return func(*a, **kw)\n           ^^^^^^^^^^^^^^\n  File \"C:\\Users\\BarKadosh-Cello\\PycharmProjects\\test_automation_final_project\\extensions\\verifications.py\", line 12, in verify_equals\n    assert actual == expected, f'Verify Equals Failed, Actual: {str(actual)} is not equal to Expected: {str(expected)}'\n           ^^^^^^^^^^^^^^^^^^\n"}, "parameters": [{"name": "actual", "value": "'10.0%'"}, {"name": "expected", "value": "'3.0%'"}], "start": 1694364125341, "stop": 1694364125341}], "parameters": [{"name": "expected", "value": "'3.0'"}], "start": 1694364124178, "stop": 1694364125342}], "attachments": [{"source": "e8154b1d-825e-4d73-9462-ec361325ced2-attachment.png", "type": "image/png"}], "start": 1694364108045, "stop": 1694364125343, "uuid": "c8e64e33-a4d1-457b-8692-6c6c945992eb", "historyId": "27ce321eaafa89a68c0417e75ba77464", "testCaseId": "915fdbe2d1c971e26a94dbd7c3cf50c9", "fullName": "test_cases.test_mobile.TestMobile#test_verify_saved_details", "labels": [{"name": "tag", "value": "sanity"}, {"name": "tag", "value": "@pytest.mark.usefixtures('init_mobile_driver')"}, {"name": "parentSuite", "value": "test_cases"}, {"name": "suite", "value": "test_mobile"}, {"name": "subSuite", "value": "TestMobile"}, {"name": "host", "value": "LP-BARK-51XN8S3"}, {"name": "thread", "value": "24968-MainThread"}, {"name": "framework", "value": "pytest"}, {"name": "language", "value": "cpython3"}, {"name": "package", "value": "test_cases.test_mobile"}]}