{"name": "TC04: Filter the users list", "status": "failed", "statusDetails": {"message": "AssertionError: Number of elements in list: 2 does not match Expected: 8", "trace": "self = <test_cases.test_web.TestWeb object at 0x00000238C95BA9D0>, search_value = 'gmail', expected_users = '8'\n\n    @allure.title(\"TC04: Filter the users list\")\n    @allure.description(\"This test filters the users list and check that the correct number of users are displayed\")\n    @pytest.mark.parametrize('search_value, expected_users', web_flows.testdata)\n    def test_search_filter(self, search_value, expected_users):\n        WebFlows.open_users_page()\n        WebFlows.search_user(search_value)\n>       WebFlows.verify_number_of_users(int(expected_users))\n\ntest_web.py:42: \n_ _ _ _ _ _ _ _ _ _ _ _ _ _ _ _ _ _ _ _ _ _ _ _ _ _ _ _ _ _ _ _ _ _ _ _ _ _ _ _ _ _ _ _ _ _ _ _ _ _ _ _ _ _ _ _ _ _ _ _ _ _ _ _ _ _ _ _ _ _ _ _ _ _ _ _ _ _ _ _ _ _ _ _ _ _ _ _ _ _ _ _\n..\\workflows\\web_flows.py:74: in verify_number_of_users\n    Verifications.verify_number_of_elements(page.web_server_admin.get_users_list(), number)\n_ _ _ _ _ _ _ _ _ _ _ _ _ _ _ _ _ _ _ _ _ _ _ _ _ _ _ _ _ _ _ _ _ _ _ _ _ _ _ _ _ _ _ _ _ _ _ _ _ _ _ _ _ _ _ _ _ _ _ _ _ _ _ _ _ _ _ _ _ _ _ _ _ _ _ _ _ _ _ _ _ _ _ _ _ _ _ _ _ _ _ _\n\nelems = [<selenium.webdriver.support.event_firing_webdriver.EventFiringWebElement object at 0x00000238C99B8B50>, <selenium.webdriver.support.event_firing_webdriver.EventFiringWebElement object at 0x00000238C998E3D0>]\nsize = 8\n\n    @staticmethod\n    @allure.step(\"Verify number of elements in list\")\n    def verify_number_of_elements(elems, size):\n>       assert len(elems) == size, f'Number of elements in list: {str(len(elems))} does not match Expected: {str(size)}'\nE       AssertionError: Number of elements in list: 2 does not match Expected: 8\n\n..\\extensions\\verifications.py:42: AssertionError"}, "description": "This test filters the users list and check that the correct number of users are displayed", "steps": [{"name": "Go to users page flow", "status": "passed", "steps": [{"name": "Mouse hover to elements", "status": "passed", "parameters": [{"name": "elem1", "value": "<selenium.webdriver.support.event_firing_webdriver.EventFiringWebElement object at 0x00000238C99B80D0>"}, {"name": "elem2", "value": "<selenium.webdriver.support.event_firing_webdriver.EventFiringWebElement object at 0x00000238C99BA290>"}], "start": 1674601314954, "stop": 1674601315607}], "start": 1674601314930, "stop": 1674601315607}, {"name": "Search users in users table flow", "status": "passed", "steps": [{"name": "Clear text field in elements", "status": "passed", "parameters": [{"name": "elem", "value": "<selenium.webdriver.support.event_firing_webdriver.EventFiringWebElement object at 0x00000238C9587AD0>"}], "start": 1674601315655, "stop": 1674601315713}, {"name": "Updating text", "status": "passed", "parameters": [{"name": "elem", "value": "<selenium.webdriver.support.event_firing_webdriver.EventFiringWebElement object at 0x00000238C99B9E50>"}, {"name": "value", "value": "'gmail'"}], "start": 1674601315719, "stop": 1674601315803}], "parameters": [{"name": "search_value", "value": "'gmail'"}], "start": 1674601315607, "stop": 1674601315803}, {"name": "Verify numbers of users in users table flow", "status": "failed", "statusDetails": {"message": "AssertionError: Number of elements in list: 2 does not match Expected: 8\n", "trace": "  File \"C:\\Users\\barka\\AppData\\Roaming\\Python\\Python311\\site-packages\\allure_commons\\_allure.py\", line 192, in impl\n    return func(*a, **kw)\n           ^^^^^^^^^^^^^^\n  File \"C:\\Automation\\Final_Proj_Aut_Py\\workflows\\web_flows.py\", line 74, in verify_number_of_users\n    Verifications.verify_number_of_elements(page.web_server_admin.get_users_list(), number)\n  File \"C:\\Users\\barka\\AppData\\Roaming\\Python\\Python311\\site-packages\\allure_commons\\_allure.py\", line 192, in impl\n    return func(*a, **kw)\n           ^^^^^^^^^^^^^^\n  File \"C:\\Automation\\Final_Proj_Aut_Py\\extensions\\verifications.py\", line 42, in verify_number_of_elements\n    assert len(elems) == size, f'Number of elements in list: {str(len(elems))} does not match Expected: {str(size)}'\n"}, "steps": [{"name": "Verify number of elements in list", "status": "failed", "statusDetails": {"message": "AssertionError: Number of elements in list: 2 does not match Expected: 8\n", "trace": "  File \"C:\\Users\\barka\\AppData\\Roaming\\Python\\Python311\\site-packages\\allure_commons\\_allure.py\", line 192, in impl\n    return func(*a, **kw)\n           ^^^^^^^^^^^^^^\n  File \"C:\\Automation\\Final_Proj_Aut_Py\\extensions\\verifications.py\", line 42, in verify_number_of_elements\n    assert len(elems) == size, f'Number of elements in list: {str(len(elems))} does not match Expected: {str(size)}'\n"}, "parameters": [{"name": "elems", "value": "[<selenium.webdriver.support.event_firing_webdriver.EventFiringWebElement object at 0x00000238C99B8B50>, <selenium.webdriver.support.event_firing_webdriver.EventFiringWebElement object at 0x00000238C998E3D0>]"}, {"name": "size", "value": "8"}], "start": 1674601316403, "stop": 1674601316403}], "parameters": [{"name": "number", "value": "8"}], "start": 1674601315803, "stop": 1674601316403}], "attachments": [{"source": "ef85d265-660a-4b6f-8f15-e1d5dc596597-attachment.png", "type": "image/png"}, {"name": "stdout", "source": "8b7a41c0-4530-4b78-a510-db1a5522018a-attachment.txt", "type": "text/plain"}], "parameters": [{"name": "search_value", "value": "'gmail'"}, {"name": "expected_users", "value": "'8'"}], "start": 1674601314930, "stop": 1674601316403, "uuid": "fcee1c94-174f-46b9-a5ab-abaa8a6c3cbe", "historyId": "e58e97be30e7db276acdf0d6545e7bf0", "testCaseId": "62e16884461abdedf205c6efa53fc928", "fullName": "test_cases.test_web.TestWeb#test_search_filter", "labels": [{"name": "tag", "value": "@pytest.mark.usefixtures('init_web_driver')"}, {"name": "parentSuite", "value": "test_cases"}, {"name": "suite", "value": "test_web"}, {"name": "subSuite", "value": "TestWeb"}, {"name": "host", "value": "BarLaptop"}, {"name": "thread", "value": "14136-MainThread"}, {"name": "framework", "value": "pytest"}, {"name": "language", "value": "cpython3"}, {"name": "package", "value": "test_cases.test_web"}]}