{"name": "TC03: History list", "status": "failed", "statusDetails": {"message": "AssertionError: Verify Equals Failed, Actual: 3 + 9= 12 is not equal to Expected: 3 + 9= 11", "trace": "self = <test_cases.test_desktop.TestDesktopApp object at 0x000001629BAD7110>\n\n    @allure.title(\"TC03: History list\")\n    @allure.description(\"Validate equations appears in history list and the last equation appears on top of the list\")\n    def test_history_validation(self):\n        equation = '1+7'\n        DesktopFlows.calculate_flow(equation)\n        DesktopFlows.clear_flow()\n        #print(DesktopFlows.get_history_value().text)\n        Verifications.verify_equals(DesktopFlows.get_history_value().text,'1 + 7= 8')\n        equation = '3+9'\n        DesktopFlows.calculate_flow(equation)\n        DesktopFlows.clear_flow()\n>       Verifications.verify_equals(DesktopFlows.get_history_value().text, '3 + 9= 11')\n\ntest_desktop.py:54: \n_ _ _ _ _ _ _ _ _ _ _ _ _ _ _ _ _ _ _ _ _ _ _ _ _ _ _ _ _ _ _ _ _ _ _ _ _ _ _ _ _ _ _ _ _ _ _ _ _ _ _ _ _ _ _ _ _ _ _ _ _ _ _ _ _ _ _ _ _ _ _ _ _ _ _ _ _ _ _ _ _ _ _ _ _ _ _ _ _ _ _ _ _ _ _ _ _ _ _ _ _ _ _ _ _ _ _ _ _ _ _ _ _ _\n\nactual = '3 + 9= 12', expected = '3 + 9= 11'\n\n    @staticmethod\n    @allure.step(\"Verify list of actual elements is equal to expected elements\")\n    def verify_equals(actual, expected):\n>       assert actual == expected, f'Verify Equals Failed, Actual: {str(actual)} is not equal to Expected: {str(expected)}'\nE       AssertionError: Verify Equals Failed, Actual: 3 + 9= 12 is not equal to Expected: 3 + 9= 11\n\n..\\extensions\\verifications.py:12: AssertionError"}, "description": "Validate equations appears in history list and the last equation appears on top of the list", "steps": [{"name": "Calculate equation", "status": "passed", "steps": [{"name": "Click on element", "status": "passed", "parameters": [{"name": "elem", "value": "<selenium.webdriver.support.event_firing_webdriver.EventFiringWebElement object at 0x000001629BAAB1D0>"}], "start": 1708545955328, "stop": 1708545955752}, {"name": "Click on element", "status": "passed", "parameters": [{"name": "elem", "value": "<selenium.webdriver.support.event_firing_webdriver.EventFiringWebElement object at 0x000001629BAD1C10>"}], "start": 1708545955841, "stop": 1708545956252}, {"name": "Click on element", "status": "passed", "parameters": [{"name": "elem", "value": "<selenium.webdriver.support.event_firing_webdriver.EventFiringWebElement object at 0x000001629BAD2110>"}], "start": 1708545956353, "stop": 1708545956766}, {"name": "Click on element", "status": "passed", "parameters": [{"name": "elem", "value": "<selenium.webdriver.support.event_firing_webdriver.EventFiringWebElement object at 0x000001629BAD3990>"}], "start": 1708545956856, "stop": 1708545957269}], "parameters": [{"name": "equation", "value": "'1+7'"}], "start": 1708545955235, "stop": 1708545957269}, {"name": "Clear calculator result", "status": "passed", "steps": [{"name": "Click on element", "status": "passed", "parameters": [{"name": "elem", "value": "<selenium.webdriver.support.event_firing_webdriver.EventFiringWebElement object at 0x000001629BAD3F90>"}], "start": 1708545957361, "stop": 1708545957771}], "start": 1708545957269, "stop": 1708545957771}, {"name": "Get history list web element", "status": "passed", "start": 1708545957772, "stop": 1708545958036}, {"name": "Verify list of actual elements is equal to expected elements", "status": "passed", "parameters": [{"name": "actual", "value": "'1 + 7= 8'"}, {"name": "expected", "value": "'1 + 7= 8'"}], "start": 1708545958080, "stop": 1708545958080}, {"name": "Calculate equation", "status": "passed", "steps": [{"name": "Click on element", "status": "passed", "parameters": [{"name": "elem", "value": "<selenium.webdriver.support.event_firing_webdriver.EventFiringWebElement object at 0x000001629BAF9410>"}], "start": 1708545958173, "stop": 1708545958594}, {"name": "Click on element", "status": "passed", "parameters": [{"name": "elem", "value": "<selenium.webdriver.support.event_firing_webdriver.EventFiringWebElement object at 0x000001629BAF9350>"}], "start": 1708545958682, "stop": 1708545959110}, {"name": "Click on element", "status": "passed", "parameters": [{"name": "elem", "value": "<selenium.webdriver.support.event_firing_webdriver.EventFiringWebElement object at 0x000001629BAFA2D0>"}], "start": 1708545959207, "stop": 1708545959625}, {"name": "Click on element", "status": "passed", "parameters": [{"name": "elem", "value": "<selenium.webdriver.support.event_firing_webdriver.EventFiringWebElement object at 0x000001629BAFA890>"}], "start": 1708545959717, "stop": 1708545960144}], "parameters": [{"name": "equation", "value": "'3+9'"}], "start": 1708545958080, "stop": 1708545960144}, {"name": "Clear calculator result", "status": "passed", "steps": [{"name": "Click on element", "status": "passed", "parameters": [{"name": "elem", "value": "<selenium.webdriver.support.event_firing_webdriver.EventFiringWebElement object at 0x000001629BAF8390>"}], "start": 1708545960228, "stop": 1708545960633}], "start": 1708545960144, "stop": 1708545960633}, {"name": "Get history list web element", "status": "passed", "start": 1708545960633, "stop": 1708545960904}, {"name": "Verify list of actual elements is equal to expected elements", "status": "failed", "statusDetails": {"message": "AssertionError: Verify Equals Failed, Actual: 3 + 9= 12 is not equal to Expected: 3 + 9= 11\n", "trace": "  File \"C:\\Automation\\test_automation_final_project\\venv\\Lib\\site-packages\\allure_commons\\_allure.py\", line 192, in impl\n    return func(*a, **kw)\n           ^^^^^^^^^^^^^^\n  File \"C:\\Automation\\test_automation_final_project\\extensions\\verifications.py\", line 12, in verify_equals\n    assert actual == expected, f'Verify Equals Failed, Actual: {str(actual)} is not equal to Expected: {str(expected)}'\n           ^^^^^^^^^^^^^^^^^^\n"}, "parameters": [{"name": "actual", "value": "'3 + 9= 12'"}, {"name": "expected", "value": "'3 + 9= 11'"}], "start": 1708545960947, "stop": 1708545960947}], "attachments": [{"source": "1fb9db5e-fe98-4e7f-becf-64bea1dc0afd-attachment.png", "type": "image/png"}], "start": 1708545955235, "stop": 1708545960948, "uuid": "a790c518-2f0f-474c-b9ef-934779a698da", "historyId": "8c46415401cfe40cde4a2965f4fa53d9", "testCaseId": "8c46415401cfe40cde4a2965f4fa53d9", "fullName": "test_cases.test_desktop.TestDesktopApp#test_history_validation", "labels": [{"name": "tag", "value": "@pytest.mark.usefixtures('init_desktop_driver')"}, {"name": "parentSuite", "value": "test_cases"}, {"name": "suite", "value": "test_desktop"}, {"name": "subSuite", "value": "TestDesktopApp"}, {"name": "host", "value": "DESKTOP-TNCSURL"}, {"name": "thread", "value": "1292-MainThread"}, {"name": "framework", "value": "pytest"}, {"name": "language", "value": "cpython3"}, {"name": "package", "value": "test_cases.test_desktop"}]}