{"name": "TC01: Verify mortgage repayment", "status": "failed", "statusDetails": {"message": "AssertionError: Verify Equals Failed, Actual: £17.94 is not equal to Expected: £20.99", "trace": "self = <test_cases.test_mobile.TestMobile object at 0x0000020F8599CA50>\n\n    @allure.title(\"TC01: Verify mortgage repayment\")\n    @allure.description(\"This test verify the mortgage repayment\")\n    @pytest.mark.sanity\n    def test_verify_mortgage_repayment(self):       # This test will fail\n        MobileFlows.mortgage_flow('1000', '5', '2.5', Save.NO)\n>       MobileFlows.verify_mortgage_repayment('20.99')\n\ntest_cases\\test_mobile.py:15: \n_ _ _ _ _ _ _ _ _ _ _ _ _ _ _ _ _ _ _ _ _ _ _ _ _ _ _ _ _ _ _ _ _ _ _ _ _ _ _ _\nworkflows\\mobile_flows.py:28: in verify_mortgage_repayment\n    Verifications.verify_equals(actual, '£' + expected)\n_ _ _ _ _ _ _ _ _ _ _ _ _ _ _ _ _ _ _ _ _ _ _ _ _ _ _ _ _ _ _ _ _ _ _ _ _ _ _ _\n\nactual = '£17.94', expected = '£20.99'\n\n    @staticmethod\n    @allure.step(\"Verify element is equal to expected\")\n    def verify_equals(actual, expected):\n>       assert actual == expected, f'Verify Equals Failed, Actual: {str(actual)} is not equal to Expected: {str(expected)}'\nE       AssertionError: Verify Equals Failed, Actual: £17.94 is not equal to Expected: £20.99\n\nextensions\\verifications.py:11: AssertionError"}, "description": "This test verify the mortgage repayment", "steps": [{"name": "Fill in mortgage details flow", "status": "passed", "steps": [{"name": "Updating text", "status": "passed", "parameters": [{"name": "elem", "value": "<selenium.webdriver.support.event_firing_webdriver.EventFiringWebElement object at 0x0000020F859B0ED0>"}, {"name": "value", "value": "'1000'"}], "start": 1682796700911, "stop": 1682796701800}, {"name": "Updating text", "status": "passed", "parameters": [{"name": "elem", "value": "<selenium.webdriver.support.event_firing_webdriver.EventFiringWebElement object at 0x0000020F859B1350>"}, {"name": "value", "value": "'5'"}], "start": 1682796701988, "stop": 1682796702937}, {"name": "Updating text", "status": "passed", "parameters": [{"name": "elem", "value": "<selenium.webdriver.support.event_firing_webdriver.EventFiringWebElement object at 0x0000020F859B1350>"}, {"name": "value", "value": "'2.5'"}], "start": 1682796703131, "stop": 1682796704069}, {"name": "Click on element", "status": "passed", "parameters": [{"name": "elem", "value": "<selenium.webdriver.support.event_firing_webdriver.EventFiringWebElement object at 0x0000020F84628A10>"}], "start": 1682796704277, "stop": 1682796706245}], "parameters": [{"name": "amount", "value": "'1000'"}, {"name": "term", "value": "'5'"}, {"name": "rate", "value": "'2.5'"}, {"name": "save", "value": "False"}], "start": 1682796700609, "stop": 1682796706805}, {"name": "Fill in mortgage details flow", "status": "failed", "statusDetails": {"message": "AssertionError: Verify Equals Failed, Actual: £17.94 is not equal to Expected: £20.99\n", "trace": "  File \"C:\\Users\\barka\\AppData\\Roaming\\Python\\Python311\\site-packages\\allure_commons\\_allure.py\", line 192, in impl\n    return func(*a, **kw)\n           ^^^^^^^^^^^^^^\n  File \"C:\\Automation\\Final_Proj_Aut_Py\\workflows\\mobile_flows.py\", line 28, in verify_mortgage_repayment\n    Verifications.verify_equals(actual, '£' + expected)\n  File \"C:\\Users\\barka\\AppData\\Roaming\\Python\\Python311\\site-packages\\allure_commons\\_allure.py\", line 192, in impl\n    return func(*a, **kw)\n           ^^^^^^^^^^^^^^\n  File \"C:\\Automation\\Final_Proj_Aut_Py\\extensions\\verifications.py\", line 11, in verify_equals\n    assert actual == expected, f'Verify Equals Failed, Actual: {str(actual)} is not equal to Expected: {str(expected)}'\n"}, "steps": [{"name": "Verify element is equal to expected", "status": "failed", "statusDetails": {"message": "AssertionError: Verify Equals Failed, Actual: £17.94 is not equal to Expected: £20.99\n", "trace": "  File \"C:\\Users\\barka\\AppData\\Roaming\\Python\\Python311\\site-packages\\allure_commons\\_allure.py\", line 192, in impl\n    return func(*a, **kw)\n           ^^^^^^^^^^^^^^\n  File \"C:\\Automation\\Final_Proj_Aut_Py\\extensions\\verifications.py\", line 11, in verify_equals\n    assert actual == expected, f'Verify Equals Failed, Actual: {str(actual)} is not equal to Expected: {str(expected)}'\n"}, "parameters": [{"name": "actual", "value": "'£17.94'"}, {"name": "expected", "value": "'£20.99'"}], "start": 1682796707033, "stop": 1682796707033}], "parameters": [{"name": "expected", "value": "'20.99'"}], "start": 1682796706805, "stop": 1682796707035}], "attachments": [{"source": "37a6a2c3-443a-46f5-b897-25d67a136809-attachment.png", "type": "image/png"}], "start": 1682796700608, "stop": 1682796707045, "uuid": "2db46b6a-daba-4dd8-a7c2-e57375ad2f2b", "historyId": "a30192239a60ec8a82383610771cebd1", "testCaseId": "97a7bf2948ce48bcb5e15b7af9ec3ce8", "fullName": "test_cases.test_mobile.TestMobile#test_verify_mortgage_repayment", "labels": [{"name": "tag", "value": "sanity"}, {"name": "tag", "value": "@pytest.mark.usefixtures('init_mobile_driver')"}, {"name": "parentSuite", "value": "test_cases"}, {"name": "suite", "value": "test_mobile"}, {"name": "subSuite", "value": "TestMobile"}, {"name": "host", "value": "BarLaptop"}, {"name": "thread", "value": "13876-MainThread"}, {"name": "framework", "value": "pytest"}, {"name": "language", "value": "cpython3"}, {"name": "package", "value": "test_cases.test_mobile"}]}