{"name": "TC01: Login to Grafana", "status": "failed", "statusDetails": {"message": "AssertionError: Verify Equals Failed, Actual: Welcome to Grafana is notequal to Expected: testfail", "trace": "self = <test_cases.test_web.TestWeb object at 0x00000264B9634850>\n\n    @allure.title(\"TC01: Login to Grafana\")\n    @allure.description(\"Verify a successful login to Grafana\")\n    @pytest.mark.sanity\n    def test_verify_login(self):\n        WebFlows.login_flow(get_data('Username'), get_data('Password'))\n>       WebFlows.verify_grafana_title(\"testfail\") #Welcome to Grafana\n\ntest_web.py:16: \n_ _ _ _ _ _ _ _ _ _ _ _ _ _ _ _ _ _ _ _ _ _ _ _ _ _ _ _ _ _ _ _ _ _ _ _ _ _ _ _ _ _ _ _ _ _ _ _ _ _ _ _ _ _ _ _ _ _ _ _ _ _ _ _ _ _ _ _ _ _ _ _ _ _ _ _ _ _ _ _ _ _ _ _ _ _ _ _ _ _ _ _\n..\\workflows\\web_flows.py:28: in verify_grafana_title\n    Verifications.verify_equals(actual, expected)\n_ _ _ _ _ _ _ _ _ _ _ _ _ _ _ _ _ _ _ _ _ _ _ _ _ _ _ _ _ _ _ _ _ _ _ _ _ _ _ _ _ _ _ _ _ _ _ _ _ _ _ _ _ _ _ _ _ _ _ _ _ _ _ _ _ _ _ _ _ _ _ _ _ _ _ _ _ _ _ _ _ _ _ _ _ _ _ _ _ _ _ _\n\nactual = 'Welcome to Grafana', expected = 'testfail'\n\n    @staticmethod\n    @allure.step(\"Verify element is equal to expected\")\n    def verify_equals(actual, expected):\n>       assert actual == expected, f'Verify Equals Failed, Actual: {str(actual)} is notequal to Expected: {str(expected)}'\nE       AssertionError: Verify Equals Failed, Actual: Welcome to Grafana is notequal to Expected: testfail\n\n..\\extensions\\verifications.py:11: AssertionError"}, "description": "Verify a successful login to Grafana", "steps": [{"name": "Login to Grafana flow", "status": "passed", "steps": [{"name": "Updating text", "status": "passed", "parameters": [{"name": "elem", "value": "<selenium.webdriver.support.event_firing_webdriver.EventFiringWebElement object at 0x00000264B6CF2A50>"}, {"name": "value", "value": "'admin'"}], "start": 1674630054066, "stop": 1674630054133}, {"name": "Updating text", "status": "passed", "parameters": [{"name": "elem", "value": "<selenium.webdriver.support.event_firing_webdriver.EventFiringWebElement object at 0x00000264B96A49D0>"}, {"name": "value", "value": "'admin'"}], "start": 1674630054142, "stop": 1674630054213}, {"name": "Click on element", "status": "passed", "parameters": [{"name": "elem", "value": "<selenium.webdriver.support.event_firing_webdriver.EventFiringWebElement object at 0x00000264B96A5890>"}], "start": 1674630054223, "stop": 1674630054320}, {"name": "Click on element", "status": "passed", "parameters": [{"name": "elem", "value": "<selenium.webdriver.support.event_firing_webdriver.EventFiringWebElement object at 0x00000264B9637950>"}], "start": 1674630054396, "stop": 1674630055124}], "parameters": [{"name": "user", "value": "'admin'"}, {"name": "password", "value": "'admin'"}], "start": 1674630054049, "stop": 1674630055124}, {"name": "Verify Grafana title flow", "status": "failed", "statusDetails": {"message": "AssertionError: Verify Equals Failed, Actual: Welcome to Grafana is notequal to Expected: testfail\n", "trace": "  File \"C:\\Users\\barka\\AppData\\Roaming\\Python\\Python311\\site-packages\\allure_commons\\_allure.py\", line 192, in impl\n    return func(*a, **kw)\n           ^^^^^^^^^^^^^^\n  File \"C:\\Automation\\Final_Proj_Aut_Py\\workflows\\web_flows.py\", line 28, in verify_grafana_title\n    Verifications.verify_equals(actual, expected)\n  File \"C:\\Users\\barka\\AppData\\Roaming\\Python\\Python311\\site-packages\\allure_commons\\_allure.py\", line 192, in impl\n    return func(*a, **kw)\n           ^^^^^^^^^^^^^^\n  File \"C:\\Automation\\Final_Proj_Aut_Py\\extensions\\verifications.py\", line 11, in verify_equals\n    assert actual == expected, f'Verify Equals Failed, Actual: {str(actual)} is notequal to Expected: {str(expected)}'\n"}, "steps": [{"name": "Verify element is equal to expected", "status": "failed", "statusDetails": {"message": "AssertionError: Verify Equals Failed, Actual: Welcome to Grafana is notequal to Expected: testfail\n", "trace": "  File \"C:\\Users\\barka\\AppData\\Roaming\\Python\\Python311\\site-packages\\allure_commons\\_allure.py\", line 192, in impl\n    return func(*a, **kw)\n           ^^^^^^^^^^^^^^\n  File \"C:\\Automation\\Final_Proj_Aut_Py\\extensions\\verifications.py\", line 11, in verify_equals\n    assert actual == expected, f'Verify Equals Failed, Actual: {str(actual)} is notequal to Expected: {str(expected)}'\n"}, "parameters": [{"name": "actual", "value": "'Welcome to Grafana'"}, {"name": "expected", "value": "'testfail'"}], "start": 1674630055155, "stop": 1674630055155}], "parameters": [{"name": "expected", "value": "'testfail'"}], "start": 1674630055124, "stop": 1674630055156}], "attachments": [{"source": "2725632d-48e1-463c-a585-20027c6854fc-attachment.png", "type": "image/png"}, {"name": "stdout", "source": "b55b9636-ccb5-455b-8226-ee05e411bf50-attachment.txt", "type": "text/plain"}], "start": 1674630054048, "stop": 1674630055158, "uuid": "ee29889a-8ad6-451a-adcf-161ecc092eca", "historyId": "54e61a4397564b26acdf4b5fe208f939", "testCaseId": "4727d0277c9099c0888dae150522b402", "fullName": "test_cases.test_web.TestWeb#test_verify_login", "labels": [{"name": "tag", "value": "sanity"}, {"name": "tag", "value": "@pytest.mark.usefixtures('init_web_driver')"}, {"name": "parentSuite", "value": "test_cases"}, {"name": "suite", "value": "test_web"}, {"name": "subSuite", "value": "TestWeb"}, {"name": "host", "value": "BarLaptop"}, {"name": "thread", "value": "18244-MainThread"}, {"name": "framework", "value": "pytest"}, {"name": "language", "value": "cpython3"}, {"name": "package", "value": "test_cases.test_web"}]}