{"name": "TC06: Verify mortgage calculation", "status": "failed", "statusDetails": {"message": "AssertionError: Verify Equals Failed, Actual: £64.75 is not equal to Expected: 630.0", "trace": "self = <test_cases.test_mobile.TestMobile object at 0x000001AB8BA71410>\n\n    @allure.title(\"TC06: Verify mortgage calculation\")\n    @allure.description(\"this test Verify the mortgage calculation is correct: amount*(1+precetage)/yrs\")\n    @pytest.mark.run_this\n    def test_mortgage_details(self):\n        self.skip_teardown = True\n        MobileFlows.swipe_screen(Direction.RIGHT)\n        MobileFlows.mortgage_flow('6000', '10', '5', Save.NO)\n>       Verifications.verify_equals(page.mobile_calculator.get_repayment().text, str((6000 * (1 + 0.05)) / 10))\n\ntest_mobile.py:83: \n_ _ _ _ _ _ _ _ _ _ _ _ _ _ _ _ _ _ _ _ _ _ _ _ _ _ _ _ _ _ _ _ _ _ _ _ _ _ _ _ _ _ _ _ _ _ _ _ _ _ _ _ _ _ _ _ _ _ _ _ _ _ _ _ _ _ _ _ _ _ _ _ _ _ _ _ _ _ _ _ _ _ _ _ _ _ _ _ _ _\n\nactual = '£64.75', expected = '630.0'\n\n    @staticmethod\n    @allure.step(\"Verify list of actual elements is equal to expected elements\")\n    def verify_equals(actual, expected):\n>       assert actual == expected, f'Verify Equals Failed, Actual: {str(actual)} is not equal to Expected: {str(expected)}'\nE       AssertionError: Verify Equals Failed, Actual: £64.75 is not equal to Expected: 630.0\n\n..\\extensions\\verifications.py:12: AssertionError"}, "description": "this test Verify the mortgage calculation is correct: amount*(1+precetage)/yrs", "steps": [{"name": "Swipe the page", "status": "passed", "steps": [{"name": "Swipe screen", "status": "passed", "parameters": [{"name": "start_x", "value": "108.0"}, {"name": "start_y", "value": "1320.0"}, {"name": "end_x", "value": "972.0"}, {"name": "end_y", "value": "1320.0"}, {"name": "duration", "value": "200"}], "start": 1695128917790, "stop": 1695128918443}], "parameters": [{"name": "direction", "value": "'right'"}], "start": 1695128917777, "stop": 1695128918443}, {"name": "Fill in mortgage details flow", "status": "passed", "steps": [{"name": "Updating text", "status": "passed", "parameters": [{"name": "elem", "value": "<selenium.webdriver.support.event_firing_webdriver.EventFiringWebElement object at 0x000001AB8BDC0ED0>"}, {"name": "value", "value": "'6000'"}], "start": 1695128918639, "stop": 1695128919925}, {"name": "Updating text", "status": "passed", "parameters": [{"name": "elem", "value": "<selenium.webdriver.support.event_firing_webdriver.EventFiringWebElement object at 0x000001AB8BDC2790>"}, {"name": "value", "value": "'10'"}], "start": 1695128920129, "stop": 1695128921256}, {"name": "Updating text", "status": "passed", "parameters": [{"name": "elem", "value": "<selenium.webdriver.support.event_firing_webdriver.EventFiringWebElement object at 0x000001AB8BDC2210>"}, {"name": "value", "value": "'5'"}], "start": 1695128921420, "stop": 1695128922689}, {"name": "Click on element", "status": "passed", "parameters": [{"name": "elem", "value": "<selenium.webdriver.support.event_firing_webdriver.EventFiringWebElement object at 0x000001AB8BDC3850>"}], "start": 1695128922935, "stop": 1695128925192}], "parameters": [{"name": "amount", "value": "'6000'"}, {"name": "term", "value": "'10'"}, {"name": "rate", "value": "'5'"}, {"name": "save", "value": "False"}], "start": 1695128918443, "stop": 1695128925842}, {"name": "Verify list of actual elements is equal to expected elements", "status": "failed", "statusDetails": {"message": "AssertionError: Verify Equals Failed, Actual: £64.75 is not equal to Expected: 630.0\n", "trace": "  File \"C:\\Automation\\Hobiz_Automation\\venv\\Lib\\site-packages\\allure_commons\\_allure.py\", line 192, in impl\n    return func(*a, **kw)\n           ^^^^^^^^^^^^^^\n  File \"C:\\Automation\\Final_Proj_Aut_Py\\extensions\\verifications.py\", line 12, in verify_equals\n    assert actual == expected, f'Verify Equals Failed, Actual: {str(actual)} is not equal to Expected: {str(expected)}'\n"}, "parameters": [{"name": "actual", "value": "'£64.75'"}, {"name": "expected", "value": "'630.0'"}], "start": 1695128926116, "stop": 1695128926116}], "attachments": [{"source": "0f446609-ac96-4828-b6ff-1e51a525207c-attachment.png", "type": "image/png"}], "start": 1695128917777, "stop": 1695128926116, "uuid": "216831dd-3aeb-4aab-84a3-ff0a0a85d442", "historyId": "1be3e43e0bfc1f1de277060f66910b75", "testCaseId": "433ad2f4ab52d90c14bbac36468afa7b", "fullName": "test_cases.test_mobile.TestMobile#test_mortgage_details", "labels": [{"name": "tag", "value": "run_this"}, {"name": "tag", "value": "@pytest.mark.usefixtures('init_mobile_driver')"}, {"name": "parentSuite", "value": "test_cases"}, {"name": "suite", "value": "test_mobile"}, {"name": "subSuite", "value": "TestMobile"}, {"name": "host", "value": "BarLaptop"}, {"name": "thread", "value": "14348-MainThread"}, {"name": "framework", "value": "pytest"}, {"name": "language", "value": "cpython3"}, {"name": "package", "value": "test_cases.test_mobile"}]}