{"name": "TC03: Arithmetic Actions", "status": "failed", "statusDetails": {"message": "AssertionError: Verify Equals Failed, Actual: 0 is not equal to Expected: 8", "trace": "self = <test_cases.test_desktop.TestDesktopApp object at 0x000001E2E801DC90>\n\n    @allure.title(\"TC03: Arithmetic Actions\")\n    @allure.description(\"This test verify the data saved correctly to history\")\n    def test_history_validation(self):\n        DesktopFlows.calculate_flow(\"1+7\")\n        DesktopFlows.clear_flow()\n        DesktopFlows.get_history_flow()\n>       Verifications.verify_equals(DesktopFlows.get_result_flow(), '8')\n\ntest_desktop.py:33: \n_ _ _ _ _ _ _ _ _ _ _ _ _ _ _ _ _ _ _ _ _ _ _ _ _ _ _ _ _ _ _ _ _ _ _ _ _ _ _ _ _ _ _ _ _ _ _ _ _ _ _ _ _ _ _ _ _ _ _ _ _ _ _ _ _ _ _ _ _ _ _ _ _ _ _ _ _ _ _ _ _ _ _ _ _ _ _ _ _ _ _ _ _ _ _ _ _ _ _ _ _ _ _ _ _ _ _ _ _ _ _ _ _ _\n\nactual = '0', expected = '8'\n\n    @staticmethod\n    @allure.step(\"Verify list of actual elements is equal to expected elements\")\n    def verify_equals(actual, expected):\n>       assert actual == expected, f'Verify Equals Failed, Actual: {str(actual)} is not equal to Expected: {str(expected)}'\nE       AssertionError: Verify Equals Failed, Actual: 0 is not equal to Expected: 8\n\n..\\extensions\\verifications.py:12: AssertionError"}, "description": "This test verify the data saved correctly to history", "steps": [{"name": "Calculate equation", "status": "passed", "steps": [{"name": "Click on element", "status": "passed", "parameters": [{"name": "elem", "value": "<selenium.webdriver.support.event_firing_webdriver.EventFiringWebElement object at 0x000001E2E7FEF350>"}], "start": 1708537825237, "stop": 1708537825647}, {"name": "Click on element", "status": "passed", "parameters": [{"name": "elem", "value": "<selenium.webdriver.support.event_firing_webdriver.EventFiringWebElement object at 0x000001E2E80290D0>"}], "start": 1708537825742, "stop": 1708537826151}, {"name": "Click on element", "status": "passed", "parameters": [{"name": "elem", "value": "<selenium.webdriver.support.event_firing_webdriver.EventFiringWebElement object at 0x000001E2E802A910>"}], "start": 1708537826253, "stop": 1708537826652}, {"name": "Click on element", "status": "passed", "parameters": [{"name": "elem", "value": "<selenium.webdriver.support.event_firing_webdriver.EventFiringWebElement object at 0x000001E2E802A110>"}], "start": 1708537826747, "stop": 1708537827154}], "parameters": [{"name": "equation", "value": "'1+7'"}], "start": 1708537825146, "stop": 1708537827155}, {"name": "Clear calculator result", "status": "passed", "steps": [{"name": "Click on element", "status": "passed", "parameters": [{"name": "elem", "value": "<selenium.webdriver.support.event_firing_webdriver.EventFiringWebElement object at 0x000001E2E802B990>"}], "start": 1708537827247, "stop": 1708537827657}], "start": 1708537827155, "stop": 1708537827657}, {"name": "Get history values", "status": "passed", "steps": [{"name": "Click on element", "status": "passed", "parameters": [{"name": "elem", "value": "<selenium.webdriver.support.event_firing_webdriver.EventFiringWebElement object at 0x000001E2E802B2D0>"}], "start": 1708537827914, "stop": 1708537828324}], "start": 1708537827658, "stop": 1708537828324}, {"name": "Get calculator result", "status": "passed", "start": 1708537828324, "stop": 1708537828622}, {"name": "Verify list of actual elements is equal to expected elements", "status": "failed", "statusDetails": {"message": "AssertionError: Verify Equals Failed, Actual: 0 is not equal to Expected: 8\n", "trace": "  File \"C:\\Automation\\test_automation_final_project\\venv\\Lib\\site-packages\\allure_commons\\_allure.py\", line 192, in impl\n    return func(*a, **kw)\n           ^^^^^^^^^^^^^^\n  File \"C:\\Automation\\test_automation_final_project\\extensions\\verifications.py\", line 12, in verify_equals\n    assert actual == expected, f'Verify Equals Failed, Actual: {str(actual)} is not equal to Expected: {str(expected)}'\n           ^^^^^^^^^^^^^^^^^^\n"}, "parameters": [{"name": "actual", "value": "'0'"}, {"name": "expected", "value": "'8'"}], "start": 1708537828622, "stop": 1708537828622}], "attachments": [{"source": "6f896516-f2b7-4005-865d-2b20cdc22930-attachment.png", "type": "image/png"}], "start": 1708537825146, "stop": 1708537828623, "uuid": "0efd8756-7cca-4c32-8155-565e8ada33ea", "historyId": "8c46415401cfe40cde4a2965f4fa53d9", "testCaseId": "8c46415401cfe40cde4a2965f4fa53d9", "fullName": "test_cases.test_desktop.TestDesktopApp#test_history_validation", "labels": [{"name": "tag", "value": "@pytest.mark.usefixtures('init_desktop_driver')"}, {"name": "parentSuite", "value": "test_cases"}, {"name": "suite", "value": "test_desktop"}, {"name": "subSuite", "value": "TestDesktopApp"}, {"name": "host", "value": "DESKTOP-TNCSURL"}, {"name": "thread", "value": "1120-MainThread"}, {"name": "framework", "value": "pytest"}, {"name": "language", "value": "cpython3"}, {"name": "package", "value": "test_cases.test_desktop"}]}