{"uuid": "2bc9a8e1-6010-45a9-abbe-c9e86054b300", "children": ["d307556e-2809-4497-aebf-f2e967d6bad8"], "befores": [{"name": "_xunit_setup_method_fixture_TestMobile", "status": "passed", "start": 1692980576422, "stop": 1692980576422}], "afters": [{"name": "_xunit_setup_method_fixture_TestMobile::0", "status": "broken", "statusDetails": {"message": "selenium.common.exceptions.NoSuchElementException: Message: no such element (An element could not be located on the page using the given search parameters (ID='btnDel')) \n\n", "trace": "  File \"C:\\Automation\\Hobiz_Automation\\venv\\Lib\\site-packages\\allure_commons\\_allure.py\", line 221, in __call__\n    return self._fixture_function(*args, **kwargs)\n           ^^^^^^^^^^^^^^^^^^^^^^^^^^^^^^^^^^^^^^^\n  File \"C:\\Automation\\Hobiz_Automation\\venv\\Lib\\site-packages\\_pytest\\fixtures.py\", line 917, in _teardown_yield_fixture\n    next(it)\n  File \"C:\\Automation\\Hobiz_Automation\\venv\\Lib\\site-packages\\_pytest\\python.py\", line 918, in xunit_setup_method_fixture\n    _call_with_optional_argument(func, method)\n  File \"C:\\Automation\\Hobiz_Automation\\venv\\Lib\\site-packages\\_pytest\\python.py\", line 788, in _call_with_optional_argument\n    func()\n  File \"C:\\Automation\\Final_Proj_Aut_Py\\test_cases\\test_mobile.py\", line 48, in teardown_method\n    MobileFlows.delete_saved_trans()\n  File \"C:\\Automation\\Hobiz_Automation\\venv\\Lib\\site-packages\\allure_commons\\_allure.py\", line 192, in impl\n    return func(*a, **kw)\n           ^^^^^^^^^^^^^^\n  File \"C:\\Automation\\Final_Proj_Aut_Py\\workflows\\mobile_flows.py\", line 70, in delete_saved_trans\n    MobileActions.tap(page.mobile_save.get_delete())\n                      ^^^^^^^^^^^^^^^^^^^^^^^^^^^^^\n  File \"C:\\Automation\\Final_Proj_Aut_Py\\page_objects\\mobile_objects\\saved_page.py\", line 27, in get_delete\n    return self.driver.find_element(delete[0], delete[1])\n           ^^^^^^^^^^^^^^^^^^^^^^^^^^^^^^^^^^^^^^^^^^^^^^\n  File \"C:\\Automation\\Hobiz_Automation\\venv\\Lib\\site-packages\\selenium\\webdriver\\support\\event_firing_webdriver.py\", line 101, in find_element\n    return self._dispatch(\"find\", (by, value, self._driver), \"find_element\", (by, value))\n           ^^^^^^^^^^^^^^^^^^^^^^^^^^^^^^^^^^^^^^^^^^^^^^^^^^^^^^^^^^^^^^^^^^^^^^^^^^^^^^\n  File \"C:\\Automation\\Hobiz_Automation\\venv\\Lib\\site-packages\\selenium\\webdriver\\support\\event_firing_webdriver.py\", line 160, in _dispatch\n    raise e\n  File \"C:\\Automation\\Hobiz_Automation\\venv\\Lib\\site-packages\\selenium\\webdriver\\support\\event_firing_webdriver.py\", line 157, in _dispatch\n    result = getattr(self._driver, d_call)(*d_args)\n             ^^^^^^^^^^^^^^^^^^^^^^^^^^^^^^^^^^^^^^\n  File \"C:\\Automation\\Hobiz_Automation\\venv\\Lib\\site-packages\\appium\\webdriver\\webdriver.py\", line 414, in find_element\n    return self.execute(RemoteCommand.FIND_ELEMENT, {'using': by, 'value': value})['value']\n           ^^^^^^^^^^^^^^^^^^^^^^^^^^^^^^^^^^^^^^^^^^^^^^^^^^^^^^^^^^^^^^^^^^^^^^^\n  File \"C:\\Automation\\Hobiz_Automation\\venv\\Lib\\site-packages\\selenium\\webdriver\\remote\\webdriver.py\", line 321, in execute\n    self.error_handler.check_response(response)\n  File \"C:\\Automation\\Hobiz_Automation\\venv\\Lib\\site-packages\\appium\\webdriver\\errorhandler.py\", line 31, in check_response\n    raise wde\n  File \"C:\\Automation\\Hobiz_Automation\\venv\\Lib\\site-packages\\appium\\webdriver\\errorhandler.py\", line 26, in check_response\n    super().check_response(response)\n  File \"C:\\Automation\\Hobiz_Automation\\venv\\Lib\\site-packages\\selenium\\webdriver\\remote\\errorhandler.py\", line 242, in check_response\n    raise exception_class(message, screen, stacktrace)\n"}, "steps": [{"name": "Delete saved transaction", "status": "broken", "statusDetails": {"message": "selenium.common.exceptions.NoSuchElementException: Message: no such element (An element could not be located on the page using the given search parameters (ID='btnDel')) \n\n", "trace": "  File \"C:\\Automation\\Hobiz_Automation\\venv\\Lib\\site-packages\\allure_commons\\_allure.py\", line 192, in impl\n    return func(*a, **kw)\n           ^^^^^^^^^^^^^^\n  File \"C:\\Automation\\Final_Proj_Aut_Py\\workflows\\mobile_flows.py\", line 70, in delete_saved_trans\n    MobileActions.tap(page.mobile_save.get_delete())\n                      ^^^^^^^^^^^^^^^^^^^^^^^^^^^^^\n  File \"C:\\Automation\\Final_Proj_Aut_Py\\page_objects\\mobile_objects\\saved_page.py\", line 27, in get_delete\n    return self.driver.find_element(delete[0], delete[1])\n           ^^^^^^^^^^^^^^^^^^^^^^^^^^^^^^^^^^^^^^^^^^^^^^\n  File \"C:\\Automation\\Hobiz_Automation\\venv\\Lib\\site-packages\\selenium\\webdriver\\support\\event_firing_webdriver.py\", line 101, in find_element\n    return self._dispatch(\"find\", (by, value, self._driver), \"find_element\", (by, value))\n           ^^^^^^^^^^^^^^^^^^^^^^^^^^^^^^^^^^^^^^^^^^^^^^^^^^^^^^^^^^^^^^^^^^^^^^^^^^^^^^\n  File \"C:\\Automation\\Hobiz_Automation\\venv\\Lib\\site-packages\\selenium\\webdriver\\support\\event_firing_webdriver.py\", line 160, in _dispatch\n    raise e\n  File \"C:\\Automation\\Hobiz_Automation\\venv\\Lib\\site-packages\\selenium\\webdriver\\support\\event_firing_webdriver.py\", line 157, in _dispatch\n    result = getattr(self._driver, d_call)(*d_args)\n             ^^^^^^^^^^^^^^^^^^^^^^^^^^^^^^^^^^^^^^\n  File \"C:\\Automation\\Hobiz_Automation\\venv\\Lib\\site-packages\\appium\\webdriver\\webdriver.py\", line 414, in find_element\n    return self.execute(RemoteCommand.FIND_ELEMENT, {'using': by, 'value': value})['value']\n           ^^^^^^^^^^^^^^^^^^^^^^^^^^^^^^^^^^^^^^^^^^^^^^^^^^^^^^^^^^^^^^^^^^^^^^^\n  File \"C:\\Automation\\Hobiz_Automation\\venv\\Lib\\site-packages\\selenium\\webdriver\\remote\\webdriver.py\", line 321, in execute\n    self.error_handler.check_response(response)\n  File \"C:\\Automation\\Hobiz_Automation\\venv\\Lib\\site-packages\\appium\\webdriver\\errorhandler.py\", line 31, in check_response\n    raise wde\n  File \"C:\\Automation\\Hobiz_Automation\\venv\\Lib\\site-packages\\appium\\webdriver\\errorhandler.py\", line 26, in check_response\n    super().check_response(response)\n  File \"C:\\Automation\\Hobiz_Automation\\venv\\Lib\\site-packages\\selenium\\webdriver\\remote\\errorhandler.py\", line 242, in check_response\n    raise exception_class(message, screen, stacktrace)\n"}, "start": 1692980583811, "stop": 1692980594049}], "start": 1692980582810, "stop": 1692980594059}], "start": 1692980576422, "stop": 1692980594059}