{"name": "TC0: Arithmetic Actions", "status": "failed", "statusDetails": {"message": "AssertionError: Verify Equals Failed, Actual: 25 is not equal to Expected: 5", "trace": "self = <test_cases.test_desktop.TestDesktopApp object at 0x000001D487C7A550>\n\n    @allure.title(\"TC0: Arithmetic Actions\")\n    @allure.description(\"This test does arithmetic actions and verify\")\n    def test_arithmetic_actions(self):\n        DesktopFlows.calculate_flow('2*5+50/2-25')\n>       Verifications.verify_equals(DesktopFlows.get_result_flow(), '5')\n\ntest_cases\\test_desktop.py:21: \n_ _ _ _ _ _ _ _ _ _ _ _ _ _ _ _ _ _ _ _ _ _ _ _ _ _ _ _ _ _ _ _ _ _ _ _ _ _ _ _\n\nactual = '25', expected = '5'\n\n    @staticmethod\n    @allure.step(\"Verify element is equal to expected\")\n    def verify_equals(actual, expected):\n>       assert actual == expected, f'Verify Equals Failed, Actual: {str(actual)} is not equal to Expected: {str(expected)}'\nE       AssertionError: Verify Equals Failed, Actual: 25 is not equal to Expected: 5\n\nextensions\\verifications.py:11: AssertionError"}, "description": "This test does arithmetic actions and verify", "steps": [{"name": "Calculate equation", "status": "passed", "steps": [{"name": "Click on element", "status": "passed", "parameters": [{"name": "elem", "value": "<selenium.webdriver.support.event_firing_webdriver.EventFiringWebElement object at 0x000001D489722490>"}], "start": 1683398545299, "stop": 1683398545792}, {"name": "Click on element", "status": "passed", "parameters": [{"name": "elem", "value": "<selenium.webdriver.support.event_firing_webdriver.EventFiringWebElement object at 0x000001D489721550>"}], "start": 1683398545973, "stop": 1683398546487}, {"name": "Click on element", "status": "passed", "parameters": [{"name": "elem", "value": "<selenium.webdriver.support.event_firing_webdriver.EventFiringWebElement object at 0x000001D489717950>"}], "start": 1683398546697, "stop": 1683398547188}, {"name": "Click on element", "status": "passed", "parameters": [{"name": "elem", "value": "<selenium.webdriver.support.event_firing_webdriver.EventFiringWebElement object at 0x000001D4897167D0>"}], "start": 1683398547378, "stop": 1683398547920}, {"name": "Click on element", "status": "passed", "parameters": [{"name": "elem", "value": "<selenium.webdriver.support.event_firing_webdriver.EventFiringWebElement object at 0x000001D489714750>"}], "start": 1683398548186, "stop": 1683398548717}, {"name": "Click on element", "status": "passed", "parameters": [{"name": "elem", "value": "<selenium.webdriver.support.event_firing_webdriver.EventFiringWebElement object at 0x000001D489674C90>"}], "start": 1683398548915, "stop": 1683398549523}, {"name": "Click on element", "status": "passed", "parameters": [{"name": "elem", "value": "<selenium.webdriver.support.event_firing_webdriver.EventFiringWebElement object at 0x000001D489675C50>"}], "start": 1683398549761, "stop": 1683398550300}, {"name": "Click on element", "status": "passed", "parameters": [{"name": "elem", "value": "<selenium.webdriver.support.event_firing_webdriver.EventFiringWebElement object at 0x000001D489715A50>"}], "start": 1683398550526, "stop": 1683398551025}, {"name": "Click on element", "status": "passed", "parameters": [{"name": "elem", "value": "<selenium.webdriver.support.event_firing_webdriver.EventFiringWebElement object at 0x000001D4896A2AD0>"}], "start": 1683398551237, "stop": 1683398551789}, {"name": "Click on element", "status": "passed", "parameters": [{"name": "elem", "value": "<selenium.webdriver.support.event_firing_webdriver.EventFiringWebElement object at 0x000001D48832E390>"}], "start": 1683398552027, "stop": 1683398552518}, {"name": "Click on element", "status": "passed", "parameters": [{"name": "elem", "value": "<selenium.webdriver.support.event_firing_webdriver.EventFiringWebElement object at 0x000001D4896A2850>"}], "start": 1683398552752, "stop": 1683398553280}, {"name": "Click on element", "status": "passed", "parameters": [{"name": "elem", "value": "<selenium.webdriver.support.event_firing_webdriver.EventFiringWebElement object at 0x000001D48969F310>"}], "start": 1683398553515, "stop": 1683398554109}], "parameters": [{"name": "equation", "value": "'2*5+50/2-25'"}], "start": 1683398545052, "stop": 1683398554109}, {"name": "Get calculator result", "status": "passed", "start": 1683398554109, "stop": 1683398554710}, {"name": "Verify element is equal to expected", "status": "failed", "statusDetails": {"message": "AssertionError: Verify Equals Failed, Actual: 25 is not equal to Expected: 5\n", "trace": "  File \"C:\\Users\\barka\\AppData\\Roaming\\Python\\Python311\\site-packages\\allure_commons\\_allure.py\", line 192, in impl\n    return func(*a, **kw)\n           ^^^^^^^^^^^^^^\n  File \"C:\\Automation\\Final_Proj_Aut_Py\\extensions\\verifications.py\", line 11, in verify_equals\n    assert actual == expected, f'Verify Equals Failed, Actual: {str(actual)} is not equal to Expected: {str(expected)}'\n"}, "parameters": [{"name": "actual", "value": "'25'"}, {"name": "expected", "value": "'5'"}], "start": 1683398554710, "stop": 1683398554710}], "attachments": [{"source": "43175288-2c36-4557-a9f8-1fa9fd47a0da-attachment.png", "type": "image/png"}], "start": 1683398545050, "stop": 1683398554710, "uuid": "0489c774-5723-4928-bf43-d44a2feccc32", "historyId": "4844f0de261870718c508e17c56ebd0f", "testCaseId": "618b958db8553849c097fb33e00adb28", "fullName": "test_cases.test_desktop.TestDesktopApp#test_arithmetic_actions", "labels": [{"name": "tag", "value": "@pytest.mark.usefixtures('init_desktop_driver')"}, {"name": "parentSuite", "value": "test_cases"}, {"name": "suite", "value": "test_desktop"}, {"name": "subSuite", "value": "TestDesktopApp"}, {"name": "host", "value": "BarLaptop"}, {"name": "thread", "value": "1984-MainThread"}, {"name": "framework", "value": "pytest"}, {"name": "language", "value": "cpython3"}, {"name": "package", "value": "test_cases.test_desktop"}]}