{"name": "TC05: Verify transaction date and hour", "status": "failed", "statusDetails": {"message": "AssertionError: Verify Equals Failed, Actual: Mon Sep 18 00:05:31 2023 is not equal to Expected: Mon Sep 18 00:03:50 2023", "trace": "self = <test_cases.test_mobile.TestMobile object at 0x000001BBBD832E10>\n\n    @allure.title(\"TC05: Verify transaction date and hour\")\n    @allure.description(\"this test Verify that transaction saved on the current date and hour\")\n    @pytest.mark.run_this\n    def test_verify_time(self):\n        #MobileFlows.swipe_screen(Direction.RIGHT)\n        MobileFlows.mortgage_flow('1000', '10', '10', Save.YES)\n        MobileFlows.check_current_time()\n        time.sleep(2)\n        MobileFlows.swipe_screen(Direction.LEFT)\n        # 17-09-2023\n        # Sun Sep 17 23:08:43 2023\n        time.sleep(5)\n        MobileFlows.check_trans_time()\n        # Saved on 15-09-2023\n        # Sun Sep 17 23:08:43 0 202\n        # Verify saved on message shows the correct date\n        #Verifications.verify_equals('Saved on ' + MobileFlows.check_current_time()[0], MobileFlows.check_trans_time()[0])\n        # Verify the header full date is correct\n>       Verifications.verify_equals(MobileFlows.check_current_time()[1], MobileFlows.check_trans_time()[1])\n\ntest_mobile.py:70: \n_ _ _ _ _ _ _ _ _ _ _ _ _ _ _ _ _ _ _ _ _ _ _ _ _ _ _ _ _ _ _ _ _ _ _ _ _ _ _ _ _ _ _ _ _ _ _ _ _ _ _ _ _ _ _ _ _ _ _ _ _ _ _ _ _ _ _ _ _ _ _ _ _ _ _ _ _ _ _ _ _ _ _ _ _ _ _ _ _ _\n\nactual = 'Mon Sep 18 00:05:31 2023', expected = 'Mon Sep 18 00:03:50 2023'\n\n    @staticmethod\n    @allure.step(\"Verify list of actual elements is equal to expected elements\")\n    def verify_equals(actual, expected):\n>       assert actual == expected, f'Verify Equals Failed, Actual: {str(actual)} is not equal to Expected: {str(expected)}'\nE       AssertionError: Verify Equals Failed, Actual: Mon Sep 18 00:05:31 2023 is not equal to Expected: Mon Sep 18 00:03:50 2023\n\n..\\extensions\\verifications.py:12: AssertionError"}, "description": "this test Verify that transaction saved on the current date and hour", "steps": [{"name": "Fill in mortgage details flow", "status": "passed", "steps": [{"name": "Updating text", "status": "passed", "parameters": [{"name": "elem", "value": "<selenium.webdriver.support.event_firing_webdriver.EventFiringWebElement object at 0x000001BBBD836C90>"}, {"name": "value", "value": "'1000'"}], "start": 1694984713338, "stop": 1694984714723}, {"name": "Updating text", "status": "passed", "parameters": [{"name": "elem", "value": "<selenium.webdriver.support.event_firing_webdriver.EventFiringWebElement object at 0x000001BBBD837610>"}, {"name": "value", "value": "'10'"}], "start": 1694984714952, "stop": 1694984716036}, {"name": "Updating text", "status": "passed", "parameters": [{"name": "elem", "value": "<selenium.webdriver.support.event_firing_webdriver.EventFiringWebElement object at 0x000001BBBDB84990>"}, {"name": "value", "value": "'10'"}], "start": 1694984716218, "stop": 1694984717203}, {"name": "Click on element", "status": "passed", "parameters": [{"name": "elem", "value": "<selenium.webdriver.support.event_firing_webdriver.EventFiringWebElement object at 0x000001BBBDB849D0>"}], "start": 1694984717377, "stop": 1694984719784}, {"name": "Click on element", "status": "passed", "parameters": [{"name": "elem", "value": "<selenium.webdriver.support.event_firing_webdriver.EventFiringWebElement object at 0x000001BBBDB85A90>"}], "start": 1694984720680, "stop": 1694984722832}], "parameters": [{"name": "amount", "value": "'1000'"}, {"name": "term", "value": "'10'"}, {"name": "rate", "value": "'10'"}, {"name": "save", "value": "True"}], "start": 1694984713084, "stop": 1694984722832}, {"name": "Check current time", "status": "passed", "start": 1694984722832, "stop": 1694984722832}, {"name": "Swipe the page", "status": "passed", "steps": [{"name": "Swipe screen", "status": "passed", "parameters": [{"name": "start_x", "value": "972.0"}, {"name": "start_y", "value": "1320.0"}, {"name": "end_x", "value": "108.0"}, {"name": "end_y", "value": "1320.0"}, {"name": "duration", "value": "200"}], "start": 1694984724839, "stop": 1694984725738}], "parameters": [{"name": "direction", "value": "'left'"}], "start": 1694984724839, "stop": 1694984725738}, {"name": "Check transaction time", "status": "passed", "start": 1694984730741, "stop": 1694984731721}, {"name": "Check current time", "status": "passed", "start": 1694984731721, "stop": 1694984731721}, {"name": "Check transaction time", "status": "passed", "start": 1694984731721, "stop": 1694984732388}, {"name": "Verify list of actual elements is equal to expected elements", "status": "failed", "statusDetails": {"message": "AssertionError: Verify Equals Failed, Actual: Mon Sep 18 00:05:31 2023 is not equal to Expected: Mon Sep 18 00:03:50 2023\n", "trace": "  File \"C:\\Automation\\Hobiz_Automation\\venv\\Lib\\site-packages\\allure_commons\\_allure.py\", line 192, in impl\n    return func(*a, **kw)\n           ^^^^^^^^^^^^^^\n  File \"C:\\Automation\\Final_Proj_Aut_Py\\extensions\\verifications.py\", line 12, in verify_equals\n    assert actual == expected, f'Verify Equals Failed, Actual: {str(actual)} is not equal to Expected: {str(expected)}'\n"}, "parameters": [{"name": "actual", "value": "'Mon Sep 18 00:05:31 2023'"}, {"name": "expected", "value": "'Mon Sep 18 00:03:50 2023'"}], "start": 1694984732388, "stop": 1694984732388}], "attachments": [{"source": "48aed9eb-0cf0-4296-96b5-6c109b0d5326-attachment.png", "type": "image/png"}], "start": 1694984713084, "stop": 1694984732388, "uuid": "52214e8d-6e27-422b-81bd-11dceaa6d8af", "historyId": "8615f8405e1d54a504832959380c2767", "testCaseId": "e72a2e047cc131c9174f98f332043a9b", "fullName": "test_cases.test_mobile.TestMobile#test_verify_time", "labels": [{"name": "tag", "value": "run_this"}, {"name": "tag", "value": "@pytest.mark.usefixtures('init_mobile_driver')"}, {"name": "parentSuite", "value": "test_cases"}, {"name": "suite", "value": "test_mobile"}, {"name": "subSuite", "value": "TestMobile"}, {"name": "host", "value": "BarLaptop"}, {"name": "thread", "value": "10980-MainThread"}, {"name": "framework", "value": "pytest"}, {"name": "language", "value": "cpython3"}, {"name": "package", "value": "test_cases.test_mobile"}]}