{"name": "TC03: Arithmetic Actions", "status": "failed", "statusDetails": {"message": "AssertionError: Verify Equals Failed, Actual: 7 is not equal to Expected: 8", "trace": "self = <test_cases.test_desktop.TestDesktopApp object at 0x000002E2B6496610>\n\n    @allure.title(\"TC03: Arithmetic Actions\")\n    @allure.description(\"This test verify the data saved correctly to history\")\n    def test_history_validation(self):\n        DesktopFlows.calculate_flow(\"1+7\")\n        DesktopFlows.clear_flow()\n        DesktopFlows.get_history_flow()\n>       Verifications.verify_equals(DesktopFlows.get_result_flow(), '8')\n\ntest_desktop.py:33: \n_ _ _ _ _ _ _ _ _ _ _ _ _ _ _ _ _ _ _ _ _ _ _ _ _ _ _ _ _ _ _ _ _ _ _ _ _ _ _ _ _ _ _ _ _ _ _ _ _ _ _ _ _ _ _ _ _ _ _ _ _ _ _ _ _ _ _ _ _ _ _ _ _ _ _ _ _ _ _ _ _ _ _ _ _ _ _ _ _ _ _ _ _ _ _ _ _ _ _ _ _ _ _ _ _ _ _ _ _ _ _ _ _ _\n\nactual = '7', expected = '8'\n\n    @staticmethod\n    @allure.step(\"Verify list of actual elements is equal to expected elements\")\n    def verify_equals(actual, expected):\n>       assert actual == expected, f'Verify Equals Failed, Actual: {str(actual)} is not equal to Expected: {str(expected)}'\nE       AssertionError: Verify Equals Failed, Actual: 7 is not equal to Expected: 8\n\n..\\extensions\\verifications.py:12: AssertionError"}, "description": "This test verify the data saved correctly to history", "steps": [{"name": "Calculate equation", "status": "passed", "steps": [{"name": "Click on element", "status": "passed", "parameters": [{"name": "elem", "value": "<selenium.webdriver.support.event_firing_webdriver.EventFiringWebElement object at 0x000002E2B64ADED0>"}], "start": 1708537778299, "stop": 1708537778905}, {"name": "Click on element", "status": "passed", "parameters": [{"name": "elem", "value": "<selenium.webdriver.support.event_firing_webdriver.EventFiringWebElement object at 0x000002E2B64AD150>"}], "start": 1708537779028, "stop": 1708537779564}, {"name": "Click on element", "status": "passed", "parameters": [{"name": "elem", "value": "<selenium.webdriver.support.event_firing_webdriver.EventFiringWebElement object at 0x000002E2B64AE9D0>"}], "start": 1708537779710, "stop": 1708537780212}, {"name": "Click on element", "status": "passed", "parameters": [{"name": "elem", "value": "<selenium.webdriver.support.event_firing_webdriver.EventFiringWebElement object at 0x000002E2B64AE690>"}], "start": 1708537780314, "stop": 1708537780766}], "parameters": [{"name": "equation", "value": "'1+7'"}], "start": 1708537778187, "stop": 1708537780766}, {"name": "Clear calculator result", "status": "passed", "steps": [{"name": "Click on element", "status": "passed", "parameters": [{"name": "elem", "value": "<selenium.webdriver.support.event_firing_webdriver.EventFiringWebElement object at 0x000002E2B64AFB90>"}], "start": 1708537780900, "stop": 1708537781380}], "start": 1708537780766, "stop": 1708537781380}, {"name": "Get history values", "status": "passed", "steps": [{"name": "Click on element", "status": "passed", "parameters": [{"name": "elem", "value": "<selenium.webdriver.support.event_firing_webdriver.EventFiringWebElement object at 0x000002E2B64AEE90>"}], "start": 1708537781717, "stop": 1708537782235}], "start": 1708537781381, "stop": 1708537782235}, {"name": "Get calculator result", "status": "passed", "start": 1708537782235, "stop": 1708537782573}, {"name": "Verify list of actual elements is equal to expected elements", "status": "failed", "statusDetails": {"message": "AssertionError: Verify Equals Failed, Actual: 7 is not equal to Expected: 8\n", "trace": "  File \"C:\\Automation\\test_automation_final_project\\venv\\Lib\\site-packages\\allure_commons\\_allure.py\", line 192, in impl\n    return func(*a, **kw)\n           ^^^^^^^^^^^^^^\n  File \"C:\\Automation\\test_automation_final_project\\extensions\\verifications.py\", line 12, in verify_equals\n    assert actual == expected, f'Verify Equals Failed, Actual: {str(actual)} is not equal to Expected: {str(expected)}'\n           ^^^^^^^^^^^^^^^^^^\n"}, "parameters": [{"name": "actual", "value": "'7'"}, {"name": "expected", "value": "'8'"}], "start": 1708537782574, "stop": 1708537782574}], "attachments": [{"source": "3534d2b1-6d24-463a-8a06-9fad4c2cea7b-attachment.png", "type": "image/png"}], "start": 1708537778187, "stop": 1708537782575, "uuid": "9ff82777-b827-4047-8d53-88e924d40cfd", "historyId": "8c46415401cfe40cde4a2965f4fa53d9", "testCaseId": "8c46415401cfe40cde4a2965f4fa53d9", "fullName": "test_cases.test_desktop.TestDesktopApp#test_history_validation", "labels": [{"name": "tag", "value": "@pytest.mark.usefixtures('init_desktop_driver')"}, {"name": "parentSuite", "value": "test_cases"}, {"name": "suite", "value": "test_desktop"}, {"name": "subSuite", "value": "TestDesktopApp"}, {"name": "host", "value": "DESKTOP-TNCSURL"}, {"name": "thread", "value": "3948-MainThread"}, {"name": "framework", "value": "pytest"}, {"name": "language", "value": "cpython3"}, {"name": "package", "value": "test_cases.test_desktop"}]}