{"name": "TC05: Verify transaction date and hour", "status": "failed", "statusDetails": {"message": "AssertionError: Verify Equals Failed, Actual: Saved on 18-09-2023 is not equal to Expected: Saved on 17-09-2023", "trace": "self = <test_cases.test_mobile.TestMobile object at 0x000001E68EE92CD0>\n\n    @allure.title(\"TC05: Verify transaction date and hour\")\n    @allure.description(\"this test Verify that transaction saved on the current date and hour\")\n    @pytest.mark.run_this\n    def test_verify_time(self):\n        #MobileFlows.swipe_screen(Direction.RIGHT)\n        MobileFlows.mortgage_flow('1000', '10', '10', Save.YES)\n        MobileFlows.check_current_time()\n        time.sleep(2)\n        MobileFlows.swipe_screen(Direction.LEFT)\n        # 17-09-2023\n        # Sun Sep 17 23:08:43 2023\n        time.sleep(5)\n        MobileFlows.check_trans_time()\n        # Saved on 15-09-2023\n        # Sun Sep 17 23:08:43 0 202\n        # Verify saved on message shows the correct date\n>       Verifications.verify_equals('Saved on ' + MobileFlows.check_current_time()[0], MobileFlows.check_trans_time()[0])\n\ntest_mobile.py:68: \n_ _ _ _ _ _ _ _ _ _ _ _ _ _ _ _ _ _ _ _ _ _ _ _ _ _ _ _ _ _ _ _ _ _ _ _ _ _ _ _ _ _ _ _ _ _ _ _ _ _ _ _ _ _ _ _ _ _ _ _ _ _ _ _ _ _ _ _ _ _ _ _ _ _ _ _ _ _ _ _ _ _ _ _ _ _ _ _ _ _\n\nactual = 'Saved on 18-09-2023', expected = 'Saved on 17-09-2023'\n\n    @staticmethod\n    @allure.step(\"Verify list of actual elements is equal to expected elements\")\n    def verify_equals(actual, expected):\n>       assert actual == expected, f'Verify Equals Failed, Actual: {str(actual)} is not equal to Expected: {str(expected)}'\nE       AssertionError: Verify Equals Failed, Actual: Saved on 18-09-2023 is not equal to Expected: Saved on 17-09-2023\n\n..\\extensions\\verifications.py:12: AssertionError"}, "description": "this test Verify that transaction saved on the current date and hour", "steps": [{"name": "Fill in mortgage details flow", "status": "passed", "steps": [{"name": "Updating text", "status": "passed", "parameters": [{"name": "elem", "value": "<selenium.webdriver.support.event_firing_webdriver.EventFiringWebElement object at 0x000001E68EE97B50>"}, {"name": "value", "value": "'1000'"}], "start": 1694984621351, "stop": 1694984622419}, {"name": "Updating text", "status": "passed", "parameters": [{"name": "elem", "value": "<selenium.webdriver.support.event_firing_webdriver.EventFiringWebElement object at 0x000001E68EE31F90>"}, {"name": "value", "value": "'10'"}], "start": 1694984622599, "stop": 1694984623898}, {"name": "Updating text", "status": "passed", "parameters": [{"name": "elem", "value": "<selenium.webdriver.support.event_firing_webdriver.EventFiringWebElement object at 0x000001E68F1E5710>"}, {"name": "value", "value": "'10'"}], "start": 1694984624190, "stop": 1694984625383}, {"name": "Click on element", "status": "passed", "parameters": [{"name": "elem", "value": "<selenium.webdriver.support.event_firing_webdriver.EventFiringWebElement object at 0x000001E68F1E4DD0>"}], "start": 1694984625526, "stop": 1694984627773}, {"name": "Click on element", "status": "passed", "parameters": [{"name": "elem", "value": "<selenium.webdriver.support.event_firing_webdriver.EventFiringWebElement object at 0x000001E68F1E6890>"}], "start": 1694984628704, "stop": 1694984630870}], "parameters": [{"name": "amount", "value": "'1000'"}, {"name": "term", "value": "'10'"}, {"name": "rate", "value": "'10'"}, {"name": "save", "value": "True"}], "start": 1694984621180, "stop": 1694984630870}, {"name": "Check current time", "status": "passed", "start": 1694984630870, "stop": 1694984630870}, {"name": "Swipe the page", "status": "passed", "steps": [{"name": "Swipe screen", "status": "passed", "parameters": [{"name": "start_x", "value": "972.0"}, {"name": "start_y", "value": "1320.0"}, {"name": "end_x", "value": "108.0"}, {"name": "end_y", "value": "1320.0"}, {"name": "duration", "value": "200"}], "start": 1694984632877, "stop": 1694984633804}], "parameters": [{"name": "direction", "value": "'left'"}], "start": 1694984632877, "stop": 1694984633804}, {"name": "Check transaction time", "status": "passed", "start": 1694984638814, "stop": 1694984639580}, {"name": "Check current time", "status": "passed", "start": 1694984639580, "stop": 1694984639580}, {"name": "Check transaction time", "status": "passed", "start": 1694984639580, "stop": 1694984640264}, {"name": "Verify list of actual elements is equal to expected elements", "status": "failed", "statusDetails": {"message": "AssertionError: Verify Equals Failed, Actual: Saved on 18-09-2023 is not equal to Expected: Saved on 17-09-2023\n", "trace": "  File \"C:\\Automation\\Hobiz_Automation\\venv\\Lib\\site-packages\\allure_commons\\_allure.py\", line 192, in impl\n    return func(*a, **kw)\n           ^^^^^^^^^^^^^^\n  File \"C:\\Automation\\Final_Proj_Aut_Py\\extensions\\verifications.py\", line 12, in verify_equals\n    assert actual == expected, f'Verify Equals Failed, Actual: {str(actual)} is not equal to Expected: {str(expected)}'\n"}, "parameters": [{"name": "actual", "value": "'Saved on 18-09-2023'"}, {"name": "expected", "value": "'Saved on 17-09-2023'"}], "start": 1694984640264, "stop": 1694984640264}], "attachments": [{"source": "fa75dda3-1b6b-4d0d-9848-775db5de069d-attachment.png", "type": "image/png"}], "start": 1694984621180, "stop": 1694984640264, "uuid": "5635ff7c-9f22-40ba-9f8a-d10ff0bf9ca0", "historyId": "8615f8405e1d54a504832959380c2767", "testCaseId": "e72a2e047cc131c9174f98f332043a9b", "fullName": "test_cases.test_mobile.TestMobile#test_verify_time", "labels": [{"name": "tag", "value": "run_this"}, {"name": "tag", "value": "@pytest.mark.usefixtures('init_mobile_driver')"}, {"name": "parentSuite", "value": "test_cases"}, {"name": "suite", "value": "test_mobile"}, {"name": "subSuite", "value": "TestMobile"}, {"name": "host", "value": "BarLaptop"}, {"name": "thread", "value": "17728-MainThread"}, {"name": "framework", "value": "pytest"}, {"name": "language", "value": "cpython3"}, {"name": "package", "value": "test_cases.test_mobile"}]}