{"name": "TC05: View only done tasks", "status": "failed", "statusDetails": {"message": "AssertionError: Verify Equals Failed, Actual: 2 is not equal to Expected: 4", "trace": "self = <test_cases.test_electron.TestElectron object at 0x00000163F6BE55D0>\n\n    @allure.title(\"TC05: View only done tasks\")\n    @allure.description(\"Mark task as completed and filter the list to display only done tasks\")\n    @pytest.mark.run_this\n    def test_filter_to_completed_tasks(self):\n        ElectronFlows.click_task_checkbox(0)\n        ElectronFlows.click_task_checkbox(1)\n        ElectronFlows.filter_tasks_completed()\n        Verifications.verify_equals(ElectronFlows.get_number_of_task_flow(), 2)\n        save_screenshot()\n        ElectronFlows.filter_all_tasks()\n>       Verifications.verify_equals(ElectronFlows.get_number_of_task_flow(), 4)\n\ntest_electron.py:62: \n_ _ _ _ _ _ _ _ _ _ _ _ _ _ _ _ _ _ _ _ _ _ _ _ _ _ _ _ _ _ _ _ _ _ _ _ _ _ _ _ _ _ _ _ _ _ _ _ _ _ _ _ _ _ _ _ _ _ _ _ _ _ _ _ _ _ _ _ _ _ _ _ _ _ _ _ _ _ _ _ _ _ _ _ _ _ _ _ _ _ _ _ _ _ _ _ _ _ _ _ _ _ _ _ _ _ _ _ _ _ _ _ _ _\n\nactual = 2, expected = 4\n\n    @staticmethod\n    @allure.step(\"Verify list of actual elements is equal to expected elements\")\n    def verify_equals(actual, expected):\n>       assert actual == expected, f'Verify Equals Failed, Actual: {str(actual)} is not equal to Expected: {str(expected)}'\nE       AssertionError: Verify Equals Failed, Actual: 2 is not equal to Expected: 4\n\n..\\extensions\\verifications.py:12: AssertionError"}, "description": "Mark task as completed and filter the list to display only done tasks", "steps": [{"name": "Click on the first task complete checkbox", "status": "passed", "steps": [{"name": "Click on element", "status": "passed", "parameters": [{"name": "elem", "value": "<selenium.webdriver.support.event_firing_webdriver.EventFiringWebElement object at 0x00000163F6C0D2D0>"}], "start": 1708798222283, "stop": 1708798222335}], "parameters": [{"name": "i", "value": "0"}], "start": 1708798222274, "stop": 1708798222335}, {"name": "Click on the first task complete checkbox", "status": "passed", "steps": [{"name": "Click on element", "status": "passed", "parameters": [{"name": "elem", "value": "<selenium.webdriver.support.event_firing_webdriver.EventFiringWebElement object at 0x00000163F6C1BD50>"}], "start": 1708798222341, "stop": 1708798222396}], "parameters": [{"name": "i", "value": "1"}], "start": 1708798222336, "stop": 1708798222396}, {"name": "Click on completed tasks filter", "status": "passed", "steps": [{"name": "Click on element", "status": "passed", "parameters": [{"name": "elem", "value": "<selenium.webdriver.support.event_firing_webdriver.EventFiringWebElement object at 0x00000163F6C28190>"}], "start": 1708798222405, "stop": 1708798222458}, {"name": "Click on element", "status": "passed", "parameters": [{"name": "elem", "value": "<selenium.webdriver.support.event_firing_webdriver.EventFiringWebElement object at 0x00000163F6C28250>"}], "start": 1708798225467, "stop": 1708798225517}], "start": 1708798222396, "stop": 1708798225517}, {"name": "Get the number of tasks flow", "status": "passed", "start": 1708798225517, "stop": 1708798225525}, {"name": "Verify list of actual elements is equal to expected elements", "status": "passed", "parameters": [{"name": "actual", "value": "2"}, {"name": "expected", "value": "2"}], "start": 1708798225525, "stop": 1708798225525}, {"name": "Click on completed tasks filter", "status": "passed", "steps": [{"name": "Click on element", "status": "passed", "parameters": [{"name": "elem", "value": "<selenium.webdriver.support.event_firing_webdriver.EventFiringWebElement object at 0x00000163F6C2AAD0>"}], "start": 1708798225774, "stop": 1708798225798}], "start": 1708798225768, "stop": 1708798225798}, {"name": "Get the number of tasks flow", "status": "passed", "start": 1708798225798, "stop": 1708798225802}, {"name": "Verify list of actual elements is equal to expected elements", "status": "failed", "statusDetails": {"message": "AssertionError: Verify Equals Failed, Actual: 2 is not equal to Expected: 4\n", "trace": "  File \"C:\\Automation\\test_automation_final_project\\venv\\Lib\\site-packages\\allure_commons\\_allure.py\", line 192, in impl\n    return func(*a, **kw)\n           ^^^^^^^^^^^^^^\n  File \"C:\\Automation\\test_automation_final_project\\extensions\\verifications.py\", line 12, in verify_equals\n    assert actual == expected, f'Verify Equals Failed, Actual: {str(actual)} is not equal to Expected: {str(expected)}'\n           ^^^^^^^^^^^^^^^^^^\n"}, "parameters": [{"name": "actual", "value": "2"}, {"name": "expected", "value": "4"}], "start": 1708798225802, "stop": 1708798225802}], "attachments": [{"source": "fbde2927-dd1e-451e-8db0-8c5a3f25a603-attachment.png", "type": "image/png"}, {"source": "b25c30cc-0adc-40bb-a41a-440cf968cf8f-attachment.png", "type": "image/png"}], "start": 1708798222274, "stop": 1708798225803, "uuid": "271f985d-8dff-4dcc-a307-50759fd46c86", "historyId": "1c241c55a179e1d1662c6ed9ab64c283", "testCaseId": "1c241c55a179e1d1662c6ed9ab64c283", "fullName": "test_cases.test_electron.TestElectron#test_filter_to_completed_tasks", "labels": [{"name": "tag", "value": "run_this"}, {"name": "tag", "value": "@pytest.mark.usefixtures('init_electron_driver')"}, {"name": "parentSuite", "value": "test_cases"}, {"name": "suite", "value": "test_electron"}, {"name": "subSuite", "value": "TestElectron"}, {"name": "host", "value": "DESKTOP-TNCSURL"}, {"name": "thread", "value": "17772-MainThread"}, {"name": "framework", "value": "pytest"}, {"name": "language", "value": "cpython3"}, {"name": "package", "value": "test_cases.test_electron"}]}