{"name": "TC01: Adding 2 numbers", "status": "failed", "statusDetails": {"message": "AssertionError: Verify Equals Failed, Actual: 7 is not equal to Expected: 8", "trace": "self = <test_cases.test_desktop.TestDesktopApp object at 0x000002732BC8E310>\n\n    @allure.title(\"TC01: Adding 2 numbers\")\n    @allure.description(\"This test adds 2 numbers and verify the result\")\n    def test_add_numbers_and_verify(self):\n        DesktopFlows.calculate_flow(\"1+7\")\n>       Verifications.verify_equals(DesktopFlows.get_result_flow(), '8')\n\ntest_cases\\test_desktop.py:15: \n_ _ _ _ _ _ _ _ _ _ _ _ _ _ _ _ _ _ _ _ _ _ _ _ _ _ _ _ _ _ _ _ _ _ _ _ _ _ _ _\n\nactual = '7', expected = '8'\n\n    @staticmethod\n    @allure.step(\"Verify element is equal to expected\")\n    def verify_equals(actual, expected):\n>       assert actual == expected, f'Verify Equals Failed, Actual: {str(actual)} is not equal to Expected: {str(expected)}'\nE       AssertionError: Verify Equals Failed, Actual: 7 is not equal to Expected: 8\n\nextensions\\verifications.py:11: AssertionError"}, "description": "This test adds 2 numbers and verify the result", "steps": [{"name": "Calculate equation", "status": "passed", "steps": [{"name": "Click on element", "status": "passed", "parameters": [{"name": "elem", "value": "<selenium.webdriver.support.event_firing_webdriver.EventFiringWebElement object at 0x000002732BC91AD0>"}], "start": 1683398490903, "stop": 1683398491544}, {"name": "Click on element", "status": "passed", "parameters": [{"name": "elem", "value": "<selenium.webdriver.support.event_firing_webdriver.EventFiringWebElement object at 0x000002732BC91950>"}], "start": 1683398491707, "stop": 1683398492191}, {"name": "Click on element", "status": "passed", "parameters": [{"name": "elem", "value": "<selenium.webdriver.support.event_firing_webdriver.EventFiringWebElement object at 0x000002732BC933D0>"}], "start": 1683398492352, "stop": 1683398492862}, {"name": "Click on element", "status": "passed", "parameters": [{"name": "elem", "value": "<selenium.webdriver.support.event_firing_webdriver.EventFiringWebElement object at 0x000002732BC93F90>"}], "start": 1683398493067, "stop": 1683398493618}], "parameters": [{"name": "equation", "value": "'1+7'"}], "start": 1683398490541, "stop": 1683398493618}, {"name": "Get calculator result", "status": "passed", "start": 1683398493619, "stop": 1683398495028}, {"name": "Verify element is equal to expected", "status": "failed", "statusDetails": {"message": "AssertionError: Verify Equals Failed, Actual: 7 is not equal to Expected: 8\n", "trace": "  File \"C:\\Users\\barka\\AppData\\Roaming\\Python\\Python311\\site-packages\\allure_commons\\_allure.py\", line 192, in impl\n    return func(*a, **kw)\n           ^^^^^^^^^^^^^^\n  File \"C:\\Automation\\Final_Proj_Aut_Py\\extensions\\verifications.py\", line 11, in verify_equals\n    assert actual == expected, f'Verify Equals Failed, Actual: {str(actual)} is not equal to Expected: {str(expected)}'\n"}, "parameters": [{"name": "actual", "value": "'7'"}, {"name": "expected", "value": "'8'"}], "start": 1683398495028, "stop": 1683398495028}], "attachments": [{"source": "10c93574-dda3-4f18-a818-84f4679c37ac-attachment.png", "type": "image/png"}], "start": 1683398490541, "stop": 1683398495065, "uuid": "a075f64f-bf9e-4d3a-b686-8ce6d059b67b", "historyId": "2295b68a7d75dd676d382231d5beaf06", "testCaseId": "a237bfa31a7b5de687064bf3f82d4f4f", "fullName": "test_cases.test_desktop.TestDesktopApp#test_add_numbers_and_verify", "labels": [{"name": "tag", "value": "@pytest.mark.usefixtures('init_desktop_driver')"}, {"name": "parentSuite", "value": "test_cases"}, {"name": "suite", "value": "test_desktop"}, {"name": "subSuite", "value": "TestDesktopApp"}, {"name": "host", "value": "BarLaptop"}, {"name": "thread", "value": "10688-MainThread"}, {"name": "framework", "value": "pytest"}, {"name": "language", "value": "cpython3"}, {"name": "package", "value": "test_cases.test_desktop"}]}