{"name": "TC05: Verify transaction date and hour", "status": "failed", "statusDetails": {"message": "AssertionError: Verify Equals Failed, Actual: Mon Sep 18 01:06:48 2023 is not equal to Expected: Mon Sep 18 01:06:49 2023", "trace": "self = <test_cases.test_mobile.TestMobile object at 0x00000266979627D0>\n\n    @allure.title(\"TC05: Verify transaction date and hour\")\n    @allure.description(\"this test Verify that transaction saved on the current date and hour\")\n    @pytest.mark.run_this\n    def test_verify_time(self):\n        #MobileFlows.swipe_screen(Direction.RIGHT)\n        MobileFlows.mortgage_flow('1000', '10', '10', Save.YES)\n        MobileFlows.check_current_time()\n        MobileFlows.swipe_screen(Direction.LEFT)\n        MobileFlows.check_trans_time()\n        # Verify saved on message shows the correct date\n        Verifications.verify_equals('Saved on ' + MobileFlows.check_current_time()[0], MobileFlows.check_trans_time()[0])\n        # Verify the header full date is correct\n>       Verifications.verify_equals(MobileFlows.check_trans_time()[1], MobileFlows.check_current_time()[1])\n\ntest_mobile.py:64: \n_ _ _ _ _ _ _ _ _ _ _ _ _ _ _ _ _ _ _ _ _ _ _ _ _ _ _ _ _ _ _ _ _ _ _ _ _ _ _ _ _ _ _ _ _ _ _ _ _ _ _ _ _ _ _ _ _ _ _ _ _ _ _ _ _ _ _ _ _ _ _ _ _ _ _ _ _ _ _ _ _ _ _ _ _ _ _ _ _ _\n\nactual = 'Mon Sep 18 01:06:48 2023', expected = 'Mon Sep 18 01:06:49 2023'\n\n    @staticmethod\n    @allure.step(\"Verify list of actual elements is equal to expected elements\")\n    def verify_equals(actual, expected):\n>       assert actual == expected, f'Verify Equals Failed, Actual: {str(actual)} is not equal to Expected: {str(expected)}'\nE       AssertionError: Verify Equals Failed, Actual: Mon Sep 18 01:06:48 2023 is not equal to Expected: Mon Sep 18 01:06:49 2023\n\n..\\extensions\\verifications.py:12: AssertionError"}, "description": "this test Verify that transaction saved on the current date and hour", "steps": [{"name": "Fill in mortgage details flow", "status": "passed", "steps": [{"name": "Updating text", "status": "passed", "parameters": [{"name": "elem", "value": "<selenium.webdriver.support.event_firing_webdriver.EventFiringWebElement object at 0x0000026697966C10>"}, {"name": "value", "value": "'1000'"}], "start": 1694988396061, "stop": 1694988397218}, {"name": "Updating text", "status": "passed", "parameters": [{"name": "elem", "value": "<selenium.webdriver.support.event_firing_webdriver.EventFiringWebElement object at 0x0000026697967690>"}, {"name": "value", "value": "'10'"}], "start": 1694988397407, "stop": 1694988398617}, {"name": "Updating text", "status": "passed", "parameters": [{"name": "elem", "value": "<selenium.webdriver.support.event_firing_webdriver.EventFiringWebElement object at 0x0000026697CB42D0>"}, {"name": "value", "value": "'10'"}], "start": 1694988398773, "stop": 1694988399896}, {"name": "Click on element", "status": "passed", "parameters": [{"name": "elem", "value": "<selenium.webdriver.support.event_firing_webdriver.EventFiringWebElement object at 0x0000026697CB5010>"}], "start": 1694988400096, "stop": 1694988402561}, {"name": "Click on element", "status": "passed", "parameters": [{"name": "elem", "value": "<selenium.webdriver.support.event_firing_webdriver.EventFiringWebElement object at 0x0000026697CB64D0>"}], "start": 1694988403307, "stop": 1694988405611}], "parameters": [{"name": "amount", "value": "'1000'"}, {"name": "term", "value": "'10'"}, {"name": "rate", "value": "'10'"}, {"name": "save", "value": "True"}], "start": 1694988395922, "stop": 1694988405611}, {"name": "Check current time", "status": "passed", "start": 1694988405611, "stop": 1694988405611}, {"name": "Swipe the page", "status": "passed", "steps": [{"name": "Swipe screen", "status": "passed", "parameters": [{"name": "start_x", "value": "972.0"}, {"name": "start_y", "value": "1320.0"}, {"name": "end_x", "value": "108.0"}, {"name": "end_y", "value": "1320.0"}, {"name": "duration", "value": "200"}], "start": 1694988405612, "stop": 1694988406753}], "parameters": [{"name": "direction", "value": "'left'"}], "start": 1694988405611, "stop": 1694988406753}, {"name": "Check transaction time", "status": "passed", "start": 1694988406753, "stop": 1694988408180}, {"name": "Check current time", "status": "passed", "start": 1694988408180, "stop": 1694988408180}, {"name": "Check transaction time", "status": "passed", "start": 1694988408180, "stop": 1694988409079}, {"name": "Verify list of actual elements is equal to expected elements", "status": "passed", "parameters": [{"name": "actual", "value": "'Saved on 18-09-2023'"}, {"name": "expected", "value": "'Saved on 18-09-2023'"}], "start": 1694988409079, "stop": 1694988409079}, {"name": "Check transaction time", "status": "passed", "start": 1694988409079, "stop": 1694988409710}, {"name": "Check current time", "status": "passed", "start": 1694988409710, "stop": 1694988409710}, {"name": "Verify list of actual elements is equal to expected elements", "status": "failed", "statusDetails": {"message": "AssertionError: Verify Equals Failed, Actual: Mon Sep 18 01:06:48 2023 is not equal to Expected: Mon Sep 18 01:06:49 2023\n", "trace": "  File \"C:\\Automation\\Hobiz_Automation\\venv\\Lib\\site-packages\\allure_commons\\_allure.py\", line 192, in impl\n    return func(*a, **kw)\n           ^^^^^^^^^^^^^^\n  File \"C:\\Automation\\Final_Proj_Aut_Py\\extensions\\verifications.py\", line 12, in verify_equals\n    assert actual == expected, f'Verify Equals Failed, Actual: {str(actual)} is not equal to Expected: {str(expected)}'\n"}, "parameters": [{"name": "actual", "value": "'Mon Sep 18 01:06:48 2023'"}, {"name": "expected", "value": "'Mon Sep 18 01:06:49 2023'"}], "start": 1694988409710, "stop": 1694988409710}], "attachments": [{"source": "a2f17bbc-8b36-4607-9851-de58d45bfa0a-attachment.png", "type": "image/png"}], "start": 1694988395922, "stop": 1694988409710, "uuid": "9f12eea0-ea41-4ff6-8358-8ad6529554c2", "historyId": "8615f8405e1d54a504832959380c2767", "testCaseId": "e72a2e047cc131c9174f98f332043a9b", "fullName": "test_cases.test_mobile.TestMobile#test_verify_time", "labels": [{"name": "tag", "value": "run_this"}, {"name": "tag", "value": "@pytest.mark.usefixtures('init_mobile_driver')"}, {"name": "parentSuite", "value": "test_cases"}, {"name": "suite", "value": "test_mobile"}, {"name": "subSuite", "value": "TestMobile"}, {"name": "host", "value": "BarLaptop"}, {"name": "thread", "value": "17684-MainThread"}, {"name": "framework", "value": "pytest"}, {"name": "language", "value": "cpython3"}, {"name": "package", "value": "test_cases.test_mobile"}]}