{"name": "TC04: Verify mortgage details", "status": "broken", "statusDetails": {"message": "selenium.common.exceptions.NoSuchElementException: Message: no such element (An element could not be located on the page using the given search parameters (ID='tvTerm'))", "trace": "self = <test_cases.test_mobile.TestMobile object at 0x0000024490D16ED0>\n\n    @allure.title(\"TC04: Verify mortgage details\")\n    @allure.description(\"this test Verify amount, yrs, percentage, repayment, interest are the same in the calculator \"\n                        \"and in the saved transaction\")\n    @pytest.mark.run_this\n    def test_mortgage_details(self):\n        MobileFlows.swipe_screen(Direction.RIGHT)\n        MobileFlows.mortgage_flow('1000', '10', '10', Save.YES)\n        MobileFlows.set_transaction_details('1000', '10', '10')\n        actual = [MobileFlows.get_transaction_details()[0],\n                  MobileFlows.get_transaction_details()[1],\n                  MobileFlows.get_transaction_details()[2],\n                  MobileFlows.get_transaction_details()[3],\n                  MobileFlows.get_transaction_details()[4]]\n        MobileFlows.swipe_screen(Direction.LEFT)\n        MobileFlows.get_saved_transaction_details()\n        expected = [MobileFlows.get_saved_transaction_details()[0], MobileFlows.get_saved_transaction_details()[1],\n                    MobileFlows.get_saved_transaction_details()[2], MobileFlows.get_saved_transaction_details()[3],\n>                   MobileFlows.get_saved_transaction_details()[4]]\n\ntest_mobile.py:59: \n_ _ _ _ _ _ _ _ _ _ _ _ _ _ _ _ _ _ _ _ _ _ _ _ _ _ _ _ _ _ _ _ _ _ _ _ _ _ _ _ _ \n..\\workflows\\mobile_flows.py:112: in get_saved_transaction_details\n    term_saved = page.mobile_save.get_term().text\n..\\page_objects\\mobile_objects\\saved_page.py:23: in get_term\n    return self.driver.find_element(term[0], term[1])\n..\\..\\Hobiz_Automation\\venv\\Lib\\site-packages\\selenium\\webdriver\\support\\event_firing_webdriver.py:101: in find_element\n    return self._dispatch(\"find\", (by, value, self._driver), \"find_element\", (by, value))\n..\\..\\Hobiz_Automation\\venv\\Lib\\site-packages\\selenium\\webdriver\\support\\event_firing_webdriver.py:160: in _dispatch\n    raise e\n..\\..\\Hobiz_Automation\\venv\\Lib\\site-packages\\selenium\\webdriver\\support\\event_firing_webdriver.py:157: in _dispatch\n    result = getattr(self._driver, d_call)(*d_args)\n..\\..\\Hobiz_Automation\\venv\\Lib\\site-packages\\appium\\webdriver\\webdriver.py:414: in find_element\n    return self.execute(RemoteCommand.FIND_ELEMENT, {'using': by, 'value': value})['value']\n..\\..\\Hobiz_Automation\\venv\\Lib\\site-packages\\selenium\\webdriver\\remote\\webdriver.py:321: in execute\n    self.error_handler.check_response(response)\n..\\..\\Hobiz_Automation\\venv\\Lib\\site-packages\\appium\\webdriver\\errorhandler.py:31: in check_response\n    raise wde\n..\\..\\Hobiz_Automation\\venv\\Lib\\site-packages\\appium\\webdriver\\errorhandler.py:26: in check_response\n    super().check_response(response)\n_ _ _ _ _ _ _ _ _ _ _ _ _ _ _ _ _ _ _ _ _ _ _ _ _ _ _ _ _ _ _ _ _ _ _ _ _ _ _ _ _ \n\nself = <appium.webdriver.errorhandler.MobileErrorHandler object at 0x0000024490CD62D0>\nresponse = {'status': 404, 'value': '{\"sessionId\":\"fe1ca9a3-368d-4b41-8bab-1afbf669c19a\",\"value\":{\"message\":\"no such element (An element could not be located on the page using the given search parameters (ID=\\'tvTerm\\')) \"},\"status\":7}'}\n\n    def check_response(self, response):\n        \"\"\"\n        Checks that a JSON response from the WebDriver does not have an error.\n    \n        :Args:\n         - response - The JSON response from the WebDriver server as a dictionary\n           object.\n    \n        :Raises: If the response contains an error message.\n        \"\"\"\n        status = response.get('status', None)\n        if status is None or status == ErrorCode.SUCCESS:\n            return\n        value = None\n        message = response.get(\"message\", \"\")\n        screen = response.get(\"screen\", \"\")\n        stacktrace = None\n        if isinstance(status, int):\n            value_json = response.get('value', None)\n            if value_json and isinstance(value_json, basestring):\n                import json\n                try:\n                    value = json.loads(value_json)\n                    if len(value.keys()) == 1:\n                        value = value['value']\n                    status = value.get('error', None)\n                    if status is None:\n                        status = value[\"status\"]\n                        message = value[\"value\"]\n                        if not isinstance(message, basestring):\n                            value = message\n                            message = message.get('message')\n                    else:\n                        message = value.get('message', None)\n                except ValueError:\n                    pass\n    \n        exception_class = ErrorInResponseException\n        if status in ErrorCode.NO_SUCH_ELEMENT:\n            exception_class = NoSuchElementException\n        elif status in ErrorCode.NO_SUCH_FRAME:\n            exception_class = NoSuchFrameException\n        elif status in ErrorCode.NO_SUCH_WINDOW:\n            exception_class = NoSuchWindowException\n        elif status in ErrorCode.STALE_ELEMENT_REFERENCE:\n            exception_class = StaleElementReferenceException\n        elif status in ErrorCode.ELEMENT_NOT_VISIBLE:\n            exception_class = ElementNotVisibleException\n        elif status in ErrorCode.INVALID_ELEMENT_STATE:\n            exception_class = InvalidElementStateException\n        elif status in ErrorCode.INVALID_SELECTOR \\\n                or status in ErrorCode.INVALID_XPATH_SELECTOR \\\n                or status in ErrorCode.INVALID_XPATH_SELECTOR_RETURN_TYPER:\n            exception_class = InvalidSelectorException\n        elif status in ErrorCode.ELEMENT_IS_NOT_SELECTABLE:\n            exception_class = ElementNotSelectableException\n        elif status in ErrorCode.ELEMENT_NOT_INTERACTABLE:\n            exception_class = ElementNotInteractableException\n        elif status in ErrorCode.INVALID_COOKIE_DOMAIN:\n            exception_class = InvalidCookieDomainException\n        elif status in ErrorCode.UNABLE_TO_SET_COOKIE:\n            exception_class = UnableToSetCookieException\n        elif status in ErrorCode.TIMEOUT:\n            exception_class = TimeoutException\n        elif status in ErrorCode.SCRIPT_TIMEOUT:\n            exception_class = TimeoutException\n        elif status in ErrorCode.UNKNOWN_ERROR:\n            exception_class = WebDriverException\n        elif status in ErrorCode.UNEXPECTED_ALERT_OPEN:\n            exception_class = UnexpectedAlertPresentException\n        elif status in ErrorCode.NO_ALERT_OPEN:\n            exception_class = NoAlertPresentException\n        elif status in ErrorCode.IME_NOT_AVAILABLE:\n            exception_class = ImeNotAvailableException\n        elif status in ErrorCode.IME_ENGINE_ACTIVATION_FAILED:\n            exception_class = ImeActivationFailedException\n        elif status in ErrorCode.MOVE_TARGET_OUT_OF_BOUNDS:\n            exception_class = MoveTargetOutOfBoundsException\n        elif status in ErrorCode.JAVASCRIPT_ERROR:\n            exception_class = JavascriptException\n        elif status in ErrorCode.SESSION_NOT_CREATED:\n            exception_class = SessionNotCreatedException\n        elif status in ErrorCode.INVALID_ARGUMENT:\n            exception_class = InvalidArgumentException\n        elif status in ErrorCode.NO_SUCH_COOKIE:\n            exception_class = NoSuchCookieException\n        elif status in ErrorCode.UNABLE_TO_CAPTURE_SCREEN:\n            exception_class = ScreenshotException\n        elif status in ErrorCode.ELEMENT_CLICK_INTERCEPTED:\n            exception_class = ElementClickInterceptedException\n        elif status in ErrorCode.INSECURE_CERTIFICATE:\n            exception_class = InsecureCertificateException\n        elif status in ErrorCode.INVALID_COORDINATES:\n            exception_class = InvalidCoordinatesException\n        elif status in ErrorCode.INVALID_SESSION_ID:\n            exception_class = InvalidSessionIdException\n        elif status in ErrorCode.UNKNOWN_METHOD:\n            exception_class = UnknownMethodException\n        else:\n            exception_class = WebDriverException\n        if value == '' or value is None:\n            value = response['value']\n        if isinstance(value, basestring):\n            if exception_class == ErrorInResponseException:\n                raise exception_class(response, value)\n            raise exception_class(value)\n        if message == \"\" and 'message' in value:\n            message = value['message']\n    \n        screen = None\n        if 'screen' in value:\n            screen = value['screen']\n    \n        stacktrace = None\n        if 'stackTrace' in value and value['stackTrace']:\n            stacktrace = []\n            try:\n                for frame in value['stackTrace']:\n                    line = self._value_or_default(frame, 'lineNumber', '')\n                    file = self._value_or_default(frame, 'fileName', '<anonymous>')\n                    if line:\n                        file = \"%s:%s\" % (file, line)\n                    meth = self._value_or_default(frame, 'methodName', '<anonymous>')\n                    if 'className' in frame:\n                        meth = \"%s.%s\" % (frame['className'], meth)\n                    msg = \"    at %s (%s)\"\n                    msg = msg % (meth, file)\n                    stacktrace.append(msg)\n            except TypeError:\n                pass\n        if exception_class == ErrorInResponseException:\n            raise exception_class(response, message)\n        elif exception_class == UnexpectedAlertPresentException:\n            alert_text = None\n            if 'data' in value:\n                alert_text = value['data'].get('text')\n            elif 'alert' in value:\n                alert_text = value['alert'].get('text')\n            raise exception_class(message, screen, stacktrace, alert_text)\n>       raise exception_class(message, screen, stacktrace)\nE       selenium.common.exceptions.NoSuchElementException: Message: no such element (An element could not be located on the page using the given search parameters (ID='tvTerm'))\n\n..\\..\\Hobiz_Automation\\venv\\Lib\\site-packages\\selenium\\webdriver\\remote\\errorhandler.py:242: NoSuchElementException"}, "description": "this test Verify amount, yrs, percentage, repayment, interest are the same in the calculator and in the saved transaction", "steps": [{"name": "Swipe the page", "status": "passed", "steps": [{"name": "Swipe screen", "status": "passed", "parameters": [{"name": "start_x", "value": "108.0"}, {"name": "start_y", "value": "1320.0"}, {"name": "end_x", "value": "972.0"}, {"name": "end_y", "value": "1320.0"}, {"name": "duration", "value": "200"}], "start": 1695030676772, "stop": 1695030677392}], "parameters": [{"name": "direction", "value": "'right'"}], "start": 1695030676771, "stop": 1695030677392}, {"name": "Fill in mortgage details flow", "status": "passed", "steps": [{"name": "Updating text", "status": "passed", "parameters": [{"name": "elem", "value": "<selenium.webdriver.support.event_firing_webdriver.EventFiringWebElement object at 0x000002449127F350>"}, {"name": "value", "value": "'1000'"}], "start": 1695030677548, "stop": 1695030678540}, {"name": "Updating text", "status": "passed", "parameters": [{"name": "elem", "value": "<selenium.webdriver.support.event_firing_webdriver.EventFiringWebElement object at 0x000002449127FD90>"}, {"name": "value", "value": "'10'"}], "start": 1695030678724, "stop": 1695030679768}, {"name": "Updating text", "status": "passed", "parameters": [{"name": "elem", "value": "<selenium.webdriver.support.event_firing_webdriver.EventFiringWebElement object at 0x000002449127F0D0>"}, {"name": "value", "value": "'10'"}], "start": 1695030679942, "stop": 1695030680802}, {"name": "Click on element", "status": "passed", "parameters": [{"name": "elem", "value": "<selenium.webdriver.support.event_firing_webdriver.EventFiringWebElement object at 0x00000244911C9B10>"}], "start": 1695030680972, "stop": 1695030683003}, {"name": "Click on element", "status": "passed", "parameters": [{"name": "elem", "value": "<selenium.webdriver.support.event_firing_webdriver.EventFiringWebElement object at 0x00000244911CBAD0>"}], "start": 1695030683808, "stop": 1695030685885}], "parameters": [{"name": "amount", "value": "'1000'"}, {"name": "term", "value": "'10'"}, {"name": "rate", "value": "'10'"}, {"name": "save", "value": "True"}], "start": 1695030677392, "stop": 1695030685885}, {"name": "Set the transaction details variables in calculator page", "status": "passed", "parameters": [{"name": "amount", "value": "'1000'"}, {"name": "term", "value": "'10'"}, {"name": "rate", "value": "'10'"}], "start": 1695030685885, "stop": 1695030686957}, {"name": "Get transactions details in calculator page", "status": "passed", "start": 1695030686957, "stop": 1695030686957}, {"name": "Get transactions details in calculator page", "status": "passed", "start": 1695030686957, "stop": 1695030686957}, {"name": "Get transactions details in calculator page", "status": "passed", "start": 1695030686958, "stop": 1695030686958}, {"name": "Get transactions details in calculator page", "status": "passed", "start": 1695030686958, "stop": 1695030686958}, {"name": "Get transactions details in calculator page", "status": "passed", "start": 1695030686958, "stop": 1695030686958}, {"name": "Swipe the page", "status": "passed", "steps": [{"name": "Swipe screen", "status": "passed", "parameters": [{"name": "start_x", "value": "972.0"}, {"name": "start_y", "value": "1320.0"}, {"name": "end_x", "value": "108.0"}, {"name": "end_y", "value": "1320.0"}, {"name": "duration", "value": "200"}], "start": 1695030686958, "stop": 1695030687567}], "parameters": [{"name": "direction", "value": "'left'"}], "start": 1695030686958, "stop": 1695030687567}, {"name": "Get transactions details in the saved transactions page", "status": "passed", "start": 1695030687567, "stop": 1695030689329}, {"name": "Get transactions details in the saved transactions page", "status": "passed", "start": 1695030689330, "stop": 1695030690403}, {"name": "Get transactions details in the saved transactions page", "status": "passed", "start": 1695030690403, "stop": 1695030692680}, {"name": "Get transactions details in the saved transactions page", "status": "passed", "start": 1695030692680, "stop": 1695030693629}, {"name": "Get transactions details in the saved transactions page", "status": "passed", "start": 1695030693629, "stop": 1695030696247}, {"name": "Get transactions details in the saved transactions page", "status": "broken", "statusDetails": {"message": "selenium.common.exceptions.NoSuchElementException: Message: no such element (An element could not be located on the page using the given search parameters (ID='tvTerm')) \n\n", "trace": "  File \"C:\\Automation\\Hobiz_Automation\\venv\\Lib\\site-packages\\allure_commons\\_allure.py\", line 192, in impl\n    return func(*a, **kw)\n           ^^^^^^^^^^^^^^\n  File \"C:\\Automation\\Final_Proj_Aut_Py\\workflows\\mobile_flows.py\", line 112, in get_saved_transaction_details\n    term_saved = page.mobile_save.get_term().text\n                 ^^^^^^^^^^^^^^^^^^^^^^^^^^^\n  File \"C:\\Automation\\Final_Proj_Aut_Py\\page_objects\\mobile_objects\\saved_page.py\", line 23, in get_term\n    return self.driver.find_element(term[0], term[1])\n           ^^^^^^^^^^^^^^^^^^^^^^^^^^^^^^^^^^^^^^^^^^\n  File \"C:\\Automation\\Hobiz_Automation\\venv\\Lib\\site-packages\\selenium\\webdriver\\support\\event_firing_webdriver.py\", line 101, in find_element\n    return self._dispatch(\"find\", (by, value, self._driver), \"find_element\", (by, value))\n           ^^^^^^^^^^^^^^^^^^^^^^^^^^^^^^^^^^^^^^^^^^^^^^^^^^^^^^^^^^^^^^^^^^^^^^^^^^^^^^\n  File \"C:\\Automation\\Hobiz_Automation\\venv\\Lib\\site-packages\\selenium\\webdriver\\support\\event_firing_webdriver.py\", line 160, in _dispatch\n    raise e\n  File \"C:\\Automation\\Hobiz_Automation\\venv\\Lib\\site-packages\\selenium\\webdriver\\support\\event_firing_webdriver.py\", line 157, in _dispatch\n    result = getattr(self._driver, d_call)(*d_args)\n             ^^^^^^^^^^^^^^^^^^^^^^^^^^^^^^^^^^^^^^\n  File \"C:\\Automation\\Hobiz_Automation\\venv\\Lib\\site-packages\\appium\\webdriver\\webdriver.py\", line 414, in find_element\n    return self.execute(RemoteCommand.FIND_ELEMENT, {'using': by, 'value': value})['value']\n           ^^^^^^^^^^^^^^^^^^^^^^^^^^^^^^^^^^^^^^^^^^^^^^^^^^^^^^^^^^^^^^^^^^^^^^^\n  File \"C:\\Automation\\Hobiz_Automation\\venv\\Lib\\site-packages\\selenium\\webdriver\\remote\\webdriver.py\", line 321, in execute\n    self.error_handler.check_response(response)\n  File \"C:\\Automation\\Hobiz_Automation\\venv\\Lib\\site-packages\\appium\\webdriver\\errorhandler.py\", line 31, in check_response\n    raise wde\n  File \"C:\\Automation\\Hobiz_Automation\\venv\\Lib\\site-packages\\appium\\webdriver\\errorhandler.py\", line 26, in check_response\n    super().check_response(response)\n  File \"C:\\Automation\\Hobiz_Automation\\venv\\Lib\\site-packages\\selenium\\webdriver\\remote\\errorhandler.py\", line 242, in check_response\n    raise exception_class(message, screen, stacktrace)\n"}, "start": 1695030696247, "stop": 1695030706603}], "attachments": [{"source": "fb7991fa-5c98-49e4-a520-cf696ca23ff9-attachment.png", "type": "image/png"}], "start": 1695030676771, "stop": 1695030706604, "uuid": "4c7eb0f5-9d28-4f7d-bcfe-d5c51c054b19", "historyId": "1be3e43e0bfc1f1de277060f66910b75", "testCaseId": "433ad2f4ab52d90c14bbac36468afa7b", "fullName": "test_cases.test_mobile.TestMobile#test_mortgage_details", "labels": [{"name": "tag", "value": "run_this"}, {"name": "tag", "value": "@pytest.mark.usefixtures('init_mobile_driver')"}, {"name": "parentSuite", "value": "test_cases"}, {"name": "suite", "value": "test_mobile"}, {"name": "subSuite", "value": "TestMobile"}, {"name": "host", "value": "BarLaptop"}, {"name": "thread", "value": "15900-MainThread"}, {"name": "framework", "value": "pytest"}, {"name": "language", "value": "cpython3"}, {"name": "package", "value": "test_cases.test_mobile"}]}