{"name": "TC05: Verify transaction date and hour", "status": "failed", "statusDetails": {"message": "AssertionError: Verify Equals Failed, Actual: Saved on 18-09-2023 is not equal to Expected: Saved on 17-09-2023", "trace": "self = <test_cases.test_mobile.TestMobile object at 0x0000024CDA972B90>\n\n    @allure.title(\"TC05: Verify transaction date and hour\")\n    @allure.description(\"this test Verify that transaction saved on the current date and hour\")\n    @pytest.mark.run_this\n    def test_verify_time(self):\n        #MobileFlows.swipe_screen(Direction.RIGHT)\n        MobileFlows.mortgage_flow('1000', '10', '10', Save.YES)\n        MobileFlows.check_current_time()\n        time.sleep(2)\n        MobileFlows.swipe_screen(Direction.LEFT)\n        # 17-09-2023\n        # Sun Sep 17 23:08:43 2023\n        time.sleep(5)\n        MobileFlows.check_trans_time()\n        # Saved on 15-09-2023\n        # Sun Sep 17 23:08:43 0 202\n        # Verify saved on message shows the correct date\n>       Verifications.verify_equals('Saved on ' + MobileFlows.check_current_time()[0], MobileFlows.check_trans_time()[0])\n\ntest_mobile.py:68: \n_ _ _ _ _ _ _ _ _ _ _ _ _ _ _ _ _ _ _ _ _ _ _ _ _ _ _ _ _ _ _ _ _ _ _ _ _ _ _ _ _ _ _ _ _ _ _ _ _ _ _ _ _ _ _ _ _ _ _ _ _ _ _ _ _ _ _ _ _ _ _ _ _ _ _ _ _ _ _ _ _ _ _ _ _ _ _ _ _ _\n\nactual = 'Saved on 18-09-2023', expected = 'Saved on 17-09-2023'\n\n    @staticmethod\n    @allure.step(\"Verify list of actual elements is equal to expected elements\")\n    def verify_equals(actual, expected):\n>       assert actual == expected, f'Verify Equals Failed, Actual: {str(actual)} is not equal to Expected: {str(expected)}'\nE       AssertionError: Verify Equals Failed, Actual: Saved on 18-09-2023 is not equal to Expected: Saved on 17-09-2023\n\n..\\extensions\\verifications.py:12: AssertionError"}, "description": "this test Verify that transaction saved on the current date and hour", "steps": [{"name": "Fill in mortgage details flow", "status": "passed", "steps": [{"name": "Updating text", "status": "passed", "parameters": [{"name": "elem", "value": "<selenium.webdriver.support.event_firing_webdriver.EventFiringWebElement object at 0x0000024CDA976BD0>"}, {"name": "value", "value": "'1000'"}], "start": 1694984529324, "stop": 1694984530299}, {"name": "Updating text", "status": "passed", "parameters": [{"name": "elem", "value": "<selenium.webdriver.support.event_firing_webdriver.EventFiringWebElement object at 0x0000024CDA976AD0>"}, {"name": "value", "value": "'10'"}], "start": 1694984530440, "stop": 1694984531602}, {"name": "Updating text", "status": "passed", "parameters": [{"name": "elem", "value": "<selenium.webdriver.support.event_firing_webdriver.EventFiringWebElement object at 0x0000024CDACC4F10>"}, {"name": "value", "value": "'10'"}], "start": 1694984531794, "stop": 1694984532861}, {"name": "Click on element", "status": "passed", "parameters": [{"name": "elem", "value": "<selenium.webdriver.support.event_firing_webdriver.EventFiringWebElement object at 0x0000024CDACC4E90>"}], "start": 1694984533003, "stop": 1694984535156}, {"name": "Click on element", "status": "passed", "parameters": [{"name": "elem", "value": "<selenium.webdriver.support.event_firing_webdriver.EventFiringWebElement object at 0x0000024CDACC6490>"}], "start": 1694984536106, "stop": 1694984538331}], "parameters": [{"name": "amount", "value": "'1000'"}, {"name": "term", "value": "'10'"}, {"name": "rate", "value": "'10'"}, {"name": "save", "value": "True"}], "start": 1694984529177, "stop": 1694984538331}, {"name": "Check current time", "status": "passed", "start": 1694984538331, "stop": 1694984538331}, {"name": "Swipe the page", "status": "passed", "steps": [{"name": "Swipe screen", "status": "passed", "parameters": [{"name": "start_x", "value": "972.0"}, {"name": "start_y", "value": "1320.0"}, {"name": "end_x", "value": "108.0"}, {"name": "end_y", "value": "1320.0"}, {"name": "duration", "value": "200"}], "start": 1694984540333, "stop": 1694984541274}], "parameters": [{"name": "direction", "value": "'left'"}], "start": 1694984540333, "stop": 1694984541274}, {"name": "Check transaction time", "status": "passed", "start": 1694984546284, "stop": 1694984547168}, {"name": "Check current time", "status": "passed", "start": 1694984547168, "stop": 1694984547168}, {"name": "Check transaction time", "status": "passed", "start": 1694984547168, "stop": 1694984547954}, {"name": "Verify list of actual elements is equal to expected elements", "status": "failed", "statusDetails": {"message": "AssertionError: Verify Equals Failed, Actual: Saved on 18-09-2023 is not equal to Expected: Saved on 17-09-2023\n", "trace": "  File \"C:\\Automation\\Hobiz_Automation\\venv\\Lib\\site-packages\\allure_commons\\_allure.py\", line 192, in impl\n    return func(*a, **kw)\n           ^^^^^^^^^^^^^^\n  File \"C:\\Automation\\Final_Proj_Aut_Py\\extensions\\verifications.py\", line 12, in verify_equals\n    assert actual == expected, f'Verify Equals Failed, Actual: {str(actual)} is not equal to Expected: {str(expected)}'\n"}, "parameters": [{"name": "actual", "value": "'Saved on 18-09-2023'"}, {"name": "expected", "value": "'Saved on 17-09-2023'"}], "start": 1694984547954, "stop": 1694984547954}], "attachments": [{"source": "3dec640d-b6f9-4e4d-a578-b933431dda23-attachment.png", "type": "image/png"}], "start": 1694984529177, "stop": 1694984547970, "uuid": "d223f2fd-2e10-4e6b-92c0-1e8dd880ea4a", "historyId": "8615f8405e1d54a504832959380c2767", "testCaseId": "e72a2e047cc131c9174f98f332043a9b", "fullName": "test_cases.test_mobile.TestMobile#test_verify_time", "labels": [{"name": "tag", "value": "run_this"}, {"name": "tag", "value": "@pytest.mark.usefixtures('init_mobile_driver')"}, {"name": "parentSuite", "value": "test_cases"}, {"name": "suite", "value": "test_mobile"}, {"name": "subSuite", "value": "TestMobile"}, {"name": "host", "value": "BarLaptop"}, {"name": "thread", "value": "13472-MainThread"}, {"name": "framework", "value": "pytest"}, {"name": "language", "value": "cpython3"}, {"name": "package", "value": "test_cases.test_mobile"}]}