{"name": "TC01: Login to Grafana", "status": "failed", "statusDetails": {"message": "AssertionError: Verify Equals Failed, Actual: Welcome to Grafana is notequal to Expected: failtest", "trace": "self = <test_cases.test_web.TestWeb object at 0x000001999659CDD0>\n\n    @allure.title(\"TC01: Login to Grafana\")\n    @allure.description(\"Verify a successful login to Grafana\")\n    @pytest.mark.sanity\n    def test_verify_login(self):\n        WebFlows.login_flow(get_data('Username'), get_data('Password'))\n>       WebFlows.verify_grafana_title(\"failtest\") #Welcome to Grafana\n\ntest_web.py:16: \n_ _ _ _ _ _ _ _ _ _ _ _ _ _ _ _ _ _ _ _ _ _ _ _ _ _ _ _ _ _ _ _ _ _ _ _ _ _ _ _ _ _ _ _ _ _ _ _ _ _ _ _ _ _ _ _ _ _ _ _ _ _ _ _ _ _ _ _ _ _ _ _ _ _ _ _ _ _ _ _ _ _ _ _ _ _ _ _ _ _ _ _\n..\\workflows\\web_flows.py:28: in verify_grafana_title\n    Verifications.verify_equals(actual, expected)\n_ _ _ _ _ _ _ _ _ _ _ _ _ _ _ _ _ _ _ _ _ _ _ _ _ _ _ _ _ _ _ _ _ _ _ _ _ _ _ _ _ _ _ _ _ _ _ _ _ _ _ _ _ _ _ _ _ _ _ _ _ _ _ _ _ _ _ _ _ _ _ _ _ _ _ _ _ _ _ _ _ _ _ _ _ _ _ _ _ _ _ _\n\nactual = 'Welcome to Grafana', expected = 'failtest'\n\n    @staticmethod\n    @allure.step(\"Verify element is equal to expected\")\n    def verify_equals(actual, expected):\n>       assert actual == expected, f'Verify Equals Failed, Actual: {str(actual)} is notequal to Expected: {str(expected)}'\nE       AssertionError: Verify Equals Failed, Actual: Welcome to Grafana is notequal to Expected: failtest\n\n..\\extensions\\verifications.py:11: AssertionError"}, "description": "Verify a successful login to Grafana", "steps": [{"name": "Login to Grafana flow", "status": "passed", "steps": [{"name": "Updating text", "status": "passed", "parameters": [{"name": "elem", "value": "<selenium.webdriver.support.event_firing_webdriver.EventFiringWebElement object at 0x00000199965A5110>"}, {"name": "value", "value": "'admin'"}], "start": 1674634332345, "stop": 1674634332422}, {"name": "Updating text", "status": "passed", "parameters": [{"name": "elem", "value": "<selenium.webdriver.support.event_firing_webdriver.EventFiringWebElement object at 0x00000199965B6F50>"}, {"name": "value", "value": "'admin'"}], "start": 1674634332431, "stop": 1674634332501}, {"name": "Click on element", "status": "passed", "parameters": [{"name": "elem", "value": "<selenium.webdriver.support.event_firing_webdriver.EventFiringWebElement object at 0x00000199965B7990>"}], "start": 1674634332514, "stop": 1674634332609}, {"name": "Click on element", "status": "passed", "parameters": [{"name": "elem", "value": "<selenium.webdriver.support.event_firing_webdriver.EventFiringWebElement object at 0x000001999651DB10>"}], "start": 1674634332679, "stop": 1674634333385}], "parameters": [{"name": "user", "value": "'admin'"}, {"name": "password", "value": "'admin'"}], "start": 1674634332329, "stop": 1674634333385}, {"name": "Verify Grafana title flow", "status": "failed", "statusDetails": {"message": "AssertionError: Verify Equals Failed, Actual: Welcome to Grafana is notequal to Expected: failtest\n", "trace": "  File \"C:\\Users\\barka\\AppData\\Roaming\\Python\\Python311\\site-packages\\allure_commons\\_allure.py\", line 192, in impl\n    return func(*a, **kw)\n           ^^^^^^^^^^^^^^\n  File \"C:\\Automation\\Final_Proj_Aut_Py\\workflows\\web_flows.py\", line 28, in verify_grafana_title\n    Verifications.verify_equals(actual, expected)\n  File \"C:\\Users\\barka\\AppData\\Roaming\\Python\\Python311\\site-packages\\allure_commons\\_allure.py\", line 192, in impl\n    return func(*a, **kw)\n           ^^^^^^^^^^^^^^\n  File \"C:\\Automation\\Final_Proj_Aut_Py\\extensions\\verifications.py\", line 11, in verify_equals\n    assert actual == expected, f'Verify Equals Failed, Actual: {str(actual)} is notequal to Expected: {str(expected)}'\n"}, "steps": [{"name": "Verify element is equal to expected", "status": "failed", "statusDetails": {"message": "AssertionError: Verify Equals Failed, Actual: Welcome to Grafana is notequal to Expected: failtest\n", "trace": "  File \"C:\\Users\\barka\\AppData\\Roaming\\Python\\Python311\\site-packages\\allure_commons\\_allure.py\", line 192, in impl\n    return func(*a, **kw)\n           ^^^^^^^^^^^^^^\n  File \"C:\\Automation\\Final_Proj_Aut_Py\\extensions\\verifications.py\", line 11, in verify_equals\n    assert actual == expected, f'Verify Equals Failed, Actual: {str(actual)} is notequal to Expected: {str(expected)}'\n"}, "parameters": [{"name": "actual", "value": "'Welcome to Grafana'"}, {"name": "expected", "value": "'failtest'"}], "start": 1674634333418, "stop": 1674634333418}], "parameters": [{"name": "expected", "value": "'failtest'"}], "start": 1674634333385, "stop": 1674634333419}], "attachments": [{"source": "e13b0d58-b2d7-493b-ba52-6cd776c6b93d-attachment.png", "type": "image/png"}, {"name": "stdout", "source": "954f64b7-0d43-49d6-a153-97180e4c29d9-attachment.txt", "type": "text/plain"}], "start": 1674634332329, "stop": 1674634333419, "uuid": "651f236f-f89f-4851-bbfc-9a9c805035b2", "historyId": "54e61a4397564b26acdf4b5fe208f939", "testCaseId": "4727d0277c9099c0888dae150522b402", "fullName": "test_cases.test_web.TestWeb#test_verify_login", "labels": [{"name": "tag", "value": "sanity"}, {"name": "tag", "value": "@pytest.mark.usefixtures('init_web_driver')"}, {"name": "parentSuite", "value": "test_cases"}, {"name": "suite", "value": "test_web"}, {"name": "subSuite", "value": "TestWeb"}, {"name": "host", "value": "BarLaptop"}, {"name": "thread", "value": "10972-MainThread"}, {"name": "framework", "value": "pytest"}, {"name": "language", "value": "cpython3"}, {"name": "package", "value": "test_cases.test_web"}]}