{"name": "TC04: Filter the users list", "status": "failed", "statusDetails": {"message": "AssertionError: Number of elements in list: 2 does not match Expected: 8", "trace": "self = <test_cases.test_web.TestWeb object at 0x00000264B9682490>, search_value = 'gmail', expected_users = '8'\n\n    @allure.title(\"TC04: Filter the users list\")\n    @allure.description(\"This test filters the users list and check that the correct number of users are displayed\")\n    @pytest.mark.parametrize('search_value, expected_users', web_flows.testdata)\n    def test_search_filter(self, search_value, expected_users):\n        WebFlows.open_users_page()\n        WebFlows.search_user(search_value)\n>       WebFlows.verify_number_of_users(int(expected_users))\n\ntest_web.py:42: \n_ _ _ _ _ _ _ _ _ _ _ _ _ _ _ _ _ _ _ _ _ _ _ _ _ _ _ _ _ _ _ _ _ _ _ _ _ _ _ _ _ _ _ _ _ _ _ _ _ _ _ _ _ _ _ _ _ _ _ _ _ _ _ _ _ _ _ _ _ _ _ _ _ _ _ _ _ _ _ _ _ _ _ _ _ _ _ _ _ _ _ _\n..\\workflows\\web_flows.py:74: in verify_number_of_users\n    Verifications.verify_number_of_elements(page.web_server_admin.get_users_list(), number)\n_ _ _ _ _ _ _ _ _ _ _ _ _ _ _ _ _ _ _ _ _ _ _ _ _ _ _ _ _ _ _ _ _ _ _ _ _ _ _ _ _ _ _ _ _ _ _ _ _ _ _ _ _ _ _ _ _ _ _ _ _ _ _ _ _ _ _ _ _ _ _ _ _ _ _ _ _ _ _ _ _ _ _ _ _ _ _ _ _ _ _ _\n\nelems = [<selenium.webdriver.support.event_firing_webdriver.EventFiringWebElement object at 0x00000264B9A8A710>, <selenium.webdriver.support.event_firing_webdriver.EventFiringWebElement object at 0x00000264B9A5A390>]\nsize = 8\n\n    @staticmethod\n    @allure.step(\"Verify number of elements in list\")\n    def verify_number_of_elements(elems, size):\n>       assert len(elems) == size, f'Number of elements in list: {str(len(elems))} does not match Expected: {str(size)}'\nE       AssertionError: Number of elements in list: 2 does not match Expected: 8\n\n..\\extensions\\verifications.py:42: AssertionError"}, "description": "This test filters the users list and check that the correct number of users are displayed", "steps": [{"name": "Go to users page flow", "status": "passed", "steps": [{"name": "Mouse hover to elements", "status": "passed", "parameters": [{"name": "elem1", "value": "<selenium.webdriver.support.event_firing_webdriver.EventFiringWebElement object at 0x00000264B9A898D0>"}, {"name": "elem2", "value": "<selenium.webdriver.support.event_firing_webdriver.EventFiringWebElement object at 0x00000264B9A892D0>"}], "start": 1674630069638, "stop": 1674630070315}], "start": 1674630069619, "stop": 1674630070315}, {"name": "Search users in users table flow", "status": "passed", "steps": [{"name": "Clear text field in elements", "status": "passed", "parameters": [{"name": "elem", "value": "<selenium.webdriver.support.event_firing_webdriver.EventFiringWebElement object at 0x00000264B9A8AB90>"}], "start": 1674630070338, "stop": 1674630070394}, {"name": "Updating text", "status": "passed", "parameters": [{"name": "elem", "value": "<selenium.webdriver.support.event_firing_webdriver.EventFiringWebElement object at 0x00000264B9A8ADD0>"}, {"name": "value", "value": "'gmail'"}], "start": 1674630070400, "stop": 1674630070478}], "parameters": [{"name": "search_value", "value": "'gmail'"}], "start": 1674630070315, "stop": 1674630070478}, {"name": "Verify numbers of users in users table flow", "status": "failed", "statusDetails": {"message": "AssertionError: Number of elements in list: 2 does not match Expected: 8\n", "trace": "  File \"C:\\Users\\barka\\AppData\\Roaming\\Python\\Python311\\site-packages\\allure_commons\\_allure.py\", line 192, in impl\n    return func(*a, **kw)\n           ^^^^^^^^^^^^^^\n  File \"C:\\Automation\\Final_Proj_Aut_Py\\workflows\\web_flows.py\", line 74, in verify_number_of_users\n    Verifications.verify_number_of_elements(page.web_server_admin.get_users_list(), number)\n  File \"C:\\Users\\barka\\AppData\\Roaming\\Python\\Python311\\site-packages\\allure_commons\\_allure.py\", line 192, in impl\n    return func(*a, **kw)\n           ^^^^^^^^^^^^^^\n  File \"C:\\Automation\\Final_Proj_Aut_Py\\extensions\\verifications.py\", line 42, in verify_number_of_elements\n    assert len(elems) == size, f'Number of elements in list: {str(len(elems))} does not match Expected: {str(size)}'\n"}, "steps": [{"name": "Verify number of elements in list", "status": "failed", "statusDetails": {"message": "AssertionError: Number of elements in list: 2 does not match Expected: 8\n", "trace": "  File \"C:\\Users\\barka\\AppData\\Roaming\\Python\\Python311\\site-packages\\allure_commons\\_allure.py\", line 192, in impl\n    return func(*a, **kw)\n           ^^^^^^^^^^^^^^\n  File \"C:\\Automation\\Final_Proj_Aut_Py\\extensions\\verifications.py\", line 42, in verify_number_of_elements\n    assert len(elems) == size, f'Number of elements in list: {str(len(elems))} does not match Expected: {str(size)}'\n"}, "parameters": [{"name": "elems", "value": "[<selenium.webdriver.support.event_firing_webdriver.EventFiringWebElement object at 0x00000264B9A8A710>, <selenium.webdriver.support.event_firing_webdriver.EventFiringWebElement object at 0x00000264B9A5A390>]"}, {"name": "size", "value": "8"}], "start": 1674630071032, "stop": 1674630071032}], "parameters": [{"name": "number", "value": "8"}], "start": 1674630070478, "stop": 1674630071033}], "attachments": [{"source": "7148467e-2e1e-4f8c-a630-ed1762c5d0a0-attachment.png", "type": "image/png"}, {"name": "stdout", "source": "26a10c88-b647-4c91-85c6-aefbaa7f076b-attachment.txt", "type": "text/plain"}], "parameters": [{"name": "search_value", "value": "'gmail'"}, {"name": "expected_users", "value": "'8'"}], "start": 1674630069619, "stop": 1674630071033, "uuid": "312aef20-368b-493b-9866-69a264175a8b", "historyId": "e58e97be30e7db276acdf0d6545e7bf0", "testCaseId": "62e16884461abdedf205c6efa53fc928", "fullName": "test_cases.test_web.TestWeb#test_search_filter", "labels": [{"name": "tag", "value": "@pytest.mark.usefixtures('init_web_driver')"}, {"name": "parentSuite", "value": "test_cases"}, {"name": "suite", "value": "test_web"}, {"name": "subSuite", "value": "TestWeb"}, {"name": "host", "value": "BarLaptop"}, {"name": "thread", "value": "18244-MainThread"}, {"name": "framework", "value": "pytest"}, {"name": "language", "value": "cpython3"}, {"name": "package", "value": "test_cases.test_web"}]}