{"name": "TC05: Verify transaction date and hour", "status": "failed", "statusDetails": {"message": "AssertionError: Verify Equals Failed, Actual: Mon Sep 18 00:08:04 2023 is not equal to Expected: Mon Sep 18 00:07:55 2023", "trace": "self = <test_cases.test_mobile.TestMobile object at 0x00000163DB0E2D50>\n\n    @allure.title(\"TC05: Verify transaction date and hour\")\n    @allure.description(\"this test Verify that transaction saved on the current date and hour\")\n    @pytest.mark.run_this\n    def test_verify_time(self):\n        #MobileFlows.swipe_screen(Direction.RIGHT)\n        MobileFlows.mortgage_flow('1000', '10', '10', Save.YES)\n        MobileFlows.check_current_time()\n        time.sleep(2)\n        MobileFlows.swipe_screen(Direction.LEFT)\n        # 17-09-2023\n        # Sun Sep 17 23:08:43 2023\n        time.sleep(5)\n        MobileFlows.check_trans_time()\n        # Saved on 15-09-2023\n        # Sun Sep 17 23:08:43 0 202\n        # Verify saved on message shows the correct date\n        #Verifications.verify_equals('Saved on ' + MobileFlows.check_current_time()[0], MobileFlows.check_trans_time()[0])\n        # Verify the header full date is correct\n>       Verifications.verify_equals(MobileFlows.check_current_time()[1], MobileFlows.check_trans_time()[1])\n\ntest_mobile.py:70: \n_ _ _ _ _ _ _ _ _ _ _ _ _ _ _ _ _ _ _ _ _ _ _ _ _ _ _ _ _ _ _ _ _ _ _ _ _ _ _ _ _ _ _ _ _ _ _ _ _ _ _ _ _ _ _ _ _ _ _ _ _ _ _ _ _ _ _ _ _ _ _ _ _ _ _ _ _ _ _ _ _ _ _ _ _ _ _ _ _ _\n\nactual = 'Mon Sep 18 00:08:04 2023', expected = 'Mon Sep 18 00:07:55 2023'\n\n    @staticmethod\n    @allure.step(\"Verify list of actual elements is equal to expected elements\")\n    def verify_equals(actual, expected):\n>       assert actual == expected, f'Verify Equals Failed, Actual: {str(actual)} is not equal to Expected: {str(expected)}'\nE       AssertionError: Verify Equals Failed, Actual: Mon Sep 18 00:08:04 2023 is not equal to Expected: Mon Sep 18 00:07:55 2023\n\n..\\extensions\\verifications.py:12: AssertionError"}, "description": "this test Verify that transaction saved on the current date and hour", "steps": [{"name": "Fill in mortgage details flow", "status": "passed", "steps": [{"name": "Updating text", "status": "passed", "parameters": [{"name": "elem", "value": "<selenium.webdriver.support.event_firing_webdriver.EventFiringWebElement object at 0x00000163DB0E7190>"}, {"name": "value", "value": "'1000'"}], "start": 1694984866415, "stop": 1694984867526}, {"name": "Updating text", "status": "passed", "parameters": [{"name": "elem", "value": "<selenium.webdriver.support.event_firing_webdriver.EventFiringWebElement object at 0x00000163DB0E5790>"}, {"name": "value", "value": "'10'"}], "start": 1694984867697, "stop": 1694984869026}, {"name": "Updating text", "status": "passed", "parameters": [{"name": "elem", "value": "<selenium.webdriver.support.event_firing_webdriver.EventFiringWebElement object at 0x00000163DB435410>"}, {"name": "value", "value": "'10'"}], "start": 1694984869199, "stop": 1694984870445}, {"name": "Click on element", "status": "passed", "parameters": [{"name": "elem", "value": "<selenium.webdriver.support.event_firing_webdriver.EventFiringWebElement object at 0x00000163DB434C50>"}], "start": 1694984870711, "stop": 1694984873111}, {"name": "Click on element", "status": "passed", "parameters": [{"name": "elem", "value": "<selenium.webdriver.support.event_firing_webdriver.EventFiringWebElement object at 0x00000163DB436850>"}], "start": 1694984873982, "stop": 1694984875963}], "parameters": [{"name": "amount", "value": "'1000'"}, {"name": "term", "value": "'10'"}, {"name": "rate", "value": "'10'"}, {"name": "save", "value": "True"}], "start": 1694984866190, "stop": 1694984875963}, {"name": "Check current time", "status": "passed", "start": 1694984875963, "stop": 1694984875963}, {"name": "Swipe the page", "status": "passed", "steps": [{"name": "Swipe screen", "status": "passed", "parameters": [{"name": "start_x", "value": "972.0"}, {"name": "start_y", "value": "1320.0"}, {"name": "end_x", "value": "108.0"}, {"name": "end_y", "value": "1320.0"}, {"name": "duration", "value": "200"}], "start": 1694984877973, "stop": 1694984878995}], "parameters": [{"name": "direction", "value": "'left'"}], "start": 1694984877973, "stop": 1694984878995}, {"name": "Check transaction time", "status": "passed", "start": 1694984884010, "stop": 1694984884668}, {"name": "Check current time", "status": "passed", "start": 1694984884668, "stop": 1694984884668}, {"name": "Check transaction time", "status": "passed", "start": 1694984884668, "stop": 1694984885210}, {"name": "Verify list of actual elements is equal to expected elements", "status": "failed", "statusDetails": {"message": "AssertionError: Verify Equals Failed, Actual: Mon Sep 18 00:08:04 2023 is not equal to Expected: Mon Sep 18 00:07:55 2023\n", "trace": "  File \"C:\\Automation\\Hobiz_Automation\\venv\\Lib\\site-packages\\allure_commons\\_allure.py\", line 192, in impl\n    return func(*a, **kw)\n           ^^^^^^^^^^^^^^\n  File \"C:\\Automation\\Final_Proj_Aut_Py\\extensions\\verifications.py\", line 12, in verify_equals\n    assert actual == expected, f'Verify Equals Failed, Actual: {str(actual)} is not equal to Expected: {str(expected)}'\n"}, "parameters": [{"name": "actual", "value": "'Mon Sep 18 00:08:04 2023'"}, {"name": "expected", "value": "'Mon Sep 18 00:07:55 2023'"}], "start": 1694984885210, "stop": 1694984885210}], "attachments": [{"source": "175f972b-8184-42c1-beba-a0cac7c20562-attachment.png", "type": "image/png"}], "start": 1694984866175, "stop": 1694984885210, "uuid": "6f0e9ab6-e198-4a22-a46d-f45ed4f84658", "historyId": "8615f8405e1d54a504832959380c2767", "testCaseId": "e72a2e047cc131c9174f98f332043a9b", "fullName": "test_cases.test_mobile.TestMobile#test_verify_time", "labels": [{"name": "tag", "value": "run_this"}, {"name": "tag", "value": "@pytest.mark.usefixtures('init_mobile_driver')"}, {"name": "parentSuite", "value": "test_cases"}, {"name": "suite", "value": "test_mobile"}, {"name": "subSuite", "value": "TestMobile"}, {"name": "host", "value": "BarLaptop"}, {"name": "thread", "value": "14928-MainThread"}, {"name": "framework", "value": "pytest"}, {"name": "language", "value": "cpython3"}, {"name": "package", "value": "test_cases.test_mobile"}]}