{"name": "TC01: Verify mortgage repayment", "status": "failed", "statusDetails": {"message": "AssertionError: Verify Equals Failed, Actual: £17.94 is notequal to Expected: £20.99", "trace": "self = <test_cases.test_mobile.TestMobile object at 0x0000022549B6EB10>\n\n    @allure.title(\"TC01: Verify mortgage repayment\")\n    @allure.description(\"This test verify the mortgage repayment\")\n    @pytest.mark.sanity\n    def test_verify_mortgage_repayment(self):       # This test will fail\n        MobileFlows.mortgage_flow('1000', '5', '2.5', Save.NO)\n>       MobileFlows.verify_mortgage_repayment('20.99')\n\ntest_mobile.py:15: \n_ _ _ _ _ _ _ _ _ _ _ _ _ _ _ _ _ _ _ _ _ _ _ _ _ _ _ _ _ _ _ _ _ _ _ _ _ _ _ _ _ _ _ _ _ _ _ _ _ _ _ _ _ _ _ _ _ _ _ _ _ _ _ _ _ _ _ _ _ _ _ _ _ _ _ _ _ _ _ _ _ _ _ _ _ _ _ _ _ _ _ _\n..\\workflows\\mobile_flows.py:28: in verify_mortgage_repayment\n    Verifications.verify_equals(actual, '£' + expected)\n_ _ _ _ _ _ _ _ _ _ _ _ _ _ _ _ _ _ _ _ _ _ _ _ _ _ _ _ _ _ _ _ _ _ _ _ _ _ _ _ _ _ _ _ _ _ _ _ _ _ _ _ _ _ _ _ _ _ _ _ _ _ _ _ _ _ _ _ _ _ _ _ _ _ _ _ _ _ _ _ _ _ _ _ _ _ _ _ _ _ _ _\n\nactual = '£17.94', expected = '£20.99'\n\n    @staticmethod\n    @allure.step(\"Verify element is equal to expected\")\n    def verify_equals(actual, expected):\n>       assert actual == expected, f'Verify Equals Failed, Actual: {str(actual)} is notequal to Expected: {str(expected)}'\nE       AssertionError: Verify Equals Failed, Actual: £17.94 is notequal to Expected: £20.99\n\n..\\extensions\\verifications.py:11: AssertionError"}, "description": "This test verify the mortgage repayment", "steps": [{"name": "Fill in mortgage details flow", "status": "passed", "steps": [{"name": "Updating text", "status": "passed", "parameters": [{"name": "elem", "value": "<selenium.webdriver.support.event_firing_webdriver.EventFiringWebElement object at 0x0000022549B7EE90>"}, {"name": "value", "value": "'1000'"}], "start": 1675498502796, "stop": 1675498503797}, {"name": "Updating text", "status": "passed", "parameters": [{"name": "elem", "value": "<selenium.webdriver.support.event_firing_webdriver.EventFiringWebElement object at 0x0000022549B7F550>"}, {"name": "value", "value": "'5'"}], "start": 1675498503997, "stop": 1675498505030}, {"name": "Updating text", "status": "passed", "parameters": [{"name": "elem", "value": "<selenium.webdriver.support.event_firing_webdriver.EventFiringWebElement object at 0x0000022549759410>"}, {"name": "value", "value": "'2.5'"}], "start": 1675498505155, "stop": 1675498506226}, {"name": "Click on element", "status": "passed", "parameters": [{"name": "elem", "value": "<selenium.webdriver.support.event_firing_webdriver.EventFiringWebElement object at 0x0000022549B7EF10>"}], "start": 1675498506419, "stop": 1675498508525}], "parameters": [{"name": "amount", "value": "'1000'"}, {"name": "term", "value": "'5'"}, {"name": "rate", "value": "'2.5'"}, {"name": "save", "value": "False"}], "start": 1675498502569, "stop": 1675498509085}, {"name": "Fill in mortgage details flow", "status": "failed", "statusDetails": {"message": "AssertionError: Verify Equals Failed, Actual: £17.94 is notequal to Expected: £20.99\n", "trace": "  File \"C:\\Users\\barka\\AppData\\Roaming\\Python\\Python311\\site-packages\\allure_commons\\_allure.py\", line 192, in impl\n    return func(*a, **kw)\n           ^^^^^^^^^^^^^^\n  File \"C:\\Automation\\Final_Proj_Aut_Py\\workflows\\mobile_flows.py\", line 28, in verify_mortgage_repayment\n    Verifications.verify_equals(actual, '£' + expected)\n  File \"C:\\Users\\barka\\AppData\\Roaming\\Python\\Python311\\site-packages\\allure_commons\\_allure.py\", line 192, in impl\n    return func(*a, **kw)\n           ^^^^^^^^^^^^^^\n  File \"C:\\Automation\\Final_Proj_Aut_Py\\extensions\\verifications.py\", line 11, in verify_equals\n    assert actual == expected, f'Verify Equals Failed, Actual: {str(actual)} is notequal to Expected: {str(expected)}'\n"}, "steps": [{"name": "Verify element is equal to expected", "status": "failed", "statusDetails": {"message": "AssertionError: Verify Equals Failed, Actual: £17.94 is notequal to Expected: £20.99\n", "trace": "  File \"C:\\Users\\barka\\AppData\\Roaming\\Python\\Python311\\site-packages\\allure_commons\\_allure.py\", line 192, in impl\n    return func(*a, **kw)\n           ^^^^^^^^^^^^^^\n  File \"C:\\Automation\\Final_Proj_Aut_Py\\extensions\\verifications.py\", line 11, in verify_equals\n    assert actual == expected, f'Verify Equals Failed, Actual: {str(actual)} is notequal to Expected: {str(expected)}'\n"}, "parameters": [{"name": "actual", "value": "'£17.94'"}, {"name": "expected", "value": "'£20.99'"}], "start": 1675498509345, "stop": 1675498509345}], "parameters": [{"name": "expected", "value": "'20.99'"}], "start": 1675498509085, "stop": 1675498509347}], "attachments": [{"source": "701a1bb6-1eeb-4d10-b58a-b0b44abb52c2-attachment.png", "type": "image/png"}], "start": 1675498502568, "stop": 1675498509349, "uuid": "8cd54ffe-b7bd-4d7e-bd49-b19a3fbc06de", "historyId": "a30192239a60ec8a82383610771cebd1", "testCaseId": "97a7bf2948ce48bcb5e15b7af9ec3ce8", "fullName": "test_cases.test_mobile.TestMobile#test_verify_mortgage_repayment", "labels": [{"name": "tag", "value": "sanity"}, {"name": "tag", "value": "@pytest.mark.usefixtures('init_mobile_driver')"}, {"name": "parentSuite", "value": "test_cases"}, {"name": "suite", "value": "test_mobile"}, {"name": "subSuite", "value": "TestMobile"}, {"name": "host", "value": "BarLaptop"}, {"name": "thread", "value": "17824-MainThread"}, {"name": "framework", "value": "pytest"}, {"name": "language", "value": "cpython3"}, {"name": "package", "value": "test_cases.test_mobile"}]}