{"name": "TC06: Verify mortgage calculation", "status": "failed", "statusDetails": {"message": "AssertionError: Verify Equals Failed, Actual: £91.67 is not equal to Expected: 91.66666666666667", "trace": "self = <test_cases.test_mobile.TestMobile object at 0x00000245762A3290>\n\n    @allure.title(\"TC06: Verify mortgage calculation\")\n    @allure.description(\"this test Verify the mortgage calculation is correct: amount*(1+precetage)/yrs\")\n    @pytest.mark.run_this\n    def test_mortgage_details(self):\n        self.skip_teardown = True\n        MobileFlows.swipe_screen(Direction.RIGHT)\n        MobileFlows.mortgage_flow('1000', '1', '10', Save.NO)\n>       Verifications.verify_equals(page.mobile_calculator.get_repayment().text, str((1000/12)*1.1))\n\ntest_mobile.py:83: \n_ _ _ _ _ _ _ _ _ _ _ _ _ _ _ _ _ _ _ _ _ _ _ _ _ _ _ _ _ _ _ _ _ _ _ _ _ _ _ _ _ _ _ _ _ _ _ _ _ _ _ _ _ _ _ _ _ _ _ _ _ _ _ _ _ _ _ _ _ _ _ _ _ _ _ _ _ _ _ _ _ _ _ _ _ _ _ _ _ _\n\nactual = '£91.67', expected = '91.66666666666667'\n\n    @staticmethod\n    @allure.step(\"Verify list of actual elements is equal to expected elements\")\n    def verify_equals(actual, expected):\n>       assert actual == expected, f'Verify Equals Failed, Actual: {str(actual)} is not equal to Expected: {str(expected)}'\nE       AssertionError: Verify Equals Failed, Actual: £91.67 is not equal to Expected: 91.66666666666667\n\n..\\extensions\\verifications.py:12: AssertionError"}, "description": "this test Verify the mortgage calculation is correct: amount*(1+precetage)/yrs", "steps": [{"name": "Swipe the page", "status": "passed", "steps": [{"name": "Swipe screen", "status": "passed", "parameters": [{"name": "start_x", "value": "108.0"}, {"name": "start_y", "value": "1320.0"}, {"name": "end_x", "value": "972.0"}, {"name": "end_y", "value": "1320.0"}, {"name": "duration", "value": "200"}], "start": 1695215137785, "stop": 1695215138586}], "parameters": [{"name": "direction", "value": "'right'"}], "start": 1695215137785, "stop": 1695215138586}, {"name": "Fill in mortgage details flow", "status": "passed", "steps": [{"name": "Updating text", "status": "passed", "parameters": [{"name": "elem", "value": "<selenium.webdriver.support.event_firing_webdriver.EventFiringWebElement object at 0x00000245765F0A10>"}, {"name": "value", "value": "'1000'"}], "start": 1695215139000, "stop": 1695215140310}, {"name": "Updating text", "status": "passed", "parameters": [{"name": "elem", "value": "<selenium.webdriver.support.event_firing_webdriver.EventFiringWebElement object at 0x00000245765F27D0>"}, {"name": "value", "value": "'1'"}], "start": 1695215140545, "stop": 1695215141889}, {"name": "Updating text", "status": "passed", "parameters": [{"name": "elem", "value": "<selenium.webdriver.support.event_firing_webdriver.EventFiringWebElement object at 0x00000245765F31D0>"}, {"name": "value", "value": "'10'"}], "start": 1695215142029, "stop": 1695215143298}, {"name": "Click on element", "status": "passed", "parameters": [{"name": "elem", "value": "<selenium.webdriver.support.event_firing_webdriver.EventFiringWebElement object at 0x00000245765F3350>"}], "start": 1695215143454, "stop": 1695215145850}], "parameters": [{"name": "amount", "value": "'1000'"}, {"name": "term", "value": "'1'"}, {"name": "rate", "value": "'10'"}, {"name": "save", "value": "False"}], "start": 1695215138586, "stop": 1695215146369}, {"name": "Verify list of actual elements is equal to expected elements", "status": "failed", "statusDetails": {"message": "AssertionError: Verify Equals Failed, Actual: £91.67 is not equal to Expected: 91.66666666666667\n", "trace": "  File \"C:\\Automation\\Hobiz_Automation\\venv\\Lib\\site-packages\\allure_commons\\_allure.py\", line 192, in impl\n    return func(*a, **kw)\n           ^^^^^^^^^^^^^^\n  File \"C:\\Automation\\Final_Proj_Aut_Py\\extensions\\verifications.py\", line 12, in verify_equals\n    assert actual == expected, f'Verify Equals Failed, Actual: {str(actual)} is not equal to Expected: {str(expected)}'\n"}, "parameters": [{"name": "actual", "value": "'£91.67'"}, {"name": "expected", "value": "'91.66666666666667'"}], "start": 1695215146613, "stop": 1695215146613}], "attachments": [{"source": "528491bd-77e8-46b4-90ca-77fc6743c482-attachment.png", "type": "image/png"}], "start": 1695215137785, "stop": 1695215146628, "uuid": "de960874-e679-48dc-bf8a-29bbe8161b2f", "historyId": "1be3e43e0bfc1f1de277060f66910b75", "testCaseId": "433ad2f4ab52d90c14bbac36468afa7b", "fullName": "test_cases.test_mobile.TestMobile#test_mortgage_details", "labels": [{"name": "tag", "value": "run_this"}, {"name": "tag", "value": "@pytest.mark.usefixtures('init_mobile_driver')"}, {"name": "parentSuite", "value": "test_cases"}, {"name": "suite", "value": "test_mobile"}, {"name": "subSuite", "value": "TestMobile"}, {"name": "host", "value": "BarLaptop"}, {"name": "thread", "value": "10752-MainThread"}, {"name": "framework", "value": "pytest"}, {"name": "language", "value": "cpython3"}, {"name": "package", "value": "test_cases.test_mobile"}]}