{"name": "TC05: Delete users", "status": "broken", "statusDetails": {"message": "selenium.common.exceptions.StaleElementReferenceException: Message: stale element reference: element is not attached to the page document\n  (Session info: chrome=109.0.5414.75)\nStacktrace:\nBacktrace:\n\t(No symbol) [0x00386643]\n\t(No symbol) [0x0031BE21]\n\t(No symbol) [0x0021DA9D]\n\t(No symbol) [0x002209E4]\n\t(No symbol) [0x002208AD]\n\t(No symbol) [0x002212E5]\n\t(No symbol) [0x002879F7]\n\t(No symbol) [0x0026FD7C]\n\t(No symbol) [0x00286B09]\n\t(No symbol) [0x0026FB76]\n\t(No symbol) [0x002449C1]\n\t(No symbol) [0x00245E5D]\n\tGetHandleVerifier [0x005FA142+2497106]\n\tGetHandleVerifier [0x006285D3+2686691]\n\tGetHandleVerifier [0x0062BB9C+2700460]\n\tGetHandleVerifier [0x00433B10+635936]\n\t(No symbol) [0x00324A1F]\n\t(No symbol) [0x0032A418]\n\t(No symbol) [0x0032A505]\n\t(No symbol) [0x0033508B]\n\tBaseThreadInitThunk [0x76187D69+25]\n\tRtlInitializeExceptionChain [0x7742BB9B+107]\n\tRtlClearBits [0x7742BB1F+191]", "trace": "self = <test_cases.test_web.TestWeb object at 0x00000264B9682990>\n\n    @allure.title(\"TC05: Delete users\")\n    @allure.description(\"This test delete new users and check that the users are deleted\")\n    def test_verify_deleted_user(self):\n        WebFlows.open_users_page()\n        WebFlows.delete_user(By.USER, 'test1user')\n>       WebFlows.delete_user(By.INDEX, 1)\n\ntest_web.py:49: \n_ _ _ _ _ _ _ _ _ _ _ _ _ _ _ _ _ _ _ _ _ _ _ _ _ _ _ _ _ _ _ _ _ _ _ _ _ _ _ _ _ _ _ _ _ _ _ _ _ _ _ _ _ _ _ _ _ _ _ _ _ _ _ _ _ _ _ _ _ _ _ _ _ _ _ _ _ _ _ _ _ _ _ _ _ _ _ _ _ _ _ _\n..\\workflows\\web_flows.py:92: in delete_user\n    UiActions.click(page.web_server_admin.get_user_by_index(value))\n..\\extensions\\ui_actiuons.py:13: in click\n    elem.click()\nC:\\Users\\barka\\AppData\\Roaming\\Python\\Python311\\site-packages\\selenium\\webdriver\\support\\event_firing_webdriver.py:183: in click\n    self._dispatch(\"click\", (self._webelement, self._driver), \"click\", ())\nC:\\Users\\barka\\AppData\\Roaming\\Python\\Python311\\site-packages\\selenium\\webdriver\\support\\event_firing_webdriver.py:198: in _dispatch\n    getattr(self._listener, f\"before_{l_call}\")(*l_args)\n..\\utilities\\event_listener.py:44: in before_click\n    EventListener.button_text = element.get_attribute(\"value\")\nC:\\Users\\barka\\AppData\\Roaming\\Python\\Python311\\site-packages\\selenium\\webdriver\\remote\\webelement.py:179: in get_attribute\n    attribute_value = self.parent.execute_script(\nC:\\Users\\barka\\AppData\\Roaming\\Python\\Python311\\site-packages\\selenium\\webdriver\\remote\\webdriver.py:506: in execute_script\n    return self.execute(command, {\"script\": script, \"args\": converted_args})[\"value\"]\nC:\\Users\\barka\\AppData\\Roaming\\Python\\Python311\\site-packages\\selenium\\webdriver\\remote\\webdriver.py:444: in execute\n    self.error_handler.check_response(response)\n_ _ _ _ _ _ _ _ _ _ _ _ _ _ _ _ _ _ _ _ _ _ _ _ _ _ _ _ _ _ _ _ _ _ _ _ _ _ _ _ _ _ _ _ _ _ _ _ _ _ _ _ _ _ _ _ _ _ _ _ _ _ _ _ _ _ _ _ _ _ _ _ _ _ _ _ _ _ _ _ _ _ _ _ _ _ _ _ _ _ _ _\n\nself = <selenium.webdriver.remote.errorhandler.ErrorHandler object at 0x00000264B963C150>\nresponse = {'status': 404, 'value': '{\"value\":{\"error\":\"stale element reference\",\"message\":\"stale element reference: element is n...dInitThunk [0x76187D69+25]\\\\n\\\\tRtlInitializeExceptionChain [0x7742BB9B+107]\\\\n\\\\tRtlClearBits [0x7742BB1F+191]\\\\n\"}}'}\n\n    def check_response(self, response: Dict[str, Any]) -> None:\n        \"\"\"\n        Checks that a JSON response from the WebDriver does not have an error.\n    \n        :Args:\n         - response - The JSON response from the WebDriver server as a dictionary\n           object.\n    \n        :Raises: If the response contains an error message.\n        \"\"\"\n        status = response.get(\"status\", None)\n        if not status or status == ErrorCode.SUCCESS:\n            return\n        value = None\n        message = response.get(\"message\", \"\")\n        screen: str = response.get(\"screen\", \"\")\n        stacktrace = None\n        if isinstance(status, int):\n            value_json = response.get(\"value\", None)\n            if value_json and isinstance(value_json, str):\n                import json\n    \n                try:\n                    value = json.loads(value_json)\n                    if len(value.keys()) == 1:\n                        value = value[\"value\"]\n                    status = value.get(\"error\", None)\n                    if not status:\n                        status = value.get(\"status\", ErrorCode.UNKNOWN_ERROR)\n                        message = value.get(\"value\") or value.get(\"message\")\n                        if not isinstance(message, str):\n                            value = message\n                            message = message.get(\"message\")\n                    else:\n                        message = value.get(\"message\", None)\n                except ValueError:\n                    pass\n    \n        exception_class: Type[WebDriverException]\n        if status in ErrorCode.NO_SUCH_ELEMENT:\n            exception_class = NoSuchElementException\n        elif status in ErrorCode.NO_SUCH_FRAME:\n            exception_class = NoSuchFrameException\n        elif status in ErrorCode.NO_SUCH_SHADOW_ROOT:\n            exception_class = NoSuchShadowRootException\n        elif status in ErrorCode.NO_SUCH_WINDOW:\n            exception_class = NoSuchWindowException\n        elif status in ErrorCode.STALE_ELEMENT_REFERENCE:\n            exception_class = StaleElementReferenceException\n        elif status in ErrorCode.ELEMENT_NOT_VISIBLE:\n            exception_class = ElementNotVisibleException\n        elif status in ErrorCode.INVALID_ELEMENT_STATE:\n            exception_class = InvalidElementStateException\n        elif (\n            status in ErrorCode.INVALID_SELECTOR\n            or status in ErrorCode.INVALID_XPATH_SELECTOR\n            or status in ErrorCode.INVALID_XPATH_SELECTOR_RETURN_TYPER\n        ):\n            exception_class = InvalidSelectorException\n        elif status in ErrorCode.ELEMENT_IS_NOT_SELECTABLE:\n            exception_class = ElementNotSelectableException\n        elif status in ErrorCode.ELEMENT_NOT_INTERACTABLE:\n            exception_class = ElementNotInteractableException\n        elif status in ErrorCode.INVALID_COOKIE_DOMAIN:\n            exception_class = InvalidCookieDomainException\n        elif status in ErrorCode.UNABLE_TO_SET_COOKIE:\n            exception_class = UnableToSetCookieException\n        elif status in ErrorCode.TIMEOUT:\n            exception_class = TimeoutException\n        elif status in ErrorCode.SCRIPT_TIMEOUT:\n            exception_class = TimeoutException\n        elif status in ErrorCode.UNKNOWN_ERROR:\n            exception_class = WebDriverException\n        elif status in ErrorCode.UNEXPECTED_ALERT_OPEN:\n            exception_class = UnexpectedAlertPresentException\n        elif status in ErrorCode.NO_ALERT_OPEN:\n            exception_class = NoAlertPresentException\n        elif status in ErrorCode.IME_NOT_AVAILABLE:\n            exception_class = ImeNotAvailableException\n        elif status in ErrorCode.IME_ENGINE_ACTIVATION_FAILED:\n            exception_class = ImeActivationFailedException\n        elif status in ErrorCode.MOVE_TARGET_OUT_OF_BOUNDS:\n            exception_class = MoveTargetOutOfBoundsException\n        elif status in ErrorCode.JAVASCRIPT_ERROR:\n            exception_class = JavascriptException\n        elif status in ErrorCode.SESSION_NOT_CREATED:\n            exception_class = SessionNotCreatedException\n        elif status in ErrorCode.INVALID_ARGUMENT:\n            exception_class = InvalidArgumentException\n        elif status in ErrorCode.NO_SUCH_COOKIE:\n            exception_class = NoSuchCookieException\n        elif status in ErrorCode.UNABLE_TO_CAPTURE_SCREEN:\n            exception_class = ScreenshotException\n        elif status in ErrorCode.ELEMENT_CLICK_INTERCEPTED:\n            exception_class = ElementClickInterceptedException\n        elif status in ErrorCode.INSECURE_CERTIFICATE:\n            exception_class = InsecureCertificateException\n        elif status in ErrorCode.INVALID_COORDINATES:\n            exception_class = InvalidCoordinatesException\n        elif status in ErrorCode.INVALID_SESSION_ID:\n            exception_class = InvalidSessionIdException\n        elif status in ErrorCode.UNKNOWN_METHOD:\n            exception_class = UnknownMethodException\n        else:\n            exception_class = WebDriverException\n        if not value:\n            value = response[\"value\"]\n        if isinstance(value, str):\n            raise exception_class(value)\n        if message == \"\" and \"message\" in value:\n            message = value[\"message\"]\n    \n        screen = None  # type: ignore[assignment]\n        if \"screen\" in value:\n            screen = value[\"screen\"]\n    \n        stacktrace = None\n        st_value = value.get(\"stackTrace\") or value.get(\"stacktrace\")\n        if st_value:\n            if isinstance(st_value, str):\n                stacktrace = st_value.split(\"\\n\")\n            else:\n                stacktrace = []\n                try:\n                    for frame in st_value:\n                        line = frame.get(\"lineNumber\", \"\")\n                        file = frame.get(\"fileName\", \"<anonymous>\")\n                        if line:\n                            file = f\"{file}:{line}\"\n                        meth = frame.get(\"methodName\", \"<anonymous>\")\n                        if \"className\" in frame:\n                            meth = \"{}.{}\".format(frame[\"className\"], meth)\n                        msg = \"    at %s (%s)\"\n                        msg = msg % (meth, file)\n                        stacktrace.append(msg)\n                except TypeError:\n                    pass\n        if exception_class == UnexpectedAlertPresentException:\n            alert_text = None\n            if \"data\" in value:\n                alert_text = value[\"data\"].get(\"text\")\n            elif \"alert\" in value:\n                alert_text = value[\"alert\"].get(\"text\")\n            raise exception_class(message, screen, stacktrace, alert_text)  # type: ignore[call-arg]  # mypy is not smart enough here\n>       raise exception_class(message, screen, stacktrace)\nE       selenium.common.exceptions.StaleElementReferenceException: Message: stale element reference: element is not attached to the page document\nE         (Session info: chrome=109.0.5414.75)\nE       Stacktrace:\nE       Backtrace:\nE       \t(No symbol) [0x00386643]\nE       \t(No symbol) [0x0031BE21]\nE       \t(No symbol) [0x0021DA9D]\nE       \t(No symbol) [0x002209E4]\nE       \t(No symbol) [0x002208AD]\nE       \t(No symbol) [0x002212E5]\nE       \t(No symbol) [0x002879F7]\nE       \t(No symbol) [0x0026FD7C]\nE       \t(No symbol) [0x00286B09]\nE       \t(No symbol) [0x0026FB76]\nE       \t(No symbol) [0x002449C1]\nE       \t(No symbol) [0x00245E5D]\nE       \tGetHandleVerifier [0x005FA142+2497106]\nE       \tGetHandleVerifier [0x006285D3+2686691]\nE       \tGetHandleVerifier [0x0062BB9C+2700460]\nE       \tGetHandleVerifier [0x00433B10+635936]\nE       \t(No symbol) [0x00324A1F]\nE       \t(No symbol) [0x0032A418]\nE       \t(No symbol) [0x0032A505]\nE       \t(No symbol) [0x0033508B]\nE       \tBaseThreadInitThunk [0x76187D69+25]\nE       \tRtlInitializeExceptionChain [0x7742BB9B+107]\nE       \tRtlClearBits [0x7742BB1F+191]\n\nC:\\Users\\barka\\AppData\\Roaming\\Python\\Python311\\site-packages\\selenium\\webdriver\\remote\\errorhandler.py:249: StaleElementReferenceException"}, "description": "This test delete new users and check that the users are deleted", "steps": [{"name": "Go to users page flow", "status": "passed", "steps": [{"name": "Mouse hover to elements", "status": "passed", "parameters": [{"name": "elem1", "value": "<selenium.webdriver.support.event_firing_webdriver.EventFiringWebElement object at 0x00000264B962C3D0>"}, {"name": "elem2", "value": "<selenium.webdriver.support.event_firing_webdriver.EventFiringWebElement object at 0x00000264B96A5190>"}], "start": 1674630080037, "stop": 1674630080701}], "start": 1674630079990, "stop": 1674630080701}, {"name": "Delete users from users table flow", "status": "passed", "steps": [{"name": "Click on element", "status": "passed", "parameters": [{"name": "elem", "value": "<selenium.webdriver.support.event_firing_webdriver.EventFiringWebElement object at 0x00000264B96A5610>"}], "start": 1674630080722, "stop": 1674630080809}, {"name": "Click on element", "status": "passed", "parameters": [{"name": "elem", "value": "<selenium.webdriver.support.event_firing_webdriver.EventFiringWebElement object at 0x00000264B96A7F10>"}], "start": 1674630080884, "stop": 1674630080963}, {"name": "Click on element", "status": "passed", "parameters": [{"name": "elem", "value": "<selenium.webdriver.support.event_firing_webdriver.EventFiringWebElement object at 0x00000264B96A6350>"}], "start": 1674630080976, "stop": 1674630081071}], "parameters": [{"name": "by", "value": "'user'"}, {"name": "value", "value": "'test1user'"}], "start": 1674630080701, "stop": 1674630081071}, {"name": "Delete users from users table flow", "status": "broken", "statusDetails": {"message": "selenium.common.exceptions.StaleElementReferenceException: Message: stale element reference: element is not attached to the page document\n  (Session info: chrome=109.0.5414.75)\nStacktrace:\nBacktrace:\n\t(No symbol) [0x00386643]\n\t(No symbol) [0x0031BE21]\n\t(No symbol) [0x0021DA9D]\n\t(No symbol) [0x002209E4]\n\t(No symbol) [0x002208AD]\n\t(No symbol) [0x002212E5]\n\t(No symbol) [0x002879F7]\n\t(No symbol) [0x0026FD7C]\n\t(No symbol) [0x00286B09]\n\t(No symbol) [0x0026FB76]\n\t(No symbol) [0x002449C1]\n\t(No symbol) [0x00245E5D]\n\tGetHandleVerifier [0x005FA142+2497106]\n\tGetHandleVerifier [0x006285D3+2686691]\n\tGetHandleVerifier [0x0062BB9C+2700460]\n\tGetHandleVerifier [0x00433B10+635936]\n\t(No symbol) [0x00324A1F]\n\t(No symbol) [0x0032A418]\n\t(No symbol) [0x0032A505]\n\t(No symbol) [0x0033508B]\n\tBaseThreadInitThunk [0x76187D69+25]\n\tRtlInitializeExceptionChain [0x7742BB9B+107]\n\tRtlClearBits [0x7742BB1F+191]\n\n", "trace": "  File \"C:\\Users\\barka\\AppData\\Roaming\\Python\\Python311\\site-packages\\allure_commons\\_allure.py\", line 192, in impl\n    return func(*a, **kw)\n           ^^^^^^^^^^^^^^\n  File \"C:\\Automation\\Final_Proj_Aut_Py\\workflows\\web_flows.py\", line 92, in delete_user\n    UiActions.click(page.web_server_admin.get_user_by_index(value))\n  File \"C:\\Users\\barka\\AppData\\Roaming\\Python\\Python311\\site-packages\\allure_commons\\_allure.py\", line 192, in impl\n    return func(*a, **kw)\n           ^^^^^^^^^^^^^^\n  File \"C:\\Automation\\Final_Proj_Aut_Py\\extensions\\ui_actiuons.py\", line 13, in click\n    elem.click()\n  File \"C:\\Users\\barka\\AppData\\Roaming\\Python\\Python311\\site-packages\\selenium\\webdriver\\support\\event_firing_webdriver.py\", line 183, in click\n    self._dispatch(\"click\", (self._webelement, self._driver), \"click\", ())\n  File \"C:\\Users\\barka\\AppData\\Roaming\\Python\\Python311\\site-packages\\selenium\\webdriver\\support\\event_firing_webdriver.py\", line 198, in _dispatch\n    getattr(self._listener, f\"before_{l_call}\")(*l_args)\n  File \"C:\\Automation\\Final_Proj_Aut_Py\\utilities\\event_listener.py\", line 44, in before_click\n    EventListener.button_text = element.get_attribute(\"value\")\n                                ^^^^^^^^^^^^^^^^^^^^^^^^^^^^^^\n  File \"C:\\Users\\barka\\AppData\\Roaming\\Python\\Python311\\site-packages\\selenium\\webdriver\\remote\\webelement.py\", line 179, in get_attribute\n    attribute_value = self.parent.execute_script(\n                      ^^^^^^^^^^^^^^^^^^^^^^^^^^^\n  File \"C:\\Users\\barka\\AppData\\Roaming\\Python\\Python311\\site-packages\\selenium\\webdriver\\remote\\webdriver.py\", line 506, in execute_script\n    return self.execute(command, {\"script\": script, \"args\": converted_args})[\"value\"]\n           ^^^^^^^^^^^^^^^^^^^^^^^^^^^^^^^^^^^^^^^^^^^^^^^^^^^^^^^^^^^^^^^^^\n  File \"C:\\Users\\barka\\AppData\\Roaming\\Python\\Python311\\site-packages\\selenium\\webdriver\\remote\\webdriver.py\", line 444, in execute\n    self.error_handler.check_response(response)\n  File \"C:\\Users\\barka\\AppData\\Roaming\\Python\\Python311\\site-packages\\selenium\\webdriver\\remote\\errorhandler.py\", line 249, in check_response\n    raise exception_class(message, screen, stacktrace)\n"}, "steps": [{"name": "Click on element", "status": "broken", "statusDetails": {"message": "selenium.common.exceptions.StaleElementReferenceException: Message: stale element reference: element is not attached to the page document\n  (Session info: chrome=109.0.5414.75)\nStacktrace:\nBacktrace:\n\t(No symbol) [0x00386643]\n\t(No symbol) [0x0031BE21]\n\t(No symbol) [0x0021DA9D]\n\t(No symbol) [0x002209E4]\n\t(No symbol) [0x002208AD]\n\t(No symbol) [0x002212E5]\n\t(No symbol) [0x002879F7]\n\t(No symbol) [0x0026FD7C]\n\t(No symbol) [0x00286B09]\n\t(No symbol) [0x0026FB76]\n\t(No symbol) [0x002449C1]\n\t(No symbol) [0x00245E5D]\n\tGetHandleVerifier [0x005FA142+2497106]\n\tGetHandleVerifier [0x006285D3+2686691]\n\tGetHandleVerifier [0x0062BB9C+2700460]\n\tGetHandleVerifier [0x00433B10+635936]\n\t(No symbol) [0x00324A1F]\n\t(No symbol) [0x0032A418]\n\t(No symbol) [0x0032A505]\n\t(No symbol) [0x0033508B]\n\tBaseThreadInitThunk [0x76187D69+25]\n\tRtlInitializeExceptionChain [0x7742BB9B+107]\n\tRtlClearBits [0x7742BB1F+191]\n\n", "trace": "  File \"C:\\Users\\barka\\AppData\\Roaming\\Python\\Python311\\site-packages\\allure_commons\\_allure.py\", line 192, in impl\n    return func(*a, **kw)\n           ^^^^^^^^^^^^^^\n  File \"C:\\Automation\\Final_Proj_Aut_Py\\extensions\\ui_actiuons.py\", line 13, in click\n    elem.click()\n  File \"C:\\Users\\barka\\AppData\\Roaming\\Python\\Python311\\site-packages\\selenium\\webdriver\\support\\event_firing_webdriver.py\", line 183, in click\n    self._dispatch(\"click\", (self._webelement, self._driver), \"click\", ())\n  File \"C:\\Users\\barka\\AppData\\Roaming\\Python\\Python311\\site-packages\\selenium\\webdriver\\support\\event_firing_webdriver.py\", line 198, in _dispatch\n    getattr(self._listener, f\"before_{l_call}\")(*l_args)\n  File \"C:\\Automation\\Final_Proj_Aut_Py\\utilities\\event_listener.py\", line 44, in before_click\n    EventListener.button_text = element.get_attribute(\"value\")\n                                ^^^^^^^^^^^^^^^^^^^^^^^^^^^^^^\n  File \"C:\\Users\\barka\\AppData\\Roaming\\Python\\Python311\\site-packages\\selenium\\webdriver\\remote\\webelement.py\", line 179, in get_attribute\n    attribute_value = self.parent.execute_script(\n                      ^^^^^^^^^^^^^^^^^^^^^^^^^^^\n  File \"C:\\Users\\barka\\AppData\\Roaming\\Python\\Python311\\site-packages\\selenium\\webdriver\\remote\\webdriver.py\", line 506, in execute_script\n    return self.execute(command, {\"script\": script, \"args\": converted_args})[\"value\"]\n           ^^^^^^^^^^^^^^^^^^^^^^^^^^^^^^^^^^^^^^^^^^^^^^^^^^^^^^^^^^^^^^^^^\n  File \"C:\\Users\\barka\\AppData\\Roaming\\Python\\Python311\\site-packages\\selenium\\webdriver\\remote\\webdriver.py\", line 444, in execute\n    self.error_handler.check_response(response)\n  File \"C:\\Users\\barka\\AppData\\Roaming\\Python\\Python311\\site-packages\\selenium\\webdriver\\remote\\errorhandler.py\", line 249, in check_response\n    raise exception_class(message, screen, stacktrace)\n"}, "parameters": [{"name": "elem", "value": "<selenium.webdriver.support.event_firing_webdriver.EventFiringWebElement object at 0x00000264B9687B10>"}], "start": 1674630081353, "stop": 1674630081365}], "parameters": [{"name": "by", "value": "'index'"}, {"name": "value", "value": "1"}], "start": 1674630081071, "stop": 1674630081370}], "attachments": [{"source": "d03ff4bd-ef2d-4a21-846a-122963f74d5c-attachment.png", "type": "image/png"}, {"name": "stdout", "source": "26c8efcc-3ec0-4458-83a6-0bc2cd73673e-attachment.txt", "type": "text/plain"}], "start": 1674630079990, "stop": 1674630081371, "uuid": "6c1e99f7-0c9f-40ed-bcd8-5a681b60d677", "historyId": "869147185e4927322c8b087d5d7b7714", "testCaseId": "f17644ba3b640c47456d6409fd6c32e3", "fullName": "test_cases.test_web.TestWeb#test_verify_deleted_user", "labels": [{"name": "tag", "value": "@pytest.mark.usefixtures('init_web_driver')"}, {"name": "parentSuite", "value": "test_cases"}, {"name": "suite", "value": "test_web"}, {"name": "subSuite", "value": "TestWeb"}, {"name": "host", "value": "BarLaptop"}, {"name": "thread", "value": "18244-MainThread"}, {"name": "framework", "value": "pytest"}, {"name": "language", "value": "cpython3"}, {"name": "package", "value": "test_cases.test_web"}]}