{"uid":"248439320df00fa9","name":"TC03: Change position and size of a dashboard","fullName":"test_cases.test_web.TestWebDashboard#test_change_position_and_size","historyId":"5406e43cad8a95c6b4858b1fd5a38eb2","time":{"start":1689014566309,"stop":1689014576388,"duration":10079},"description":"Drag a dashboard to another position and change is size","descriptionHtml":"<p>Drag a dashboard to another position and change is size</p>\n","status":"broken","statusMessage":"selenium.common.exceptions.NoSuchElementException: Message: no such element: Unable to locate element: {\"method\":\"css selector\",\"selector\":\"[name=\"user\"]\"}\n  (Session info: chrome=114.0.5735.199)\nStacktrace:\nBacktrace:\n\tGetHandleVerifier [0x0114A813+48355]\n\t(No symbol) [0x010DC4B1]\n\t(No symbol) [0x00FE5358]\n\t(No symbol) [0x010109A5]\n\t(No symbol) [0x01010B3B]\n\t(No symbol) [0x0103E232]\n\t(No symbol) [0x0102A784]\n\t(No symbol) [0x0103C922]\n\t(No symbol) [0x0102A536]\n\t(No symbol) [0x010082DC]\n\t(No symbol) [0x010093DD]\n\tGetHandleVerifier [0x013AAABD+2539405]\n\tGetHandleVerifier [0x013EA78F+2800735]\n\tGetHandleVerifier [0x013E456C+2775612]\n\tGetHandleVerifier [0x011D51E0+616112]\n\t(No symbol) [0x010E5F8C]\n\t(No symbol) [0x010E2328]\n\t(No symbol) [0x010E240B]\n\t(No symbol) [0x010D4FF7]\n\tBaseThreadInitThunk [0x75897D59+25]\n\tRtlInitializeExceptionChain [0x77A8B74B+107]\n\tRtlClearBits [0x77A8B6CF+191]","statusTrace":"self = <test_cases.test_web.TestWebDashboard object at 0x0000026219ED6BD0>\n\n    @allure.title(\"TC03: Change position and size of a dashboard\")\n    @allure.description(\"Drag a dashboard to another position and change is size\")\n    def test_change_position_and_size(self):\n>       WebFlows.login_flow(get_data('Username'), get_data('Password'))\n\ntest_web.py:97: \n_ _ _ _ _ _ _ _ _ _ _ _ _ _ _ _ _ _ _ _ _ _ _ _ _ _ _ _ _ _ _ _ _ _ _ _ _ _ _ _ _ _ _ _ _ _ _ _ _ _ _ _ _ _ _ _ _ _ _ _ _ _ _ _ _ _ _ _ _ _ _ _ _ _ _ _ _ _ _ _ _ _ _ _ _ _ _ _ _ _\n..\\workflows\\web_flows.py:21: in login_flow\n    UiActions.update_text(page.web_login.get_user_name(), user)\n..\\page_objects\\web_objects\\login_page.py:15: in get_user_name\n    return self.driver.find_element(user_name[0], user_name[1])\n..\\venv\\Lib\\site-packages\\selenium\\webdriver\\support\\event_firing_webdriver.py:104: in find_element\n    return self._dispatch(\"find\", (by, value, self._driver), \"find_element\", (by, value))\n..\\venv\\Lib\\site-packages\\selenium\\webdriver\\support\\event_firing_webdriver.py:114: in _dispatch\n    result = getattr(self._driver, d_call)(*d_args)\n..\\venv\\Lib\\site-packages\\selenium\\webdriver\\remote\\webdriver.py:831: in find_element\n    return self.execute(Command.FIND_ELEMENT, {\"using\": by, \"value\": value})[\"value\"]\n..\\venv\\Lib\\site-packages\\selenium\\webdriver\\remote\\webdriver.py:440: in execute\n    self.error_handler.check_response(response)\n_ _ _ _ _ _ _ _ _ _ _ _ _ _ _ _ _ _ _ _ _ _ _ _ _ _ _ _ _ _ _ _ _ _ _ _ _ _ _ _ _ _ _ _ _ _ _ _ _ _ _ _ _ _ _ _ _ _ _ _ _ _ _ _ _ _ _ _ _ _ _ _ _ _ _ _ _ _ _ _ _ _ _ _ _ _ _ _ _ _\n\nself = <selenium.webdriver.remote.errorhandler.ErrorHandler object at 0x00000262158C2390>\nresponse = {'status': 404, 'value': '{\"value\":{\"error\":\"no such element\",\"message\":\"no such element: Unable to locate element: {\\...dInitThunk [0x75897D59+25]\\\\n\\\\tRtlInitializeExceptionChain [0x77A8B74B+107]\\\\n\\\\tRtlClearBits [0x77A8B6CF+191]\\\\n\"}}'}\n\n    def check_response(self, response: Dict[str, Any]) -> None:\n        \"\"\"Checks that a JSON response from the WebDriver does not have an\n        error.\n    \n        :Args:\n         - response - The JSON response from the WebDriver server as a dictionary\n           object.\n    \n        :Raises: If the response contains an error message.\n        \"\"\"\n        status = response.get(\"status\", None)\n        if not status or status == ErrorCode.SUCCESS:\n            return\n        value = None\n        message = response.get(\"message\", \"\")\n        screen: str = response.get(\"screen\", \"\")\n        stacktrace = None\n        if isinstance(status, int):\n            value_json = response.get(\"value\", None)\n            if value_json and isinstance(value_json, str):\n                import json\n    \n                try:\n                    value = json.loads(value_json)\n                    if len(value) == 1:\n                        value = value[\"value\"]\n                    status = value.get(\"error\", None)\n                    if not status:\n                        status = value.get(\"status\", ErrorCode.UNKNOWN_ERROR)\n                        message = value.get(\"value\") or value.get(\"message\")\n                        if not isinstance(message, str):\n                            value = message\n                            message = message.get(\"message\")\n                    else:\n                        message = value.get(\"message\", None)\n                except ValueError:\n                    pass\n    \n        exception_class: Type[WebDriverException]\n        if status in ErrorCode.NO_SUCH_ELEMENT:\n            exception_class = NoSuchElementException\n        elif status in ErrorCode.NO_SUCH_FRAME:\n            exception_class = NoSuchFrameException\n        elif status in ErrorCode.NO_SUCH_SHADOW_ROOT:\n            exception_class = NoSuchShadowRootException\n        elif status in ErrorCode.NO_SUCH_WINDOW:\n            exception_class = NoSuchWindowException\n        elif status in ErrorCode.STALE_ELEMENT_REFERENCE:\n            exception_class = StaleElementReferenceException\n        elif status in ErrorCode.ELEMENT_NOT_VISIBLE:\n            exception_class = ElementNotVisibleException\n        elif status in ErrorCode.INVALID_ELEMENT_STATE:\n            exception_class = InvalidElementStateException\n        elif (\n            status in ErrorCode.INVALID_SELECTOR\n            or status in ErrorCode.INVALID_XPATH_SELECTOR\n            or status in ErrorCode.INVALID_XPATH_SELECTOR_RETURN_TYPER\n        ):\n            exception_class = InvalidSelectorException\n        elif status in ErrorCode.ELEMENT_IS_NOT_SELECTABLE:\n            exception_class = ElementNotSelectableException\n        elif status in ErrorCode.ELEMENT_NOT_INTERACTABLE:\n            exception_class = ElementNotInteractableException\n        elif status in ErrorCode.INVALID_COOKIE_DOMAIN:\n            exception_class = InvalidCookieDomainException\n        elif status in ErrorCode.UNABLE_TO_SET_COOKIE:\n            exception_class = UnableToSetCookieException\n        elif status in ErrorCode.TIMEOUT:\n            exception_class = TimeoutException\n        elif status in ErrorCode.SCRIPT_TIMEOUT:\n            exception_class = TimeoutException\n        elif status in ErrorCode.UNKNOWN_ERROR:\n            exception_class = WebDriverException\n        elif status in ErrorCode.UNEXPECTED_ALERT_OPEN:\n            exception_class = UnexpectedAlertPresentException\n        elif status in ErrorCode.NO_ALERT_OPEN:\n            exception_class = NoAlertPresentException\n        elif status in ErrorCode.IME_NOT_AVAILABLE:\n            exception_class = ImeNotAvailableException\n        elif status in ErrorCode.IME_ENGINE_ACTIVATION_FAILED:\n            exception_class = ImeActivationFailedException\n        elif status in ErrorCode.MOVE_TARGET_OUT_OF_BOUNDS:\n            exception_class = MoveTargetOutOfBoundsException\n        elif status in ErrorCode.JAVASCRIPT_ERROR:\n            exception_class = JavascriptException\n        elif status in ErrorCode.SESSION_NOT_CREATED:\n            exception_class = SessionNotCreatedException\n        elif status in ErrorCode.INVALID_ARGUMENT:\n            exception_class = InvalidArgumentException\n        elif status in ErrorCode.NO_SUCH_COOKIE:\n            exception_class = NoSuchCookieException\n        elif status in ErrorCode.UNABLE_TO_CAPTURE_SCREEN:\n            exception_class = ScreenshotException\n        elif status in ErrorCode.ELEMENT_CLICK_INTERCEPTED:\n            exception_class = ElementClickInterceptedException\n        elif status in ErrorCode.INSECURE_CERTIFICATE:\n            exception_class = InsecureCertificateException\n        elif status in ErrorCode.INVALID_COORDINATES:\n            exception_class = InvalidCoordinatesException\n        elif status in ErrorCode.INVALID_SESSION_ID:\n            exception_class = InvalidSessionIdException\n        elif status in ErrorCode.UNKNOWN_METHOD:\n            exception_class = UnknownMethodException\n        else:\n            exception_class = WebDriverException\n        if not value:\n            value = response[\"value\"]\n        if isinstance(value, str):\n            raise exception_class(value)\n        if message == \"\" and \"message\" in value:\n            message = value[\"message\"]\n    \n        screen = None  # type: ignore[assignment]\n        if \"screen\" in value:\n            screen = value[\"screen\"]\n    \n        stacktrace = None\n        st_value = value.get(\"stackTrace\") or value.get(\"stacktrace\")\n        if st_value:\n            if isinstance(st_value, str):\n                stacktrace = st_value.split(\"\\n\")\n            else:\n                stacktrace = []\n                try:\n                    for frame in st_value:\n                        line = frame.get(\"lineNumber\", \"\")\n                        file = frame.get(\"fileName\", \"<anonymous>\")\n                        if line:\n                            file = f\"{file}:{line}\"\n                        meth = frame.get(\"methodName\", \"<anonymous>\")\n                        if \"className\" in frame:\n                            meth = f\"{frame['className']}.{meth}\"\n                        msg = \"    at %s (%s)\"\n                        msg = msg % (meth, file)\n                        stacktrace.append(msg)\n                except TypeError:\n                    pass\n        if exception_class == UnexpectedAlertPresentException:\n            alert_text = None\n            if \"data\" in value:\n                alert_text = value[\"data\"].get(\"text\")\n            elif \"alert\" in value:\n                alert_text = value[\"alert\"].get(\"text\")\n            raise exception_class(message, screen, stacktrace, alert_text)  # type: ignore[call-arg]  # mypy is not smart enough here\n>       raise exception_class(message, screen, stacktrace)\nE       selenium.common.exceptions.NoSuchElementException: Message: no such element: Unable to locate element: {\"method\":\"css selector\",\"selector\":\"[name=\"user\"]\"}\nE         (Session info: chrome=114.0.5735.199)\nE       Stacktrace:\nE       Backtrace:\nE       \tGetHandleVerifier [0x0114A813+48355]\nE       \t(No symbol) [0x010DC4B1]\nE       \t(No symbol) [0x00FE5358]\nE       \t(No symbol) [0x010109A5]\nE       \t(No symbol) [0x01010B3B]\nE       \t(No symbol) [0x0103E232]\nE       \t(No symbol) [0x0102A784]\nE       \t(No symbol) [0x0103C922]\nE       \t(No symbol) [0x0102A536]\nE       \t(No symbol) [0x010082DC]\nE       \t(No symbol) [0x010093DD]\nE       \tGetHandleVerifier [0x013AAABD+2539405]\nE       \tGetHandleVerifier [0x013EA78F+2800735]\nE       \tGetHandleVerifier [0x013E456C+2775612]\nE       \tGetHandleVerifier [0x011D51E0+616112]\nE       \t(No symbol) [0x010E5F8C]\nE       \t(No symbol) [0x010E2328]\nE       \t(No symbol) [0x010E240B]\nE       \t(No symbol) [0x010D4FF7]\nE       \tBaseThreadInitThunk [0x75897D59+25]\nE       \tRtlInitializeExceptionChain [0x77A8B74B+107]\nE       \tRtlClearBits [0x77A8B6CF+191]\n\n..\\venv\\Lib\\site-packages\\selenium\\webdriver\\remote\\errorhandler.py:245: NoSuchElementException","flaky":false,"newFailed":false,"newBroken":false,"newPassed":false,"retriesCount":0,"retriesStatusChange":false,"beforeStages":[{"name":"init_web_driver","time":{"start":1689014548535,"stop":1689014551561,"duration":3026},"status":"passed","steps":[],"attachments":[],"parameters":[],"stepsCount":0,"hasContent":false,"shouldDisplayMessage":false,"attachmentsCount":0},{"name":"_xunit_setup_method_fixture_TestWebDashboard","time":{"start":1689014566309,"stop":1689014566309,"duration":0},"status":"passed","steps":[],"attachments":[],"parameters":[],"stepsCount":0,"hasContent":false,"shouldDisplayMessage":false,"attachmentsCount":0}],"testStage":{"description":"Drag a dashboard to another position and change is size","status":"broken","statusMessage":"selenium.common.exceptions.NoSuchElementException: Message: no such element: Unable to locate element: {\"method\":\"css selector\",\"selector\":\"[name=\"user\"]\"}\n  (Session info: chrome=114.0.5735.199)\nStacktrace:\nBacktrace:\n\tGetHandleVerifier [0x0114A813+48355]\n\t(No symbol) [0x010DC4B1]\n\t(No symbol) [0x00FE5358]\n\t(No symbol) [0x010109A5]\n\t(No symbol) [0x01010B3B]\n\t(No symbol) [0x0103E232]\n\t(No symbol) [0x0102A784]\n\t(No symbol) [0x0103C922]\n\t(No symbol) [0x0102A536]\n\t(No symbol) [0x010082DC]\n\t(No symbol) [0x010093DD]\n\tGetHandleVerifier [0x013AAABD+2539405]\n\tGetHandleVerifier [0x013EA78F+2800735]\n\tGetHandleVerifier [0x013E456C+2775612]\n\tGetHandleVerifier [0x011D51E0+616112]\n\t(No symbol) [0x010E5F8C]\n\t(No symbol) [0x010E2328]\n\t(No symbol) [0x010E240B]\n\t(No symbol) [0x010D4FF7]\n\tBaseThreadInitThunk [0x75897D59+25]\n\tRtlInitializeExceptionChain [0x77A8B74B+107]\n\tRtlClearBits [0x77A8B6CF+191]","statusTrace":"self = <test_cases.test_web.TestWebDashboard object at 0x0000026219ED6BD0>\n\n    @allure.title(\"TC03: Change position and size of a dashboard\")\n    @allure.description(\"Drag a dashboard to another position and change is size\")\n    def test_change_position_and_size(self):\n>       WebFlows.login_flow(get_data('Username'), get_data('Password'))\n\ntest_web.py:97: \n_ _ _ _ _ _ _ _ _ _ _ _ _ _ _ _ _ _ _ _ _ _ _ _ _ _ _ _ _ _ _ _ _ _ _ _ _ _ _ _ _ _ _ _ _ _ _ _ _ _ _ _ _ _ _ _ _ _ _ _ _ _ _ _ _ _ _ _ _ _ _ _ _ _ _ _ _ _ _ _ _ _ _ _ _ _ _ _ _ _\n..\\workflows\\web_flows.py:21: in login_flow\n    UiActions.update_text(page.web_login.get_user_name(), user)\n..\\page_objects\\web_objects\\login_page.py:15: in get_user_name\n    return self.driver.find_element(user_name[0], user_name[1])\n..\\venv\\Lib\\site-packages\\selenium\\webdriver\\support\\event_firing_webdriver.py:104: in find_element\n    return self._dispatch(\"find\", (by, value, self._driver), \"find_element\", (by, value))\n..\\venv\\Lib\\site-packages\\selenium\\webdriver\\support\\event_firing_webdriver.py:114: in _dispatch\n    result = getattr(self._driver, d_call)(*d_args)\n..\\venv\\Lib\\site-packages\\selenium\\webdriver\\remote\\webdriver.py:831: in find_element\n    return self.execute(Command.FIND_ELEMENT, {\"using\": by, \"value\": value})[\"value\"]\n..\\venv\\Lib\\site-packages\\selenium\\webdriver\\remote\\webdriver.py:440: in execute\n    self.error_handler.check_response(response)\n_ _ _ _ _ _ _ _ _ _ _ _ _ _ _ _ _ _ _ _ _ _ _ _ _ _ _ _ _ _ _ _ _ _ _ _ _ _ _ _ _ _ _ _ _ _ _ _ _ _ _ _ _ _ _ _ _ _ _ _ _ _ _ _ _ _ _ _ _ _ _ _ _ _ _ _ _ _ _ _ _ _ _ _ _ _ _ _ _ _\n\nself = <selenium.webdriver.remote.errorhandler.ErrorHandler object at 0x00000262158C2390>\nresponse = {'status': 404, 'value': '{\"value\":{\"error\":\"no such element\",\"message\":\"no such element: Unable to locate element: {\\...dInitThunk [0x75897D59+25]\\\\n\\\\tRtlInitializeExceptionChain [0x77A8B74B+107]\\\\n\\\\tRtlClearBits [0x77A8B6CF+191]\\\\n\"}}'}\n\n    def check_response(self, response: Dict[str, Any]) -> None:\n        \"\"\"Checks that a JSON response from the WebDriver does not have an\n        error.\n    \n        :Args:\n         - response - The JSON response from the WebDriver server as a dictionary\n           object.\n    \n        :Raises: If the response contains an error message.\n        \"\"\"\n        status = response.get(\"status\", None)\n        if not status or status == ErrorCode.SUCCESS:\n            return\n        value = None\n        message = response.get(\"message\", \"\")\n        screen: str = response.get(\"screen\", \"\")\n        stacktrace = None\n        if isinstance(status, int):\n            value_json = response.get(\"value\", None)\n            if value_json and isinstance(value_json, str):\n                import json\n    \n                try:\n                    value = json.loads(value_json)\n                    if len(value) == 1:\n                        value = value[\"value\"]\n                    status = value.get(\"error\", None)\n                    if not status:\n                        status = value.get(\"status\", ErrorCode.UNKNOWN_ERROR)\n                        message = value.get(\"value\") or value.get(\"message\")\n                        if not isinstance(message, str):\n                            value = message\n                            message = message.get(\"message\")\n                    else:\n                        message = value.get(\"message\", None)\n                except ValueError:\n                    pass\n    \n        exception_class: Type[WebDriverException]\n        if status in ErrorCode.NO_SUCH_ELEMENT:\n            exception_class = NoSuchElementException\n        elif status in ErrorCode.NO_SUCH_FRAME:\n            exception_class = NoSuchFrameException\n        elif status in ErrorCode.NO_SUCH_SHADOW_ROOT:\n            exception_class = NoSuchShadowRootException\n        elif status in ErrorCode.NO_SUCH_WINDOW:\n            exception_class = NoSuchWindowException\n        elif status in ErrorCode.STALE_ELEMENT_REFERENCE:\n            exception_class = StaleElementReferenceException\n        elif status in ErrorCode.ELEMENT_NOT_VISIBLE:\n            exception_class = ElementNotVisibleException\n        elif status in ErrorCode.INVALID_ELEMENT_STATE:\n            exception_class = InvalidElementStateException\n        elif (\n            status in ErrorCode.INVALID_SELECTOR\n            or status in ErrorCode.INVALID_XPATH_SELECTOR\n            or status in ErrorCode.INVALID_XPATH_SELECTOR_RETURN_TYPER\n        ):\n            exception_class = InvalidSelectorException\n        elif status in ErrorCode.ELEMENT_IS_NOT_SELECTABLE:\n            exception_class = ElementNotSelectableException\n        elif status in ErrorCode.ELEMENT_NOT_INTERACTABLE:\n            exception_class = ElementNotInteractableException\n        elif status in ErrorCode.INVALID_COOKIE_DOMAIN:\n            exception_class = InvalidCookieDomainException\n        elif status in ErrorCode.UNABLE_TO_SET_COOKIE:\n            exception_class = UnableToSetCookieException\n        elif status in ErrorCode.TIMEOUT:\n            exception_class = TimeoutException\n        elif status in ErrorCode.SCRIPT_TIMEOUT:\n            exception_class = TimeoutException\n        elif status in ErrorCode.UNKNOWN_ERROR:\n            exception_class = WebDriverException\n        elif status in ErrorCode.UNEXPECTED_ALERT_OPEN:\n            exception_class = UnexpectedAlertPresentException\n        elif status in ErrorCode.NO_ALERT_OPEN:\n            exception_class = NoAlertPresentException\n        elif status in ErrorCode.IME_NOT_AVAILABLE:\n            exception_class = ImeNotAvailableException\n        elif status in ErrorCode.IME_ENGINE_ACTIVATION_FAILED:\n            exception_class = ImeActivationFailedException\n        elif status in ErrorCode.MOVE_TARGET_OUT_OF_BOUNDS:\n            exception_class = MoveTargetOutOfBoundsException\n        elif status in ErrorCode.JAVASCRIPT_ERROR:\n            exception_class = JavascriptException\n        elif status in ErrorCode.SESSION_NOT_CREATED:\n            exception_class = SessionNotCreatedException\n        elif status in ErrorCode.INVALID_ARGUMENT:\n            exception_class = InvalidArgumentException\n        elif status in ErrorCode.NO_SUCH_COOKIE:\n            exception_class = NoSuchCookieException\n        elif status in ErrorCode.UNABLE_TO_CAPTURE_SCREEN:\n            exception_class = ScreenshotException\n        elif status in ErrorCode.ELEMENT_CLICK_INTERCEPTED:\n            exception_class = ElementClickInterceptedException\n        elif status in ErrorCode.INSECURE_CERTIFICATE:\n            exception_class = InsecureCertificateException\n        elif status in ErrorCode.INVALID_COORDINATES:\n            exception_class = InvalidCoordinatesException\n        elif status in ErrorCode.INVALID_SESSION_ID:\n            exception_class = InvalidSessionIdException\n        elif status in ErrorCode.UNKNOWN_METHOD:\n            exception_class = UnknownMethodException\n        else:\n            exception_class = WebDriverException\n        if not value:\n            value = response[\"value\"]\n        if isinstance(value, str):\n            raise exception_class(value)\n        if message == \"\" and \"message\" in value:\n            message = value[\"message\"]\n    \n        screen = None  # type: ignore[assignment]\n        if \"screen\" in value:\n            screen = value[\"screen\"]\n    \n        stacktrace = None\n        st_value = value.get(\"stackTrace\") or value.get(\"stacktrace\")\n        if st_value:\n            if isinstance(st_value, str):\n                stacktrace = st_value.split(\"\\n\")\n            else:\n                stacktrace = []\n                try:\n                    for frame in st_value:\n                        line = frame.get(\"lineNumber\", \"\")\n                        file = frame.get(\"fileName\", \"<anonymous>\")\n                        if line:\n                            file = f\"{file}:{line}\"\n                        meth = frame.get(\"methodName\", \"<anonymous>\")\n                        if \"className\" in frame:\n                            meth = f\"{frame['className']}.{meth}\"\n                        msg = \"    at %s (%s)\"\n                        msg = msg % (meth, file)\n                        stacktrace.append(msg)\n                except TypeError:\n                    pass\n        if exception_class == UnexpectedAlertPresentException:\n            alert_text = None\n            if \"data\" in value:\n                alert_text = value[\"data\"].get(\"text\")\n            elif \"alert\" in value:\n                alert_text = value[\"alert\"].get(\"text\")\n            raise exception_class(message, screen, stacktrace, alert_text)  # type: ignore[call-arg]  # mypy is not smart enough here\n>       raise exception_class(message, screen, stacktrace)\nE       selenium.common.exceptions.NoSuchElementException: Message: no such element: Unable to locate element: {\"method\":\"css selector\",\"selector\":\"[name=\"user\"]\"}\nE         (Session info: chrome=114.0.5735.199)\nE       Stacktrace:\nE       Backtrace:\nE       \tGetHandleVerifier [0x0114A813+48355]\nE       \t(No symbol) [0x010DC4B1]\nE       \t(No symbol) [0x00FE5358]\nE       \t(No symbol) [0x010109A5]\nE       \t(No symbol) [0x01010B3B]\nE       \t(No symbol) [0x0103E232]\nE       \t(No symbol) [0x0102A784]\nE       \t(No symbol) [0x0103C922]\nE       \t(No symbol) [0x0102A536]\nE       \t(No symbol) [0x010082DC]\nE       \t(No symbol) [0x010093DD]\nE       \tGetHandleVerifier [0x013AAABD+2539405]\nE       \tGetHandleVerifier [0x013EA78F+2800735]\nE       \tGetHandleVerifier [0x013E456C+2775612]\nE       \tGetHandleVerifier [0x011D51E0+616112]\nE       \t(No symbol) [0x010E5F8C]\nE       \t(No symbol) [0x010E2328]\nE       \t(No symbol) [0x010E240B]\nE       \t(No symbol) [0x010D4FF7]\nE       \tBaseThreadInitThunk [0x75897D59+25]\nE       \tRtlInitializeExceptionChain [0x77A8B74B+107]\nE       \tRtlClearBits [0x77A8B6CF+191]\n\n..\\venv\\Lib\\site-packages\\selenium\\webdriver\\remote\\errorhandler.py:245: NoSuchElementException","steps":[{"name":"Login to Grafana flow","time":{"start":1689014566309,"stop":1689014576378,"duration":10069},"status":"broken","statusMessage":"selenium.common.exceptions.NoSuchElementException: Message: no such element: Unable to locate element: {\"method\":\"css selector\",\"selector\":\"[name=\"user\"]\"}\n  (Session info: chrome=114.0.5735.199)\nStacktrace:\nBacktrace:\n\tGetHandleVerifier [0x0114A813+48355]\n\t(No symbol) [0x010DC4B1]\n\t(No symbol) [0x00FE5358]\n\t(No symbol) [0x010109A5]\n\t(No symbol) [0x01010B3B]\n\t(No symbol) [0x0103E232]\n\t(No symbol) [0x0102A784]\n\t(No symbol) [0x0103C922]\n\t(No symbol) [0x0102A536]\n\t(No symbol) [0x010082DC]\n\t(No symbol) [0x010093DD]\n\tGetHandleVerifier [0x013AAABD+2539405]\n\tGetHandleVerifier [0x013EA78F+2800735]\n\tGetHandleVerifier [0x013E456C+2775612]\n\tGetHandleVerifier [0x011D51E0+616112]\n\t(No symbol) [0x010E5F8C]\n\t(No symbol) [0x010E2328]\n\t(No symbol) [0x010E240B]\n\t(No symbol) [0x010D4FF7]\n\tBaseThreadInitThunk [0x75897D59+25]\n\tRtlInitializeExceptionChain [0x77A8B74B+107]\n\tRtlClearBits [0x77A8B6CF+191]\n\n","statusTrace":"  File \"C:\\Python311\\Lib\\site-packages\\allure_commons\\_allure.py\", line 192, in impl\n    return func(*a, **kw)\n           ^^^^^^^^^^^^^^\n  File \"C:\\Users\\BarKadosh-Cello\\PycharmProjects\\test_automation_final_project\\workflows\\web_flows.py\", line 21, in login_flow\n    UiActions.update_text(page.web_login.get_user_name(), user)\n                          ^^^^^^^^^^^^^^^^^^^^^^^^^^^^^^\n  File \"C:\\Users\\BarKadosh-Cello\\PycharmProjects\\test_automation_final_project\\page_objects\\web_objects\\login_page.py\", line 15, in get_user_name\n    return self.driver.find_element(user_name[0], user_name[1])\n           ^^^^^^^^^^^^^^^^^^^^^^^^^^^^^^^^^^^^^^^^^^^^^^^^^^^^\n  File \"C:\\Users\\BarKadosh-Cello\\PycharmProjects\\test_automation_final_project\\venv\\Lib\\site-packages\\selenium\\webdriver\\support\\event_firing_webdriver.py\", line 104, in find_element\n    return self._dispatch(\"find\", (by, value, self._driver), \"find_element\", (by, value))\n           ^^^^^^^^^^^^^^^^^^^^^^^^^^^^^^^^^^^^^^^^^^^^^^^^^^^^^^^^^^^^^^^^^^^^^^^^^^^^^^\n  File \"C:\\Users\\BarKadosh-Cello\\PycharmProjects\\test_automation_final_project\\venv\\Lib\\site-packages\\selenium\\webdriver\\support\\event_firing_webdriver.py\", line 114, in _dispatch\n    result = getattr(self._driver, d_call)(*d_args)\n             ^^^^^^^^^^^^^^^^^^^^^^^^^^^^^^^^^^^^^^\n  File \"C:\\Users\\BarKadosh-Cello\\PycharmProjects\\test_automation_final_project\\venv\\Lib\\site-packages\\selenium\\webdriver\\remote\\webdriver.py\", line 831, in find_element\n    return self.execute(Command.FIND_ELEMENT, {\"using\": by, \"value\": value})[\"value\"]\n           ^^^^^^^^^^^^^^^^^^^^^^^^^^^^^^^^^^^^^^^^^^^^^^^^^^^^^^^^^^^^^^^^^\n  File \"C:\\Users\\BarKadosh-Cello\\PycharmProjects\\test_automation_final_project\\venv\\Lib\\site-packages\\selenium\\webdriver\\remote\\webdriver.py\", line 440, in execute\n    self.error_handler.check_response(response)\n  File \"C:\\Users\\BarKadosh-Cello\\PycharmProjects\\test_automation_final_project\\venv\\Lib\\site-packages\\selenium\\webdriver\\remote\\errorhandler.py\", line 245, in check_response\n    raise exception_class(message, screen, stacktrace)\n","steps":[],"attachments":[],"parameters":[{"name":"user","value":"'admin'"},{"name":"password","value":"'admin'"}],"stepsCount":0,"hasContent":true,"shouldDisplayMessage":true,"attachmentsCount":0}],"attachments":[{"uid":"a38821c887f14acf","name":"1b019444-0b98-48ed-a227-e154d48ef809-attachment.png","source":"a38821c887f14acf.png","type":"image/png","size":178259}],"parameters":[],"stepsCount":1,"hasContent":true,"shouldDisplayMessage":true,"attachmentsCount":1},"afterStages":[{"name":"_xunit_setup_method_fixture_TestWebDashboard::0","time":{"start":1689014576736,"stop":1689014580997,"duration":4261},"status":"passed","steps":[{"name":"Go to home page flow","time":{"start":1689014579737,"stop":1689014579996,"duration":259},"status":"passed","steps":[],"attachments":[],"parameters":[],"stepsCount":0,"hasContent":false,"shouldDisplayMessage":false,"attachmentsCount":0}],"attachments":[],"parameters":[],"stepsCount":1,"hasContent":true,"shouldDisplayMessage":false,"attachmentsCount":0},{"name":"init_web_driver::0","time":{"start":1689014586321,"stop":1689014588517,"duration":2196},"status":"passed","steps":[],"attachments":[],"parameters":[],"stepsCount":0,"hasContent":false,"shouldDisplayMessage":false,"attachmentsCount":0}],"labels":[{"name":"tag","value":"@pytest.mark.usefixtures('init_web_driver')"},{"name":"parentSuite","value":"test_cases"},{"name":"suite","value":"test_web"},{"name":"subSuite","value":"TestWebDashboard"},{"name":"host","value":"LP-BARK-51XN8S3"},{"name":"thread","value":"14572-MainThread"},{"name":"framework","value":"pytest"},{"name":"language","value":"cpython3"},{"name":"package","value":"test_cases.test_web"},{"name":"resultFormat","value":"allure2"}],"parameters":[],"links":[],"hidden":true,"retry":true,"extra":{"categories":[],"tags":["@pytest.mark.usefixtures('init_web_driver')"]},"source":"248439320df00fa9.json","parameterValues":[]}