{"uid":"5b34ccee0b2799d7","name":"TC05: Delete users","fullName":"test_cases.test_web.TestWebUsers#test_verify_deleted_user","historyId":"a9e9129a8ea7313bfde928c528158cbf","time":{"start":1689701940474,"stop":1689701951159,"duration":10685},"description":"This test delete new users and check that the users are deleted","descriptionHtml":"<p>This test delete new users and check that the users are deleted</p>\n","status":"broken","statusMessage":"selenium.common.exceptions.NoSuchElementException: Message: no such element: Unable to locate element: {\"method\":\"css selector\",\"selector\":\"a[title='test1user']\"}\n  (Session info: chrome=114.0.5735.199)\nStacktrace:\nBacktrace:\n\tGetHandleVerifier [0x00CCA813+48355]\n\t(No symbol) [0x00C5C4B1]\n\t(No symbol) [0x00B65358]\n\t(No symbol) [0x00B909A5]\n\t(No symbol) [0x00B90B3B]\n\t(No symbol) [0x00BBE232]\n\t(No symbol) [0x00BAA784]\n\t(No symbol) [0x00BBC922]\n\t(No symbol) [0x00BAA536]\n\t(No symbol) [0x00B882DC]\n\t(No symbol) [0x00B893DD]\n\tGetHandleVerifier [0x00F2AABD+2539405]\n\tGetHandleVerifier [0x00F6A78F+2800735]\n\tGetHandleVerifier [0x00F6456C+2775612]\n\tGetHandleVerifier [0x00D551E0+616112]\n\t(No symbol) [0x00C65F8C]\n\t(No symbol) [0x00C62328]\n\t(No symbol) [0x00C6240B]\n\t(No symbol) [0x00C54FF7]\n\tBaseThreadInitThunk [0x767A7D59+25]\n\tRtlInitializeExceptionChain [0x77E4B79B+107]\n\tRtlClearBits [0x77E4B71F+191]","statusTrace":"self = <test_cases.test_web.TestWebUsers object at 0x000001DF27BC6090>\n\n    @allure.title(\"TC05: Delete users\")\n    @allure.description(\"This test delete new users and check that the users are deleted\")\n    def test_verify_deleted_user(self):\n        WebFlows.open_users_page()\n>       WebFlows.delete_user(By.USER, 'test1user')\n\ntest_cases\\test_web.py:56: \n_ _ _ _ _ _ _ _ _ _ _ _ _ _ _ _ _ _ _ _ _ _ _ _ _ _ _ _ _ _ _ _ _ _ _ _ _ _ _ _\nworkflows\\web_flows.py:94: in delete_user\n    UiActions.click(page.web_server_admin.get_user_by_username(value))\npage_objects\\web_objects\\server_admin_page.py:31: in get_user_by_username\n    return self.driver.find_element(user_by_user_name[0], user_by_user_name[1].replace('some-user', str(user)))\nC:\\Python311\\Lib\\site-packages\\selenium\\webdriver\\support\\event_firing_webdriver.py:104: in find_element\n    return self._dispatch(\"find\", (by, value, self._driver), \"find_element\", (by, value))\nC:\\Python311\\Lib\\site-packages\\selenium\\webdriver\\support\\event_firing_webdriver.py:114: in _dispatch\n    result = getattr(self._driver, d_call)(*d_args)\nC:\\Python311\\Lib\\site-packages\\selenium\\webdriver\\remote\\webdriver.py:831: in find_element\n    return self.execute(Command.FIND_ELEMENT, {\"using\": by, \"value\": value})[\"value\"]\nC:\\Python311\\Lib\\site-packages\\selenium\\webdriver\\remote\\webdriver.py:440: in execute\n    self.error_handler.check_response(response)\n_ _ _ _ _ _ _ _ _ _ _ _ _ _ _ _ _ _ _ _ _ _ _ _ _ _ _ _ _ _ _ _ _ _ _ _ _ _ _ _\n\nself = <selenium.webdriver.remote.errorhandler.ErrorHandler object at 0x000001DF27BD3F10>\nresponse = {'status': 404, 'value': '{\"value\":{\"error\":\"no such element\",\"message\":\"no such element: Unable to locate element: {\\...dInitThunk [0x767A7D59+25]\\\\n\\\\tRtlInitializeExceptionChain [0x77E4B79B+107]\\\\n\\\\tRtlClearBits [0x77E4B71F+191]\\\\n\"}}'}\n\n    def check_response(self, response: Dict[str, Any]) -> None:\n        \"\"\"Checks that a JSON response from the WebDriver does not have an\n        error.\n    \n        :Args:\n         - response - The JSON response from the WebDriver server as a dictionary\n           object.\n    \n        :Raises: If the response contains an error message.\n        \"\"\"\n        status = response.get(\"status\", None)\n        if not status or status == ErrorCode.SUCCESS:\n            return\n        value = None\n        message = response.get(\"message\", \"\")\n        screen: str = response.get(\"screen\", \"\")\n        stacktrace = None\n        if isinstance(status, int):\n            value_json = response.get(\"value\", None)\n            if value_json and isinstance(value_json, str):\n                import json\n    \n                try:\n                    value = json.loads(value_json)\n                    if len(value) == 1:\n                        value = value[\"value\"]\n                    status = value.get(\"error\", None)\n                    if not status:\n                        status = value.get(\"status\", ErrorCode.UNKNOWN_ERROR)\n                        message = value.get(\"value\") or value.get(\"message\")\n                        if not isinstance(message, str):\n                            value = message\n                            message = message.get(\"message\")\n                    else:\n                        message = value.get(\"message\", None)\n                except ValueError:\n                    pass\n    \n        exception_class: Type[WebDriverException]\n        if status in ErrorCode.NO_SUCH_ELEMENT:\n            exception_class = NoSuchElementException\n        elif status in ErrorCode.NO_SUCH_FRAME:\n            exception_class = NoSuchFrameException\n        elif status in ErrorCode.NO_SUCH_SHADOW_ROOT:\n            exception_class = NoSuchShadowRootException\n        elif status in ErrorCode.NO_SUCH_WINDOW:\n            exception_class = NoSuchWindowException\n        elif status in ErrorCode.STALE_ELEMENT_REFERENCE:\n            exception_class = StaleElementReferenceException\n        elif status in ErrorCode.ELEMENT_NOT_VISIBLE:\n            exception_class = ElementNotVisibleException\n        elif status in ErrorCode.INVALID_ELEMENT_STATE:\n            exception_class = InvalidElementStateException\n        elif (\n            status in ErrorCode.INVALID_SELECTOR\n            or status in ErrorCode.INVALID_XPATH_SELECTOR\n            or status in ErrorCode.INVALID_XPATH_SELECTOR_RETURN_TYPER\n        ):\n            exception_class = InvalidSelectorException\n        elif status in ErrorCode.ELEMENT_IS_NOT_SELECTABLE:\n            exception_class = ElementNotSelectableException\n        elif status in ErrorCode.ELEMENT_NOT_INTERACTABLE:\n            exception_class = ElementNotInteractableException\n        elif status in ErrorCode.INVALID_COOKIE_DOMAIN:\n            exception_class = InvalidCookieDomainException\n        elif status in ErrorCode.UNABLE_TO_SET_COOKIE:\n            exception_class = UnableToSetCookieException\n        elif status in ErrorCode.TIMEOUT:\n            exception_class = TimeoutException\n        elif status in ErrorCode.SCRIPT_TIMEOUT:\n            exception_class = TimeoutException\n        elif status in ErrorCode.UNKNOWN_ERROR:\n            exception_class = WebDriverException\n        elif status in ErrorCode.UNEXPECTED_ALERT_OPEN:\n            exception_class = UnexpectedAlertPresentException\n        elif status in ErrorCode.NO_ALERT_OPEN:\n            exception_class = NoAlertPresentException\n        elif status in ErrorCode.IME_NOT_AVAILABLE:\n            exception_class = ImeNotAvailableException\n        elif status in ErrorCode.IME_ENGINE_ACTIVATION_FAILED:\n            exception_class = ImeActivationFailedException\n        elif status in ErrorCode.MOVE_TARGET_OUT_OF_BOUNDS:\n            exception_class = MoveTargetOutOfBoundsException\n        elif status in ErrorCode.JAVASCRIPT_ERROR:\n            exception_class = JavascriptException\n        elif status in ErrorCode.SESSION_NOT_CREATED:\n            exception_class = SessionNotCreatedException\n        elif status in ErrorCode.INVALID_ARGUMENT:\n            exception_class = InvalidArgumentException\n        elif status in ErrorCode.NO_SUCH_COOKIE:\n            exception_class = NoSuchCookieException\n        elif status in ErrorCode.UNABLE_TO_CAPTURE_SCREEN:\n            exception_class = ScreenshotException\n        elif status in ErrorCode.ELEMENT_CLICK_INTERCEPTED:\n            exception_class = ElementClickInterceptedException\n        elif status in ErrorCode.INSECURE_CERTIFICATE:\n            exception_class = InsecureCertificateException\n        elif status in ErrorCode.INVALID_COORDINATES:\n            exception_class = InvalidCoordinatesException\n        elif status in ErrorCode.INVALID_SESSION_ID:\n            exception_class = InvalidSessionIdException\n        elif status in ErrorCode.UNKNOWN_METHOD:\n            exception_class = UnknownMethodException\n        else:\n            exception_class = WebDriverException\n        if not value:\n            value = response[\"value\"]\n        if isinstance(value, str):\n            raise exception_class(value)\n        if message == \"\" and \"message\" in value:\n            message = value[\"message\"]\n    \n        screen = None  # type: ignore[assignment]\n        if \"screen\" in value:\n            screen = value[\"screen\"]\n    \n        stacktrace = None\n        st_value = value.get(\"stackTrace\") or value.get(\"stacktrace\")\n        if st_value:\n            if isinstance(st_value, str):\n                stacktrace = st_value.split(\"\\n\")\n            else:\n                stacktrace = []\n                try:\n                    for frame in st_value:\n                        line = frame.get(\"lineNumber\", \"\")\n                        file = frame.get(\"fileName\", \"<anonymous>\")\n                        if line:\n                            file = f\"{file}:{line}\"\n                        meth = frame.get(\"methodName\", \"<anonymous>\")\n                        if \"className\" in frame:\n                            meth = f\"{frame['className']}.{meth}\"\n                        msg = \"    at %s (%s)\"\n                        msg = msg % (meth, file)\n                        stacktrace.append(msg)\n                except TypeError:\n                    pass\n        if exception_class == UnexpectedAlertPresentException:\n            alert_text = None\n            if \"data\" in value:\n                alert_text = value[\"data\"].get(\"text\")\n            elif \"alert\" in value:\n                alert_text = value[\"alert\"].get(\"text\")\n            raise exception_class(message, screen, stacktrace, alert_text)  # type: ignore[call-arg]  # mypy is not smart enough here\n>       raise exception_class(message, screen, stacktrace)\nE       selenium.common.exceptions.NoSuchElementException: Message: no such element: Unable to locate element: {\"method\":\"css selector\",\"selector\":\"a[title='test1user']\"}\nE         (Session info: chrome=114.0.5735.199)\nE       Stacktrace:\nE       Backtrace:\nE       \tGetHandleVerifier [0x00CCA813+48355]\nE       \t(No symbol) [0x00C5C4B1]\nE       \t(No symbol) [0x00B65358]\nE       \t(No symbol) [0x00B909A5]\nE       \t(No symbol) [0x00B90B3B]\nE       \t(No symbol) [0x00BBE232]\nE       \t(No symbol) [0x00BAA784]\nE       \t(No symbol) [0x00BBC922]\nE       \t(No symbol) [0x00BAA536]\nE       \t(No symbol) [0x00B882DC]\nE       \t(No symbol) [0x00B893DD]\nE       \tGetHandleVerifier [0x00F2AABD+2539405]\nE       \tGetHandleVerifier [0x00F6A78F+2800735]\nE       \tGetHandleVerifier [0x00F6456C+2775612]\nE       \tGetHandleVerifier [0x00D551E0+616112]\nE       \t(No symbol) [0x00C65F8C]\nE       \t(No symbol) [0x00C62328]\nE       \t(No symbol) [0x00C6240B]\nE       \t(No symbol) [0x00C54FF7]\nE       \tBaseThreadInitThunk [0x767A7D59+25]\nE       \tRtlInitializeExceptionChain [0x77E4B79B+107]\nE       \tRtlClearBits [0x77E4B71F+191]\n\nC:\\Python311\\Lib\\site-packages\\selenium\\webdriver\\remote\\errorhandler.py:245: NoSuchElementException","flaky":false,"newFailed":false,"newBroken":false,"newPassed":false,"retriesCount":0,"retriesStatusChange":false,"beforeStages":[{"name":"init_web_driver","time":{"start":1689701876785,"stop":1689701879946,"duration":3161},"status":"passed","steps":[],"attachments":[],"parameters":[],"shouldDisplayMessage":false,"attachmentsCount":0,"stepsCount":0,"hasContent":false},{"name":"_xunit_setup_method_fixture_TestWebUsers","time":{"start":1689701940474,"stop":1689701940474,"duration":0},"status":"passed","steps":[],"attachments":[],"parameters":[],"shouldDisplayMessage":false,"attachmentsCount":0,"stepsCount":0,"hasContent":false}],"testStage":{"description":"This test delete new users and check that the users are deleted","status":"broken","statusMessage":"selenium.common.exceptions.NoSuchElementException: Message: no such element: Unable to locate element: {\"method\":\"css selector\",\"selector\":\"a[title='test1user']\"}\n  (Session info: chrome=114.0.5735.199)\nStacktrace:\nBacktrace:\n\tGetHandleVerifier [0x00CCA813+48355]\n\t(No symbol) [0x00C5C4B1]\n\t(No symbol) [0x00B65358]\n\t(No symbol) [0x00B909A5]\n\t(No symbol) [0x00B90B3B]\n\t(No symbol) [0x00BBE232]\n\t(No symbol) [0x00BAA784]\n\t(No symbol) [0x00BBC922]\n\t(No symbol) [0x00BAA536]\n\t(No symbol) [0x00B882DC]\n\t(No symbol) [0x00B893DD]\n\tGetHandleVerifier [0x00F2AABD+2539405]\n\tGetHandleVerifier [0x00F6A78F+2800735]\n\tGetHandleVerifier [0x00F6456C+2775612]\n\tGetHandleVerifier [0x00D551E0+616112]\n\t(No symbol) [0x00C65F8C]\n\t(No symbol) [0x00C62328]\n\t(No symbol) [0x00C6240B]\n\t(No symbol) [0x00C54FF7]\n\tBaseThreadInitThunk [0x767A7D59+25]\n\tRtlInitializeExceptionChain [0x77E4B79B+107]\n\tRtlClearBits [0x77E4B71F+191]","statusTrace":"self = <test_cases.test_web.TestWebUsers object at 0x000001DF27BC6090>\n\n    @allure.title(\"TC05: Delete users\")\n    @allure.description(\"This test delete new users and check that the users are deleted\")\n    def test_verify_deleted_user(self):\n        WebFlows.open_users_page()\n>       WebFlows.delete_user(By.USER, 'test1user')\n\ntest_cases\\test_web.py:56: \n_ _ _ _ _ _ _ _ _ _ _ _ _ _ _ _ _ _ _ _ _ _ _ _ _ _ _ _ _ _ _ _ _ _ _ _ _ _ _ _\nworkflows\\web_flows.py:94: in delete_user\n    UiActions.click(page.web_server_admin.get_user_by_username(value))\npage_objects\\web_objects\\server_admin_page.py:31: in get_user_by_username\n    return self.driver.find_element(user_by_user_name[0], user_by_user_name[1].replace('some-user', str(user)))\nC:\\Python311\\Lib\\site-packages\\selenium\\webdriver\\support\\event_firing_webdriver.py:104: in find_element\n    return self._dispatch(\"find\", (by, value, self._driver), \"find_element\", (by, value))\nC:\\Python311\\Lib\\site-packages\\selenium\\webdriver\\support\\event_firing_webdriver.py:114: in _dispatch\n    result = getattr(self._driver, d_call)(*d_args)\nC:\\Python311\\Lib\\site-packages\\selenium\\webdriver\\remote\\webdriver.py:831: in find_element\n    return self.execute(Command.FIND_ELEMENT, {\"using\": by, \"value\": value})[\"value\"]\nC:\\Python311\\Lib\\site-packages\\selenium\\webdriver\\remote\\webdriver.py:440: in execute\n    self.error_handler.check_response(response)\n_ _ _ _ _ _ _ _ _ _ _ _ _ _ _ _ _ _ _ _ _ _ _ _ _ _ _ _ _ _ _ _ _ _ _ _ _ _ _ _\n\nself = <selenium.webdriver.remote.errorhandler.ErrorHandler object at 0x000001DF27BD3F10>\nresponse = {'status': 404, 'value': '{\"value\":{\"error\":\"no such element\",\"message\":\"no such element: Unable to locate element: {\\...dInitThunk [0x767A7D59+25]\\\\n\\\\tRtlInitializeExceptionChain [0x77E4B79B+107]\\\\n\\\\tRtlClearBits [0x77E4B71F+191]\\\\n\"}}'}\n\n    def check_response(self, response: Dict[str, Any]) -> None:\n        \"\"\"Checks that a JSON response from the WebDriver does not have an\n        error.\n    \n        :Args:\n         - response - The JSON response from the WebDriver server as a dictionary\n           object.\n    \n        :Raises: If the response contains an error message.\n        \"\"\"\n        status = response.get(\"status\", None)\n        if not status or status == ErrorCode.SUCCESS:\n            return\n        value = None\n        message = response.get(\"message\", \"\")\n        screen: str = response.get(\"screen\", \"\")\n        stacktrace = None\n        if isinstance(status, int):\n            value_json = response.get(\"value\", None)\n            if value_json and isinstance(value_json, str):\n                import json\n    \n                try:\n                    value = json.loads(value_json)\n                    if len(value) == 1:\n                        value = value[\"value\"]\n                    status = value.get(\"error\", None)\n                    if not status:\n                        status = value.get(\"status\", ErrorCode.UNKNOWN_ERROR)\n                        message = value.get(\"value\") or value.get(\"message\")\n                        if not isinstance(message, str):\n                            value = message\n                            message = message.get(\"message\")\n                    else:\n                        message = value.get(\"message\", None)\n                except ValueError:\n                    pass\n    \n        exception_class: Type[WebDriverException]\n        if status in ErrorCode.NO_SUCH_ELEMENT:\n            exception_class = NoSuchElementException\n        elif status in ErrorCode.NO_SUCH_FRAME:\n            exception_class = NoSuchFrameException\n        elif status in ErrorCode.NO_SUCH_SHADOW_ROOT:\n            exception_class = NoSuchShadowRootException\n        elif status in ErrorCode.NO_SUCH_WINDOW:\n            exception_class = NoSuchWindowException\n        elif status in ErrorCode.STALE_ELEMENT_REFERENCE:\n            exception_class = StaleElementReferenceException\n        elif status in ErrorCode.ELEMENT_NOT_VISIBLE:\n            exception_class = ElementNotVisibleException\n        elif status in ErrorCode.INVALID_ELEMENT_STATE:\n            exception_class = InvalidElementStateException\n        elif (\n            status in ErrorCode.INVALID_SELECTOR\n            or status in ErrorCode.INVALID_XPATH_SELECTOR\n            or status in ErrorCode.INVALID_XPATH_SELECTOR_RETURN_TYPER\n        ):\n            exception_class = InvalidSelectorException\n        elif status in ErrorCode.ELEMENT_IS_NOT_SELECTABLE:\n            exception_class = ElementNotSelectableException\n        elif status in ErrorCode.ELEMENT_NOT_INTERACTABLE:\n            exception_class = ElementNotInteractableException\n        elif status in ErrorCode.INVALID_COOKIE_DOMAIN:\n            exception_class = InvalidCookieDomainException\n        elif status in ErrorCode.UNABLE_TO_SET_COOKIE:\n            exception_class = UnableToSetCookieException\n        elif status in ErrorCode.TIMEOUT:\n            exception_class = TimeoutException\n        elif status in ErrorCode.SCRIPT_TIMEOUT:\n            exception_class = TimeoutException\n        elif status in ErrorCode.UNKNOWN_ERROR:\n            exception_class = WebDriverException\n        elif status in ErrorCode.UNEXPECTED_ALERT_OPEN:\n            exception_class = UnexpectedAlertPresentException\n        elif status in ErrorCode.NO_ALERT_OPEN:\n            exception_class = NoAlertPresentException\n        elif status in ErrorCode.IME_NOT_AVAILABLE:\n            exception_class = ImeNotAvailableException\n        elif status in ErrorCode.IME_ENGINE_ACTIVATION_FAILED:\n            exception_class = ImeActivationFailedException\n        elif status in ErrorCode.MOVE_TARGET_OUT_OF_BOUNDS:\n            exception_class = MoveTargetOutOfBoundsException\n        elif status in ErrorCode.JAVASCRIPT_ERROR:\n            exception_class = JavascriptException\n        elif status in ErrorCode.SESSION_NOT_CREATED:\n            exception_class = SessionNotCreatedException\n        elif status in ErrorCode.INVALID_ARGUMENT:\n            exception_class = InvalidArgumentException\n        elif status in ErrorCode.NO_SUCH_COOKIE:\n            exception_class = NoSuchCookieException\n        elif status in ErrorCode.UNABLE_TO_CAPTURE_SCREEN:\n            exception_class = ScreenshotException\n        elif status in ErrorCode.ELEMENT_CLICK_INTERCEPTED:\n            exception_class = ElementClickInterceptedException\n        elif status in ErrorCode.INSECURE_CERTIFICATE:\n            exception_class = InsecureCertificateException\n        elif status in ErrorCode.INVALID_COORDINATES:\n            exception_class = InvalidCoordinatesException\n        elif status in ErrorCode.INVALID_SESSION_ID:\n            exception_class = InvalidSessionIdException\n        elif status in ErrorCode.UNKNOWN_METHOD:\n            exception_class = UnknownMethodException\n        else:\n            exception_class = WebDriverException\n        if not value:\n            value = response[\"value\"]\n        if isinstance(value, str):\n            raise exception_class(value)\n        if message == \"\" and \"message\" in value:\n            message = value[\"message\"]\n    \n        screen = None  # type: ignore[assignment]\n        if \"screen\" in value:\n            screen = value[\"screen\"]\n    \n        stacktrace = None\n        st_value = value.get(\"stackTrace\") or value.get(\"stacktrace\")\n        if st_value:\n            if isinstance(st_value, str):\n                stacktrace = st_value.split(\"\\n\")\n            else:\n                stacktrace = []\n                try:\n                    for frame in st_value:\n                        line = frame.get(\"lineNumber\", \"\")\n                        file = frame.get(\"fileName\", \"<anonymous>\")\n                        if line:\n                            file = f\"{file}:{line}\"\n                        meth = frame.get(\"methodName\", \"<anonymous>\")\n                        if \"className\" in frame:\n                            meth = f\"{frame['className']}.{meth}\"\n                        msg = \"    at %s (%s)\"\n                        msg = msg % (meth, file)\n                        stacktrace.append(msg)\n                except TypeError:\n                    pass\n        if exception_class == UnexpectedAlertPresentException:\n            alert_text = None\n            if \"data\" in value:\n                alert_text = value[\"data\"].get(\"text\")\n            elif \"alert\" in value:\n                alert_text = value[\"alert\"].get(\"text\")\n            raise exception_class(message, screen, stacktrace, alert_text)  # type: ignore[call-arg]  # mypy is not smart enough here\n>       raise exception_class(message, screen, stacktrace)\nE       selenium.common.exceptions.NoSuchElementException: Message: no such element: Unable to locate element: {\"method\":\"css selector\",\"selector\":\"a[title='test1user']\"}\nE         (Session info: chrome=114.0.5735.199)\nE       Stacktrace:\nE       Backtrace:\nE       \tGetHandleVerifier [0x00CCA813+48355]\nE       \t(No symbol) [0x00C5C4B1]\nE       \t(No symbol) [0x00B65358]\nE       \t(No symbol) [0x00B909A5]\nE       \t(No symbol) [0x00B90B3B]\nE       \t(No symbol) [0x00BBE232]\nE       \t(No symbol) [0x00BAA784]\nE       \t(No symbol) [0x00BBC922]\nE       \t(No symbol) [0x00BAA536]\nE       \t(No symbol) [0x00B882DC]\nE       \t(No symbol) [0x00B893DD]\nE       \tGetHandleVerifier [0x00F2AABD+2539405]\nE       \tGetHandleVerifier [0x00F6A78F+2800735]\nE       \tGetHandleVerifier [0x00F6456C+2775612]\nE       \tGetHandleVerifier [0x00D551E0+616112]\nE       \t(No symbol) [0x00C65F8C]\nE       \t(No symbol) [0x00C62328]\nE       \t(No symbol) [0x00C6240B]\nE       \t(No symbol) [0x00C54FF7]\nE       \tBaseThreadInitThunk [0x767A7D59+25]\nE       \tRtlInitializeExceptionChain [0x77E4B79B+107]\nE       \tRtlClearBits [0x77E4B71F+191]\n\nC:\\Python311\\Lib\\site-packages\\selenium\\webdriver\\remote\\errorhandler.py:245: NoSuchElementException","steps":[{"name":"Go to users page flow","time":{"start":1689701940474,"stop":1689701941115,"duration":641},"status":"passed","steps":[{"name":"Mouse hover to elements","time":{"start":1689701940494,"stop":1689701941115,"duration":621},"status":"passed","steps":[],"attachments":[],"parameters":[{"name":"elem1","value":"<selenium.webdriver.support.event_firing_webdriver.EventFiringWebElement object at 0x000001DF28C76D10>"},{"name":"elem2","value":"<selenium.webdriver.support.event_firing_webdriver.EventFiringWebElement object at 0x000001DF28C75510>"}],"shouldDisplayMessage":false,"attachmentsCount":0,"stepsCount":0,"hasContent":true}],"attachments":[],"parameters":[],"shouldDisplayMessage":false,"attachmentsCount":0,"stepsCount":1,"hasContent":true},{"name":"Delete users from users table flow","time":{"start":1689701941115,"stop":1689701951156,"duration":10041},"status":"broken","statusMessage":"selenium.common.exceptions.NoSuchElementException: Message: no such element: Unable to locate element: {\"method\":\"css selector\",\"selector\":\"a[title='test1user']\"}\n  (Session info: chrome=114.0.5735.199)\nStacktrace:\nBacktrace:\n\tGetHandleVerifier [0x00CCA813+48355]\n\t(No symbol) [0x00C5C4B1]\n\t(No symbol) [0x00B65358]\n\t(No symbol) [0x00B909A5]\n\t(No symbol) [0x00B90B3B]\n\t(No symbol) [0x00BBE232]\n\t(No symbol) [0x00BAA784]\n\t(No symbol) [0x00BBC922]\n\t(No symbol) [0x00BAA536]\n\t(No symbol) [0x00B882DC]\n\t(No symbol) [0x00B893DD]\n\tGetHandleVerifier [0x00F2AABD+2539405]\n\tGetHandleVerifier [0x00F6A78F+2800735]\n\tGetHandleVerifier [0x00F6456C+2775612]\n\tGetHandleVerifier [0x00D551E0+616112]\n\t(No symbol) [0x00C65F8C]\n\t(No symbol) [0x00C62328]\n\t(No symbol) [0x00C6240B]\n\t(No symbol) [0x00C54FF7]\n\tBaseThreadInitThunk [0x767A7D59+25]\n\tRtlInitializeExceptionChain [0x77E4B79B+107]\n\tRtlClearBits [0x77E4B71F+191]\n\n","statusTrace":"  File \"C:\\Python311\\Lib\\site-packages\\allure_commons\\_allure.py\", line 192, in impl\n    return func(*a, **kw)\n           ^^^^^^^^^^^^^^\n  File \"C:\\Users\\BarKadosh-Cello\\PycharmProjects\\test_automation_final_project\\workflows\\web_flows.py\", line 94, in delete_user\n    UiActions.click(page.web_server_admin.get_user_by_username(value))\n                    ^^^^^^^^^^^^^^^^^^^^^^^^^^^^^^^^^^^^^^^^^^^^^^^^^\n  File \"C:\\Users\\BarKadosh-Cello\\PycharmProjects\\test_automation_final_project\\page_objects\\web_objects\\server_admin_page.py\", line 31, in get_user_by_username\n    return self.driver.find_element(user_by_user_name[0], user_by_user_name[1].replace('some-user', str(user)))\n           ^^^^^^^^^^^^^^^^^^^^^^^^^^^^^^^^^^^^^^^^^^^^^^^^^^^^^^^^^^^^^^^^^^^^^^^^^^^^^^^^^^^^^^^^^^^^^^^^^^^^\n  File \"C:\\Python311\\Lib\\site-packages\\selenium\\webdriver\\support\\event_firing_webdriver.py\", line 104, in find_element\n    return self._dispatch(\"find\", (by, value, self._driver), \"find_element\", (by, value))\n           ^^^^^^^^^^^^^^^^^^^^^^^^^^^^^^^^^^^^^^^^^^^^^^^^^^^^^^^^^^^^^^^^^^^^^^^^^^^^^^\n  File \"C:\\Python311\\Lib\\site-packages\\selenium\\webdriver\\support\\event_firing_webdriver.py\", line 114, in _dispatch\n    result = getattr(self._driver, d_call)(*d_args)\n             ^^^^^^^^^^^^^^^^^^^^^^^^^^^^^^^^^^^^^^\n  File \"C:\\Python311\\Lib\\site-packages\\selenium\\webdriver\\remote\\webdriver.py\", line 831, in find_element\n    return self.execute(Command.FIND_ELEMENT, {\"using\": by, \"value\": value})[\"value\"]\n           ^^^^^^^^^^^^^^^^^^^^^^^^^^^^^^^^^^^^^^^^^^^^^^^^^^^^^^^^^^^^^^^^^\n  File \"C:\\Python311\\Lib\\site-packages\\selenium\\webdriver\\remote\\webdriver.py\", line 440, in execute\n    self.error_handler.check_response(response)\n  File \"C:\\Python311\\Lib\\site-packages\\selenium\\webdriver\\remote\\errorhandler.py\", line 245, in check_response\n    raise exception_class(message, screen, stacktrace)\n","steps":[],"attachments":[],"parameters":[{"name":"by","value":"'user'"},{"name":"value","value":"'test1user'"}],"shouldDisplayMessage":true,"attachmentsCount":0,"stepsCount":0,"hasContent":true}],"attachments":[{"uid":"9a504ad042de8ce6","name":"e5553202-3f81-4673-bea1-6887c9b211b5-attachment.png","source":"9a504ad042de8ce6.png","type":"image/png","size":72375}],"parameters":[],"shouldDisplayMessage":true,"attachmentsCount":1,"stepsCount":3,"hasContent":true},"afterStages":[{"name":"_xunit_setup_method_fixture_TestWebUsers::0","time":{"start":1689701951346,"stop":1689701953658,"duration":2312},"status":"passed","steps":[{"name":"Go to home page flow","time":{"start":1689701951346,"stop":1689701951653,"duration":307},"status":"passed","steps":[],"attachments":[],"parameters":[],"shouldDisplayMessage":false,"attachmentsCount":0,"stepsCount":0,"hasContent":false}],"attachments":[],"parameters":[],"shouldDisplayMessage":false,"attachmentsCount":0,"stepsCount":1,"hasContent":true},{"name":"init_web_driver::0","time":{"start":1689701953664,"stop":1689701955856,"duration":2192},"status":"passed","steps":[],"attachments":[],"parameters":[],"shouldDisplayMessage":false,"attachmentsCount":0,"stepsCount":0,"hasContent":false}],"labels":[{"name":"tag","value":"@pytest.mark.usefixtures('init_web_driver')"},{"name":"parentSuite","value":"test_cases"},{"name":"suite","value":"test_web"},{"name":"subSuite","value":"TestWebUsers"},{"name":"host","value":"LP-BARK-51XN8S3"},{"name":"thread","value":"19428-MainThread"},{"name":"framework","value":"pytest"},{"name":"language","value":"cpython3"},{"name":"package","value":"test_cases.test_web"},{"name":"resultFormat","value":"allure2"}],"parameters":[],"links":[],"hidden":true,"retry":true,"extra":{"categories":[],"tags":["@pytest.mark.usefixtures('init_web_driver')"]},"source":"5b34ccee0b2799d7.json","parameterValues":[]}