{"uid":"730df16148e45b98","name":"TC01: Verify mortgage repayment","fullName":"test_cases.test_mobile.TestMobile#test_verify_mortgage_repayment","historyId":"a30192239a60ec8a82383610771cebd1","time":{"start":1682796700608,"stop":1682796707045,"duration":6437},"description":"This test verify the mortgage repayment","descriptionHtml":"<p>This test verify the mortgage repayment</p>\n","status":"failed","statusMessage":"AssertionError: Verify Equals Failed, Actual: £17.94 is not equal to Expected: £20.99","statusTrace":"self = <test_cases.test_mobile.TestMobile object at 0x0000020F8599CA50>\n\n    @allure.title(\"TC01: Verify mortgage repayment\")\n    @allure.description(\"This test verify the mortgage repayment\")\n    @pytest.mark.sanity\n    def test_verify_mortgage_repayment(self):       # This test will fail\n        MobileFlows.mortgage_flow('1000', '5', '2.5', Save.NO)\n>       MobileFlows.verify_mortgage_repayment('20.99')\n\ntest_cases\\test_mobile.py:15: \n_ _ _ _ _ _ _ _ _ _ _ _ _ _ _ _ _ _ _ _ _ _ _ _ _ _ _ _ _ _ _ _ _ _ _ _ _ _ _ _\nworkflows\\mobile_flows.py:28: in verify_mortgage_repayment\n    Verifications.verify_equals(actual, '£' + expected)\n_ _ _ _ _ _ _ _ _ _ _ _ _ _ _ _ _ _ _ _ _ _ _ _ _ _ _ _ _ _ _ _ _ _ _ _ _ _ _ _\n\nactual = '£17.94', expected = '£20.99'\n\n    @staticmethod\n    @allure.step(\"Verify element is equal to expected\")\n    def verify_equals(actual, expected):\n>       assert actual == expected, f'Verify Equals Failed, Actual: {str(actual)} is not equal to Expected: {str(expected)}'\nE       AssertionError: Verify Equals Failed, Actual: £17.94 is not equal to Expected: £20.99\n\nextensions\\verifications.py:11: AssertionError","flaky":false,"newFailed":false,"newBroken":false,"newPassed":false,"retriesCount":0,"retriesStatusChange":false,"beforeStages":[{"name":"init_mobile_driver","time":{"start":1682796688107,"stop":1682796700603,"duration":12496},"status":"passed","steps":[],"attachments":[],"parameters":[],"attachmentsCount":0,"shouldDisplayMessage":false,"stepsCount":0,"hasContent":false}],"testStage":{"description":"This test verify the mortgage repayment","status":"failed","statusMessage":"AssertionError: Verify Equals Failed, Actual: £17.94 is not equal to Expected: £20.99","statusTrace":"self = <test_cases.test_mobile.TestMobile object at 0x0000020F8599CA50>\n\n    @allure.title(\"TC01: Verify mortgage repayment\")\n    @allure.description(\"This test verify the mortgage repayment\")\n    @pytest.mark.sanity\n    def test_verify_mortgage_repayment(self):       # This test will fail\n        MobileFlows.mortgage_flow('1000', '5', '2.5', Save.NO)\n>       MobileFlows.verify_mortgage_repayment('20.99')\n\ntest_cases\\test_mobile.py:15: \n_ _ _ _ _ _ _ _ _ _ _ _ _ _ _ _ _ _ _ _ _ _ _ _ _ _ _ _ _ _ _ _ _ _ _ _ _ _ _ _\nworkflows\\mobile_flows.py:28: in verify_mortgage_repayment\n    Verifications.verify_equals(actual, '£' + expected)\n_ _ _ _ _ _ _ _ _ _ _ _ _ _ _ _ _ _ _ _ _ _ _ _ _ _ _ _ _ _ _ _ _ _ _ _ _ _ _ _\n\nactual = '£17.94', expected = '£20.99'\n\n    @staticmethod\n    @allure.step(\"Verify element is equal to expected\")\n    def verify_equals(actual, expected):\n>       assert actual == expected, f'Verify Equals Failed, Actual: {str(actual)} is not equal to Expected: {str(expected)}'\nE       AssertionError: Verify Equals Failed, Actual: £17.94 is not equal to Expected: £20.99\n\nextensions\\verifications.py:11: AssertionError","steps":[{"name":"Fill in mortgage details flow","time":{"start":1682796700609,"stop":1682796706805,"duration":6196},"status":"passed","steps":[{"name":"Updating text","time":{"start":1682796700911,"stop":1682796701800,"duration":889},"status":"passed","steps":[],"attachments":[],"parameters":[{"name":"elem","value":"<selenium.webdriver.support.event_firing_webdriver.EventFiringWebElement object at 0x0000020F859B0ED0>"},{"name":"value","value":"'1000'"}],"attachmentsCount":0,"shouldDisplayMessage":false,"stepsCount":0,"hasContent":true},{"name":"Updating text","time":{"start":1682796701988,"stop":1682796702937,"duration":949},"status":"passed","steps":[],"attachments":[],"parameters":[{"name":"elem","value":"<selenium.webdriver.support.event_firing_webdriver.EventFiringWebElement object at 0x0000020F859B1350>"},{"name":"value","value":"'5'"}],"attachmentsCount":0,"shouldDisplayMessage":false,"stepsCount":0,"hasContent":true},{"name":"Updating text","time":{"start":1682796703131,"stop":1682796704069,"duration":938},"status":"passed","steps":[],"attachments":[],"parameters":[{"name":"elem","value":"<selenium.webdriver.support.event_firing_webdriver.EventFiringWebElement object at 0x0000020F859B1350>"},{"name":"value","value":"'2.5'"}],"attachmentsCount":0,"shouldDisplayMessage":false,"stepsCount":0,"hasContent":true},{"name":"Click on element","time":{"start":1682796704277,"stop":1682796706245,"duration":1968},"status":"passed","steps":[],"attachments":[],"parameters":[{"name":"elem","value":"<selenium.webdriver.support.event_firing_webdriver.EventFiringWebElement object at 0x0000020F84628A10>"}],"attachmentsCount":0,"shouldDisplayMessage":false,"stepsCount":0,"hasContent":true}],"attachments":[],"parameters":[{"name":"amount","value":"'1000'"},{"name":"term","value":"'5'"},{"name":"rate","value":"'2.5'"},{"name":"save","value":"False"}],"attachmentsCount":0,"shouldDisplayMessage":false,"stepsCount":4,"hasContent":true},{"name":"Fill in mortgage details flow","time":{"start":1682796706805,"stop":1682796707035,"duration":230},"status":"failed","statusMessage":"AssertionError: Verify Equals Failed, Actual: £17.94 is not equal to Expected: £20.99\n","statusTrace":"  File \"C:\\Users\\barka\\AppData\\Roaming\\Python\\Python311\\site-packages\\allure_commons\\_allure.py\", line 192, in impl\n    return func(*a, **kw)\n           ^^^^^^^^^^^^^^\n  File \"C:\\Automation\\Final_Proj_Aut_Py\\workflows\\mobile_flows.py\", line 28, in verify_mortgage_repayment\n    Verifications.verify_equals(actual, '£' + expected)\n  File \"C:\\Users\\barka\\AppData\\Roaming\\Python\\Python311\\site-packages\\allure_commons\\_allure.py\", line 192, in impl\n    return func(*a, **kw)\n           ^^^^^^^^^^^^^^\n  File \"C:\\Automation\\Final_Proj_Aut_Py\\extensions\\verifications.py\", line 11, in verify_equals\n    assert actual == expected, f'Verify Equals Failed, Actual: {str(actual)} is not equal to Expected: {str(expected)}'\n","steps":[{"name":"Verify element is equal to expected","time":{"start":1682796707033,"stop":1682796707033,"duration":0},"status":"failed","statusMessage":"AssertionError: Verify Equals Failed, Actual: £17.94 is not equal to Expected: £20.99\n","statusTrace":"  File \"C:\\Users\\barka\\AppData\\Roaming\\Python\\Python311\\site-packages\\allure_commons\\_allure.py\", line 192, in impl\n    return func(*a, **kw)\n           ^^^^^^^^^^^^^^\n  File \"C:\\Automation\\Final_Proj_Aut_Py\\extensions\\verifications.py\", line 11, in verify_equals\n    assert actual == expected, f'Verify Equals Failed, Actual: {str(actual)} is not equal to Expected: {str(expected)}'\n","steps":[],"attachments":[],"parameters":[{"name":"actual","value":"'£17.94'"},{"name":"expected","value":"'£20.99'"}],"attachmentsCount":0,"shouldDisplayMessage":true,"stepsCount":0,"hasContent":true}],"attachments":[],"parameters":[{"name":"expected","value":"'20.99'"}],"attachmentsCount":0,"shouldDisplayMessage":false,"stepsCount":1,"hasContent":true}],"attachments":[{"uid":"4054de5ddde02e71","name":"37a6a2c3-443a-46f5-b897-25d67a136809-attachment.png","source":"4054de5ddde02e71.png","type":"image/png","size":244997}],"parameters":[],"attachmentsCount":1,"shouldDisplayMessage":true,"stepsCount":7,"hasContent":true},"afterStages":[{"name":"init_mobile_driver::0","time":{"start":1682796729580,"stop":1682796733004,"duration":3424},"status":"passed","steps":[],"attachments":[],"parameters":[],"attachmentsCount":0,"shouldDisplayMessage":false,"stepsCount":0,"hasContent":false}],"labels":[{"name":"tag","value":"sanity"},{"name":"tag","value":"@pytest.mark.usefixtures('init_mobile_driver')"},{"name":"parentSuite","value":"test_cases"},{"name":"suite","value":"test_mobile"},{"name":"subSuite","value":"TestMobile"},{"name":"host","value":"BarLaptop"},{"name":"thread","value":"13876-MainThread"},{"name":"framework","value":"pytest"},{"name":"language","value":"cpython3"},{"name":"package","value":"test_cases.test_mobile"},{"name":"resultFormat","value":"allure2"}],"parameters":[],"links":[],"hidden":true,"retry":true,"extra":{"categories":[],"tags":["@pytest.mark.usefixtures('init_mobile_driver')","sanity"]},"source":"730df16148e45b98.json","parameterValues":[]}