{"uid":"8640b137c5366ac4","name":"TC01: Adding 2 numbers","fullName":"test_cases.test_desktop.TestDesktopApp#test_add_numbers_and_verify","historyId":"2295b68a7d75dd676d382231d5beaf06","time":{"start":1683398541190,"stop":1683398544684,"duration":3494},"description":"This test adds 2 numbers and verify the result","descriptionHtml":"<p>This test adds 2 numbers and verify the result</p>\n","status":"failed","statusMessage":"AssertionError: Verify Equals Failed, Actual: 7 is not equal to Expected: 8","statusTrace":"self = <test_cases.test_desktop.TestDesktopApp object at 0x000001D48969F090>\n\n    @allure.title(\"TC01: Adding 2 numbers\")\n    @allure.description(\"This test adds 2 numbers and verify the result\")\n    def test_add_numbers_and_verify(self):\n        DesktopFlows.calculate_flow(\"1+7\")\n>       Verifications.verify_equals(DesktopFlows.get_result_flow(), '8')\n\ntest_cases\\test_desktop.py:15: \n_ _ _ _ _ _ _ _ _ _ _ _ _ _ _ _ _ _ _ _ _ _ _ _ _ _ _ _ _ _ _ _ _ _ _ _ _ _ _ _\n\nactual = '7', expected = '8'\n\n    @staticmethod\n    @allure.step(\"Verify element is equal to expected\")\n    def verify_equals(actual, expected):\n>       assert actual == expected, f'Verify Equals Failed, Actual: {str(actual)} is not equal to Expected: {str(expected)}'\nE       AssertionError: Verify Equals Failed, Actual: 7 is not equal to Expected: 8\n\nextensions\\verifications.py:11: AssertionError","flaky":false,"newFailed":false,"newBroken":false,"newPassed":false,"retriesCount":0,"retriesStatusChange":false,"beforeStages":[{"name":"init_desktop_driver","time":{"start":1683398538869,"stop":1683398541189,"duration":2320},"status":"passed","steps":[],"attachments":[],"parameters":[],"shouldDisplayMessage":false,"attachmentsCount":0,"stepsCount":0,"hasContent":false}],"testStage":{"description":"This test adds 2 numbers and verify the result","status":"failed","statusMessage":"AssertionError: Verify Equals Failed, Actual: 7 is not equal to Expected: 8","statusTrace":"self = <test_cases.test_desktop.TestDesktopApp object at 0x000001D48969F090>\n\n    @allure.title(\"TC01: Adding 2 numbers\")\n    @allure.description(\"This test adds 2 numbers and verify the result\")\n    def test_add_numbers_and_verify(self):\n        DesktopFlows.calculate_flow(\"1+7\")\n>       Verifications.verify_equals(DesktopFlows.get_result_flow(), '8')\n\ntest_cases\\test_desktop.py:15: \n_ _ _ _ _ _ _ _ _ _ _ _ _ _ _ _ _ _ _ _ _ _ _ _ _ _ _ _ _ _ _ _ _ _ _ _ _ _ _ _\n\nactual = '7', expected = '8'\n\n    @staticmethod\n    @allure.step(\"Verify element is equal to expected\")\n    def verify_equals(actual, expected):\n>       assert actual == expected, f'Verify Equals Failed, Actual: {str(actual)} is not equal to Expected: {str(expected)}'\nE       AssertionError: Verify Equals Failed, Actual: 7 is not equal to Expected: 8\n\nextensions\\verifications.py:11: AssertionError","steps":[{"name":"Calculate equation","time":{"start":1683398541191,"stop":1683398544111,"duration":2920},"status":"passed","steps":[{"name":"Click on element","time":{"start":1683398541441,"stop":1683398541963,"duration":522},"status":"passed","steps":[],"attachments":[],"parameters":[{"name":"elem","value":"<selenium.webdriver.support.event_firing_webdriver.EventFiringWebElement object at 0x000001D4896A2590>"}],"shouldDisplayMessage":false,"attachmentsCount":0,"stepsCount":0,"hasContent":true},{"name":"Click on element","time":{"start":1683398542175,"stop":1683398542726,"duration":551},"status":"passed","steps":[],"attachments":[],"parameters":[{"name":"elem","value":"<selenium.webdriver.support.event_firing_webdriver.EventFiringWebElement object at 0x000001D4896A3850>"}],"shouldDisplayMessage":false,"attachmentsCount":0,"stepsCount":0,"hasContent":true},{"name":"Click on element","time":{"start":1683398542900,"stop":1683398543410,"duration":510},"status":"passed","steps":[],"attachments":[],"parameters":[{"name":"elem","value":"<selenium.webdriver.support.event_firing_webdriver.EventFiringWebElement object at 0x000001D4896A3B50>"}],"shouldDisplayMessage":false,"attachmentsCount":0,"stepsCount":0,"hasContent":true},{"name":"Click on element","time":{"start":1683398543584,"stop":1683398544111,"duration":527},"status":"passed","steps":[],"attachments":[],"parameters":[{"name":"elem","value":"<selenium.webdriver.support.event_firing_webdriver.EventFiringWebElement object at 0x000001D487F63C50>"}],"shouldDisplayMessage":false,"attachmentsCount":0,"stepsCount":0,"hasContent":true}],"attachments":[],"parameters":[{"name":"equation","value":"'1+7'"}],"shouldDisplayMessage":false,"attachmentsCount":0,"stepsCount":4,"hasContent":true},{"name":"Get calculator result","time":{"start":1683398544113,"stop":1683398544680,"duration":567},"status":"passed","steps":[],"attachments":[],"parameters":[],"shouldDisplayMessage":false,"attachmentsCount":0,"stepsCount":0,"hasContent":false},{"name":"Verify element is equal to expected","time":{"start":1683398544680,"stop":1683398544681,"duration":1},"status":"failed","statusMessage":"AssertionError: Verify Equals Failed, Actual: 7 is not equal to Expected: 8\n","statusTrace":"  File \"C:\\Users\\barka\\AppData\\Roaming\\Python\\Python311\\site-packages\\allure_commons\\_allure.py\", line 192, in impl\n    return func(*a, **kw)\n           ^^^^^^^^^^^^^^\n  File \"C:\\Automation\\Final_Proj_Aut_Py\\extensions\\verifications.py\", line 11, in verify_equals\n    assert actual == expected, f'Verify Equals Failed, Actual: {str(actual)} is not equal to Expected: {str(expected)}'\n","steps":[],"attachments":[],"parameters":[{"name":"actual","value":"'7'"},{"name":"expected","value":"'8'"}],"shouldDisplayMessage":true,"attachmentsCount":0,"stepsCount":0,"hasContent":true}],"attachments":[{"uid":"db06775ca96e1f1d","name":"6bc602cf-d294-42ab-9773-c168b788bd50-attachment.png","source":"db06775ca96e1f1d.png","type":"image/png","size":27410}],"parameters":[],"shouldDisplayMessage":true,"attachmentsCount":1,"stepsCount":7,"hasContent":true},"afterStages":[{"name":"init_desktop_driver::0","time":{"start":1683398554847,"stop":1683398554995,"duration":148},"status":"passed","steps":[],"attachments":[],"parameters":[],"shouldDisplayMessage":false,"attachmentsCount":0,"stepsCount":0,"hasContent":false}],"labels":[{"name":"tag","value":"@pytest.mark.usefixtures('init_desktop_driver')"},{"name":"parentSuite","value":"test_cases"},{"name":"suite","value":"test_desktop"},{"name":"subSuite","value":"TestDesktopApp"},{"name":"host","value":"BarLaptop"},{"name":"thread","value":"1984-MainThread"},{"name":"framework","value":"pytest"},{"name":"language","value":"cpython3"},{"name":"package","value":"test_cases.test_desktop"},{"name":"resultFormat","value":"allure2"}],"parameters":[],"links":[],"hidden":true,"retry":true,"extra":{"categories":[],"tags":["@pytest.mark.usefixtures('init_desktop_driver')"]},"source":"8640b137c5366ac4.json","parameterValues":[]}