{"uid":"8928d4afac24ee9b","name":"TC02: Verify saved details","fullName":"test_cases.test_mobile.TestMobile#test_verify_saved_details","historyId":"27ce321eaafa89a68c0417e75ba77464","time":{"start":1682796837007,"stop":1682796857512,"duration":20505},"description":"This test verify saved transaction","descriptionHtml":"<p>This test verify saved transaction</p>\n","status":"failed","statusMessage":"AssertionError: Verify Equals Failed, Actual: 2.5% is not equal to Expected: 3.0%","statusTrace":"self = <test_cases.test_mobile.TestMobile object at 0x0000021A63494C50>\n\n    @allure.title(\"TC02: Verify saved details\")\n    @allure.description(\"This test verify saved transaction\")\n    @pytest.mark.sanity\n    def test_verify_saved_details(self):\n        MobileFlows.mortgage_flow('5000', '8', '3', Save.YES)\n        MobileFlows.mortgage_flow('1000', '5', '2.5', Save.YES)\n        MobileFlows.swipe_screen(Direction.LEFT)\n>       MobileFlows.verify_rate('3.0')\n\ntest_cases\\test_mobile.py:24: \n_ _ _ _ _ _ _ _ _ _ _ _ _ _ _ _ _ _ _ _ _ _ _ _ _ _ _ _ _ _ _ _ _ _ _ _ _ _ _ _\nworkflows\\mobile_flows.py:63: in verify_rate\n    Verifications.verify_equals(actual, expected + '%')\n_ _ _ _ _ _ _ _ _ _ _ _ _ _ _ _ _ _ _ _ _ _ _ _ _ _ _ _ _ _ _ _ _ _ _ _ _ _ _ _\n\nactual = '2.5%', expected = '3.0%'\n\n    @staticmethod\n    @allure.step(\"Verify element is equal to expected\")\n    def verify_equals(actual, expected):\n>       assert actual == expected, f'Verify Equals Failed, Actual: {str(actual)} is not equal to Expected: {str(expected)}'\nE       AssertionError: Verify Equals Failed, Actual: 2.5% is not equal to Expected: 3.0%\n\nextensions\\verifications.py:11: AssertionError","flaky":false,"newFailed":false,"newBroken":false,"newPassed":false,"retriesCount":0,"retriesStatusChange":false,"beforeStages":[{"name":"init_mobile_driver","time":{"start":1682796817741,"stop":1682796829787,"duration":12046},"status":"passed","steps":[],"attachments":[],"parameters":[],"stepsCount":0,"hasContent":false,"attachmentsCount":0,"shouldDisplayMessage":false}],"testStage":{"description":"This test verify saved transaction","status":"failed","statusMessage":"AssertionError: Verify Equals Failed, Actual: 2.5% is not equal to Expected: 3.0%","statusTrace":"self = <test_cases.test_mobile.TestMobile object at 0x0000021A63494C50>\n\n    @allure.title(\"TC02: Verify saved details\")\n    @allure.description(\"This test verify saved transaction\")\n    @pytest.mark.sanity\n    def test_verify_saved_details(self):\n        MobileFlows.mortgage_flow('5000', '8', '3', Save.YES)\n        MobileFlows.mortgage_flow('1000', '5', '2.5', Save.YES)\n        MobileFlows.swipe_screen(Direction.LEFT)\n>       MobileFlows.verify_rate('3.0')\n\ntest_cases\\test_mobile.py:24: \n_ _ _ _ _ _ _ _ _ _ _ _ _ _ _ _ _ _ _ _ _ _ _ _ _ _ _ _ _ _ _ _ _ _ _ _ _ _ _ _\nworkflows\\mobile_flows.py:63: in verify_rate\n    Verifications.verify_equals(actual, expected + '%')\n_ _ _ _ _ _ _ _ _ _ _ _ _ _ _ _ _ _ _ _ _ _ _ _ _ _ _ _ _ _ _ _ _ _ _ _ _ _ _ _\n\nactual = '2.5%', expected = '3.0%'\n\n    @staticmethod\n    @allure.step(\"Verify element is equal to expected\")\n    def verify_equals(actual, expected):\n>       assert actual == expected, f'Verify Equals Failed, Actual: {str(actual)} is not equal to Expected: {str(expected)}'\nE       AssertionError: Verify Equals Failed, Actual: 2.5% is not equal to Expected: 3.0%\n\nextensions\\verifications.py:11: AssertionError","steps":[{"name":"Fill in mortgage details flow","time":{"start":1682796837008,"stop":1682796846517,"duration":9509},"status":"passed","steps":[{"name":"Updating text","time":{"start":1682796837163,"stop":1682796838243,"duration":1080},"status":"passed","steps":[],"attachments":[],"parameters":[{"name":"elem","value":"<selenium.webdriver.support.event_firing_webdriver.EventFiringWebElement object at 0x0000021A634A0750>"},{"name":"value","value":"'5000'"}],"stepsCount":0,"hasContent":true,"attachmentsCount":0,"shouldDisplayMessage":false},{"name":"Updating text","time":{"start":1682796838520,"stop":1682796839649,"duration":1129},"status":"passed","steps":[],"attachments":[],"parameters":[{"name":"elem","value":"<selenium.webdriver.support.event_firing_webdriver.EventFiringWebElement object at 0x0000021A634A0750>"},{"name":"value","value":"'8'"}],"stepsCount":0,"hasContent":true,"attachmentsCount":0,"shouldDisplayMessage":false},{"name":"Updating text","time":{"start":1682796840165,"stop":1682796841221,"duration":1056},"status":"passed","steps":[],"attachments":[],"parameters":[{"name":"elem","value":"<selenium.webdriver.support.event_firing_webdriver.EventFiringWebElement object at 0x0000021A634A3690>"},{"name":"value","value":"'3'"}],"stepsCount":0,"hasContent":true,"attachmentsCount":0,"shouldDisplayMessage":false},{"name":"Click on element","time":{"start":1682796841436,"stop":1682796843571,"duration":2135},"status":"passed","steps":[],"attachments":[],"parameters":[{"name":"elem","value":"<selenium.webdriver.support.event_firing_webdriver.EventFiringWebElement object at 0x0000021A634A3690>"}],"stepsCount":0,"hasContent":true,"attachmentsCount":0,"shouldDisplayMessage":false},{"name":"Click on element","time":{"start":1682796844529,"stop":1682796846517,"duration":1988},"status":"passed","steps":[],"attachments":[],"parameters":[{"name":"elem","value":"<selenium.webdriver.support.event_firing_webdriver.EventFiringWebElement object at 0x0000021A630E9650>"}],"stepsCount":0,"hasContent":true,"attachmentsCount":0,"shouldDisplayMessage":false}],"attachments":[],"parameters":[{"name":"amount","value":"'5000'"},{"name":"term","value":"'8'"},{"name":"rate","value":"'3'"},{"name":"save","value":"True"}],"stepsCount":5,"hasContent":true,"attachmentsCount":0,"shouldDisplayMessage":false},{"name":"Fill in mortgage details flow","time":{"start":1682796846518,"stop":1682796855559,"duration":9041},"status":"passed","steps":[{"name":"Updating text","time":{"start":1682796847317,"stop":1682796848301,"duration":984},"status":"passed","steps":[],"attachments":[],"parameters":[{"name":"elem","value":"<selenium.webdriver.support.event_firing_webdriver.EventFiringWebElement object at 0x0000021A634A9850>"},{"name":"value","value":"'1000'"}],"stepsCount":0,"hasContent":true,"attachmentsCount":0,"shouldDisplayMessage":false},{"name":"Updating text","time":{"start":1682796848496,"stop":1682796849528,"duration":1032},"status":"passed","steps":[],"attachments":[],"parameters":[{"name":"elem","value":"<selenium.webdriver.support.event_firing_webdriver.EventFiringWebElement object at 0x0000021A630E9F10>"},{"name":"value","value":"'5'"}],"stepsCount":0,"hasContent":true,"attachmentsCount":0,"shouldDisplayMessage":false},{"name":"Updating text","time":{"start":1682796849698,"stop":1682796850624,"duration":926},"status":"passed","steps":[],"attachments":[],"parameters":[{"name":"elem","value":"<selenium.webdriver.support.event_firing_webdriver.EventFiringWebElement object at 0x0000021A634A9ED0>"},{"name":"value","value":"'2.5'"}],"stepsCount":0,"hasContent":true,"attachmentsCount":0,"shouldDisplayMessage":false},{"name":"Click on element","time":{"start":1682796850759,"stop":1682796852745,"duration":1986},"status":"passed","steps":[],"attachments":[],"parameters":[{"name":"elem","value":"<selenium.webdriver.support.event_firing_webdriver.EventFiringWebElement object at 0x0000021A63471290>"}],"stepsCount":0,"hasContent":true,"attachmentsCount":0,"shouldDisplayMessage":false},{"name":"Click on element","time":{"start":1682796853550,"stop":1682796855559,"duration":2009},"status":"passed","steps":[],"attachments":[],"parameters":[{"name":"elem","value":"<selenium.webdriver.support.event_firing_webdriver.EventFiringWebElement object at 0x0000021A634ABC90>"}],"stepsCount":0,"hasContent":true,"attachmentsCount":0,"shouldDisplayMessage":false}],"attachments":[],"parameters":[{"name":"amount","value":"'1000'"},{"name":"term","value":"'5'"},{"name":"rate","value":"'2.5'"},{"name":"save","value":"True"}],"stepsCount":5,"hasContent":true,"attachmentsCount":0,"shouldDisplayMessage":false},{"name":"Swipe the page","time":{"start":1682796855559,"stop":1682796856544,"duration":985},"status":"passed","steps":[{"name":"Swipe screen","time":{"start":1682796855559,"stop":1682796856544,"duration":985},"status":"passed","steps":[],"attachments":[],"parameters":[{"name":"start_x","value":"972.0"},{"name":"start_y","value":"1320.0"},{"name":"end_x","value":"108.0"},{"name":"end_y","value":"1320.0"},{"name":"duration","value":"200"}],"stepsCount":0,"hasContent":true,"attachmentsCount":0,"shouldDisplayMessage":false}],"attachments":[],"parameters":[{"name":"direction","value":"'left'"}],"stepsCount":1,"hasContent":true,"attachmentsCount":0,"shouldDisplayMessage":false},{"name":"Verify rate in saved transactions","time":{"start":1682796856544,"stop":1682796857511,"duration":967},"status":"failed","statusMessage":"AssertionError: Verify Equals Failed, Actual: 2.5% is not equal to Expected: 3.0%\n","statusTrace":"  File \"C:\\Users\\barka\\AppData\\Roaming\\Python\\Python311\\site-packages\\allure_commons\\_allure.py\", line 192, in impl\n    return func(*a, **kw)\n           ^^^^^^^^^^^^^^\n  File \"C:\\Automation\\Final_Proj_Aut_Py\\workflows\\mobile_flows.py\", line 63, in verify_rate\n    Verifications.verify_equals(actual, expected + '%')\n  File \"C:\\Users\\barka\\AppData\\Roaming\\Python\\Python311\\site-packages\\allure_commons\\_allure.py\", line 192, in impl\n    return func(*a, **kw)\n           ^^^^^^^^^^^^^^\n  File \"C:\\Automation\\Final_Proj_Aut_Py\\extensions\\verifications.py\", line 11, in verify_equals\n    assert actual == expected, f'Verify Equals Failed, Actual: {str(actual)} is not equal to Expected: {str(expected)}'\n","steps":[{"name":"Verify element is equal to expected","time":{"start":1682796857510,"stop":1682796857510,"duration":0},"status":"failed","statusMessage":"AssertionError: Verify Equals Failed, Actual: 2.5% is not equal to Expected: 3.0%\n","statusTrace":"  File \"C:\\Users\\barka\\AppData\\Roaming\\Python\\Python311\\site-packages\\allure_commons\\_allure.py\", line 192, in impl\n    return func(*a, **kw)\n           ^^^^^^^^^^^^^^\n  File \"C:\\Automation\\Final_Proj_Aut_Py\\extensions\\verifications.py\", line 11, in verify_equals\n    assert actual == expected, f'Verify Equals Failed, Actual: {str(actual)} is not equal to Expected: {str(expected)}'\n","steps":[],"attachments":[],"parameters":[{"name":"actual","value":"'2.5%'"},{"name":"expected","value":"'3.0%'"}],"stepsCount":0,"hasContent":true,"attachmentsCount":0,"shouldDisplayMessage":true}],"attachments":[],"parameters":[{"name":"expected","value":"'3.0'"}],"stepsCount":1,"hasContent":true,"attachmentsCount":0,"shouldDisplayMessage":false}],"attachments":[{"uid":"cf075f21f91ec07a","name":"ea615a70-b614-43f0-9f58-9c5a6709b1b1-attachment.png","source":"cf075f21f91ec07a.png","type":"image/png","size":408180}],"parameters":[],"stepsCount":16,"hasContent":true,"attachmentsCount":1,"shouldDisplayMessage":true},"afterStages":[{"name":"init_mobile_driver::0","time":{"start":1682796860620,"stop":1682796863407,"duration":2787},"status":"passed","steps":[],"attachments":[],"parameters":[],"stepsCount":0,"hasContent":false,"attachmentsCount":0,"shouldDisplayMessage":false}],"labels":[{"name":"tag","value":"sanity"},{"name":"tag","value":"@pytest.mark.usefixtures('init_mobile_driver')"},{"name":"parentSuite","value":"test_cases"},{"name":"suite","value":"test_mobile"},{"name":"subSuite","value":"TestMobile"},{"name":"host","value":"BarLaptop"},{"name":"thread","value":"16260-MainThread"},{"name":"framework","value":"pytest"},{"name":"language","value":"cpython3"},{"name":"package","value":"test_cases.test_mobile"},{"name":"resultFormat","value":"allure2"}],"parameters":[],"links":[],"hidden":true,"retry":true,"extra":{"categories":[],"tags":["@pytest.mark.usefixtures('init_mobile_driver')","sanity"]},"source":"8928d4afac24ee9b.json","parameterValues":[]}