{"uid":"fd1fd72e09b905fc","name":"TC04: Filter the users list","fullName":"test_cases.test_web.TestWebUsers#test_search_filter","historyId":"8eeacbbdbbd9aee627bf516130655ba1","time":{"start":1689701913041,"stop":1689701924536,"duration":11495},"description":"This test filters the users list and check that the correct number of users are displayed","descriptionHtml":"<p>This test filters the users list and check that the correct number of users are displayed</p>\n","status":"broken","statusMessage":"selenium.common.exceptions.TimeoutException: Message: \nStacktrace:\nBacktrace:\n\tGetHandleVerifier [0x00CCA813+48355]\n\t(No symbol) [0x00C5C4B1]\n\t(No symbol) [0x00B65358]\n\t(No symbol) [0x00B909A5]\n\t(No symbol) [0x00B90B3B]\n\t(No symbol) [0x00BBE232]\n\t(No symbol) [0x00BAA784]\n\t(No symbol) [0x00BBC922]\n\t(No symbol) [0x00BAA536]\n\t(No symbol) [0x00B882DC]\n\t(No symbol) [0x00B893DD]\n\tGetHandleVerifier [0x00F2AABD+2539405]\n\tGetHandleVerifier [0x00F6A78F+2800735]\n\tGetHandleVerifier [0x00F6456C+2775612]\n\tGetHandleVerifier [0x00D551E0+616112]\n\t(No symbol) [0x00C65F8C]\n\t(No symbol) [0x00C62328]\n\t(No symbol) [0x00C6240B]\n\t(No symbol) [0x00C54FF7]\n\tBaseThreadInitThunk [0x767A7D59+25]\n\tRtlInitializeExceptionChain [0x77E4B79B+107]\n\tRtlClearBits [0x77E4B71F+191]","statusTrace":"self = <test_cases.test_web.TestWebUsers object at 0x000001DF27BC5750>\nsearch_value = 'gmail', expected_users = '2'\n\n    @allure.title(\"TC04: Filter the users list\")\n    @allure.description(\"This test filters the users list and check that the correct number of users are displayed\")\n    @pytest.mark.parametrize('search_value, expected_users', web_flows.users_testdata)\n    def test_search_filter(self, search_value, expected_users):\n        WebFlows.open_users_page()\n        WebFlows.search_user(search_value)\n>       WebFlows.verify_number_of_users(int(expected_users))\n\ntest_cases\\test_web.py:50: \n_ _ _ _ _ _ _ _ _ _ _ _ _ _ _ _ _ _ _ _ _ _ _ _ _ _ _ _ _ _ _ _ _ _ _ _ _ _ _ _\nworkflows\\web_flows.py:77: in verify_number_of_users\n    wait(For.ELEMENT_DISPLAYED, page_objects.web_objects.server_admin_page.users_list)\nutilities\\common_ops.py:62: in wait\n    WebDriverWait(conf.driver, int(get_data('WaitTime'))).until(\n_ _ _ _ _ _ _ _ _ _ _ _ _ _ _ _ _ _ _ _ _ _ _ _ _ _ _ _ _ _ _ _ _ _ _ _ _ _ _ _\n\nself = <selenium.webdriver.support.wait.WebDriverWait (session=\"28bdaba9f357fd9f610ab10b18bad8e1\")>\nmethod = <function visibility_of_element_located.<locals>._predicate at 0x000001DF27C75800>\nmessage = ''\n\n    def until(self, method, message: str = \"\"):\n        \"\"\"Calls the method provided with the driver as an argument until the \\\n        return value does not evaluate to ``False``.\n    \n        :param method: callable(WebDriver)\n        :param message: optional message for :exc:`TimeoutException`\n        :returns: the result of the last call to `method`\n        :raises: :exc:`selenium.common.exceptions.TimeoutException` if timeout occurs\n        \"\"\"\n        screen = None\n        stacktrace = None\n    \n        end_time = time.monotonic() + self._timeout\n        while True:\n            try:\n                value = method(self._driver)\n                if value:\n                    return value\n            except self._ignored_exceptions as exc:\n                screen = getattr(exc, \"screen\", None)\n                stacktrace = getattr(exc, \"stacktrace\", None)\n            time.sleep(self._poll)\n            if time.monotonic() > end_time:\n                break\n>       raise TimeoutException(message, screen, stacktrace)\nE       selenium.common.exceptions.TimeoutException: Message: \nE       Stacktrace:\nE       Backtrace:\nE       \tGetHandleVerifier [0x00CCA813+48355]\nE       \t(No symbol) [0x00C5C4B1]\nE       \t(No symbol) [0x00B65358]\nE       \t(No symbol) [0x00B909A5]\nE       \t(No symbol) [0x00B90B3B]\nE       \t(No symbol) [0x00BBE232]\nE       \t(No symbol) [0x00BAA784]\nE       \t(No symbol) [0x00BBC922]\nE       \t(No symbol) [0x00BAA536]\nE       \t(No symbol) [0x00B882DC]\nE       \t(No symbol) [0x00B893DD]\nE       \tGetHandleVerifier [0x00F2AABD+2539405]\nE       \tGetHandleVerifier [0x00F6A78F+2800735]\nE       \tGetHandleVerifier [0x00F6456C+2775612]\nE       \tGetHandleVerifier [0x00D551E0+616112]\nE       \t(No symbol) [0x00C65F8C]\nE       \t(No symbol) [0x00C62328]\nE       \t(No symbol) [0x00C6240B]\nE       \t(No symbol) [0x00C54FF7]\nE       \tBaseThreadInitThunk [0x767A7D59+25]\nE       \tRtlInitializeExceptionChain [0x77E4B79B+107]\nE       \tRtlClearBits [0x77E4B71F+191]\n\nC:\\Python311\\Lib\\site-packages\\selenium\\webdriver\\support\\wait.py:95: TimeoutException","flaky":false,"newFailed":false,"newBroken":false,"newPassed":false,"retriesCount":0,"retriesStatusChange":false,"beforeStages":[{"name":"init_web_driver","time":{"start":1689701876785,"stop":1689701879946,"duration":3161},"status":"passed","steps":[],"attachments":[],"parameters":[],"hasContent":false,"shouldDisplayMessage":false,"attachmentsCount":0,"stepsCount":0},{"name":"_xunit_setup_method_fixture_TestWebUsers","time":{"start":1689701913041,"stop":1689701913041,"duration":0},"status":"passed","steps":[],"attachments":[],"parameters":[],"hasContent":false,"shouldDisplayMessage":false,"attachmentsCount":0,"stepsCount":0}],"testStage":{"description":"This test filters the users list and check that the correct number of users are displayed","status":"broken","statusMessage":"selenium.common.exceptions.TimeoutException: Message: \nStacktrace:\nBacktrace:\n\tGetHandleVerifier [0x00CCA813+48355]\n\t(No symbol) [0x00C5C4B1]\n\t(No symbol) [0x00B65358]\n\t(No symbol) [0x00B909A5]\n\t(No symbol) [0x00B90B3B]\n\t(No symbol) [0x00BBE232]\n\t(No symbol) [0x00BAA784]\n\t(No symbol) [0x00BBC922]\n\t(No symbol) [0x00BAA536]\n\t(No symbol) [0x00B882DC]\n\t(No symbol) [0x00B893DD]\n\tGetHandleVerifier [0x00F2AABD+2539405]\n\tGetHandleVerifier [0x00F6A78F+2800735]\n\tGetHandleVerifier [0x00F6456C+2775612]\n\tGetHandleVerifier [0x00D551E0+616112]\n\t(No symbol) [0x00C65F8C]\n\t(No symbol) [0x00C62328]\n\t(No symbol) [0x00C6240B]\n\t(No symbol) [0x00C54FF7]\n\tBaseThreadInitThunk [0x767A7D59+25]\n\tRtlInitializeExceptionChain [0x77E4B79B+107]\n\tRtlClearBits [0x77E4B71F+191]","statusTrace":"self = <test_cases.test_web.TestWebUsers object at 0x000001DF27BC5750>\nsearch_value = 'gmail', expected_users = '2'\n\n    @allure.title(\"TC04: Filter the users list\")\n    @allure.description(\"This test filters the users list and check that the correct number of users are displayed\")\n    @pytest.mark.parametrize('search_value, expected_users', web_flows.users_testdata)\n    def test_search_filter(self, search_value, expected_users):\n        WebFlows.open_users_page()\n        WebFlows.search_user(search_value)\n>       WebFlows.verify_number_of_users(int(expected_users))\n\ntest_cases\\test_web.py:50: \n_ _ _ _ _ _ _ _ _ _ _ _ _ _ _ _ _ _ _ _ _ _ _ _ _ _ _ _ _ _ _ _ _ _ _ _ _ _ _ _\nworkflows\\web_flows.py:77: in verify_number_of_users\n    wait(For.ELEMENT_DISPLAYED, page_objects.web_objects.server_admin_page.users_list)\nutilities\\common_ops.py:62: in wait\n    WebDriverWait(conf.driver, int(get_data('WaitTime'))).until(\n_ _ _ _ _ _ _ _ _ _ _ _ _ _ _ _ _ _ _ _ _ _ _ _ _ _ _ _ _ _ _ _ _ _ _ _ _ _ _ _\n\nself = <selenium.webdriver.support.wait.WebDriverWait (session=\"28bdaba9f357fd9f610ab10b18bad8e1\")>\nmethod = <function visibility_of_element_located.<locals>._predicate at 0x000001DF27C75800>\nmessage = ''\n\n    def until(self, method, message: str = \"\"):\n        \"\"\"Calls the method provided with the driver as an argument until the \\\n        return value does not evaluate to ``False``.\n    \n        :param method: callable(WebDriver)\n        :param message: optional message for :exc:`TimeoutException`\n        :returns: the result of the last call to `method`\n        :raises: :exc:`selenium.common.exceptions.TimeoutException` if timeout occurs\n        \"\"\"\n        screen = None\n        stacktrace = None\n    \n        end_time = time.monotonic() + self._timeout\n        while True:\n            try:\n                value = method(self._driver)\n                if value:\n                    return value\n            except self._ignored_exceptions as exc:\n                screen = getattr(exc, \"screen\", None)\n                stacktrace = getattr(exc, \"stacktrace\", None)\n            time.sleep(self._poll)\n            if time.monotonic() > end_time:\n                break\n>       raise TimeoutException(message, screen, stacktrace)\nE       selenium.common.exceptions.TimeoutException: Message: \nE       Stacktrace:\nE       Backtrace:\nE       \tGetHandleVerifier [0x00CCA813+48355]\nE       \t(No symbol) [0x00C5C4B1]\nE       \t(No symbol) [0x00B65358]\nE       \t(No symbol) [0x00B909A5]\nE       \t(No symbol) [0x00B90B3B]\nE       \t(No symbol) [0x00BBE232]\nE       \t(No symbol) [0x00BAA784]\nE       \t(No symbol) [0x00BBC922]\nE       \t(No symbol) [0x00BAA536]\nE       \t(No symbol) [0x00B882DC]\nE       \t(No symbol) [0x00B893DD]\nE       \tGetHandleVerifier [0x00F2AABD+2539405]\nE       \tGetHandleVerifier [0x00F6A78F+2800735]\nE       \tGetHandleVerifier [0x00F6456C+2775612]\nE       \tGetHandleVerifier [0x00D551E0+616112]\nE       \t(No symbol) [0x00C65F8C]\nE       \t(No symbol) [0x00C62328]\nE       \t(No symbol) [0x00C6240B]\nE       \t(No symbol) [0x00C54FF7]\nE       \tBaseThreadInitThunk [0x767A7D59+25]\nE       \tRtlInitializeExceptionChain [0x77E4B79B+107]\nE       \tRtlClearBits [0x77E4B71F+191]\n\nC:\\Python311\\Lib\\site-packages\\selenium\\webdriver\\support\\wait.py:95: TimeoutException","steps":[{"name":"Go to users page flow","time":{"start":1689701913041,"stop":1689701913708,"duration":667},"status":"passed","steps":[{"name":"Mouse hover to elements","time":{"start":1689701913071,"stop":1689701913708,"duration":637},"status":"passed","steps":[],"attachments":[],"parameters":[{"name":"elem1","value":"<selenium.webdriver.support.event_firing_webdriver.EventFiringWebElement object at 0x000001DF28CEC1D0>"},{"name":"elem2","value":"<selenium.webdriver.support.event_firing_webdriver.EventFiringWebElement object at 0x000001DF28CEC5D0>"}],"hasContent":true,"shouldDisplayMessage":false,"attachmentsCount":0,"stepsCount":0}],"attachments":[],"parameters":[],"hasContent":true,"shouldDisplayMessage":false,"attachmentsCount":0,"stepsCount":1},{"name":"Search users in users table flow","time":{"start":1689701913708,"stop":1689701914007,"duration":299},"status":"passed","steps":[{"name":"Clear text field in elements","time":{"start":1689701913740,"stop":1689701913836,"duration":96},"status":"passed","steps":[],"attachments":[],"parameters":[{"name":"elem","value":"<selenium.webdriver.support.event_firing_webdriver.EventFiringWebElement object at 0x000001DF28CEE290>"}],"hasContent":true,"shouldDisplayMessage":false,"attachmentsCount":0,"stepsCount":0},{"name":"Updating text","time":{"start":1689701913852,"stop":1689701914007,"duration":155},"status":"passed","steps":[],"attachments":[],"parameters":[{"name":"elem","value":"<selenium.webdriver.support.event_firing_webdriver.EventFiringWebElement object at 0x000001DF28CED790>"},{"name":"value","value":"'gmail'"}],"hasContent":true,"shouldDisplayMessage":false,"attachmentsCount":0,"stepsCount":0}],"attachments":[],"parameters":[{"name":"search_value","value":"'gmail'"}],"hasContent":true,"shouldDisplayMessage":false,"attachmentsCount":0,"stepsCount":2},{"name":"Verify numbers of users in users table flow","time":{"start":1689701914007,"stop":1689701924536,"duration":10529},"status":"broken","statusMessage":"selenium.common.exceptions.TimeoutException: Message: \nStacktrace:\nBacktrace:\n\tGetHandleVerifier [0x00CCA813+48355]\n\t(No symbol) [0x00C5C4B1]\n\t(No symbol) [0x00B65358]\n\t(No symbol) [0x00B909A5]\n\t(No symbol) [0x00B90B3B]\n\t(No symbol) [0x00BBE232]\n\t(No symbol) [0x00BAA784]\n\t(No symbol) [0x00BBC922]\n\t(No symbol) [0x00BAA536]\n\t(No symbol) [0x00B882DC]\n\t(No symbol) [0x00B893DD]\n\tGetHandleVerifier [0x00F2AABD+2539405]\n\tGetHandleVerifier [0x00F6A78F+2800735]\n\tGetHandleVerifier [0x00F6456C+2775612]\n\tGetHandleVerifier [0x00D551E0+616112]\n\t(No symbol) [0x00C65F8C]\n\t(No symbol) [0x00C62328]\n\t(No symbol) [0x00C6240B]\n\t(No symbol) [0x00C54FF7]\n\tBaseThreadInitThunk [0x767A7D59+25]\n\tRtlInitializeExceptionChain [0x77E4B79B+107]\n\tRtlClearBits [0x77E4B71F+191]\n\n","statusTrace":"  File \"C:\\Python311\\Lib\\site-packages\\allure_commons\\_allure.py\", line 192, in impl\n    return func(*a, **kw)\n           ^^^^^^^^^^^^^^\n  File \"C:\\Users\\BarKadosh-Cello\\PycharmProjects\\test_automation_final_project\\workflows\\web_flows.py\", line 77, in verify_number_of_users\n    wait(For.ELEMENT_DISPLAYED, page_objects.web_objects.server_admin_page.users_list)\n  File \"C:\\Users\\BarKadosh-Cello\\PycharmProjects\\test_automation_final_project\\utilities\\common_ops.py\", line 62, in wait\n    WebDriverWait(conf.driver, int(get_data('WaitTime'))).until(\n  File \"C:\\Python311\\Lib\\site-packages\\selenium\\webdriver\\support\\wait.py\", line 95, in until\n    raise TimeoutException(message, screen, stacktrace)\n","steps":[],"attachments":[],"parameters":[{"name":"number","value":"2"}],"hasContent":true,"shouldDisplayMessage":true,"attachmentsCount":0,"stepsCount":0}],"attachments":[{"uid":"16f1de6d56c3ff9d","name":"f9f65adf-a2ce-447f-9b2a-21ddee79b47c-attachment.png","source":"16f1de6d56c3ff9d.png","type":"image/png","size":63984}],"parameters":[],"hasContent":true,"shouldDisplayMessage":true,"attachmentsCount":1,"stepsCount":6},"afterStages":[{"name":"_xunit_setup_method_fixture_TestWebUsers::0","time":{"start":1689701924734,"stop":1689701927163,"duration":2429},"status":"passed","steps":[{"name":"Go to home page flow","time":{"start":1689701924734,"stop":1689701925156,"duration":422},"status":"passed","steps":[],"attachments":[],"parameters":[],"hasContent":false,"shouldDisplayMessage":false,"attachmentsCount":0,"stepsCount":0}],"attachments":[],"parameters":[],"hasContent":true,"shouldDisplayMessage":false,"attachmentsCount":0,"stepsCount":1},{"name":"init_web_driver::0","time":{"start":1689701953664,"stop":1689701955856,"duration":2192},"status":"passed","steps":[],"attachments":[],"parameters":[],"hasContent":false,"shouldDisplayMessage":false,"attachmentsCount":0,"stepsCount":0}],"labels":[{"name":"tag","value":"@pytest.mark.usefixtures('init_web_driver')"},{"name":"parentSuite","value":"test_cases"},{"name":"suite","value":"test_web"},{"name":"subSuite","value":"TestWebUsers"},{"name":"host","value":"LP-BARK-51XN8S3"},{"name":"thread","value":"19428-MainThread"},{"name":"framework","value":"pytest"},{"name":"language","value":"cpython3"},{"name":"package","value":"test_cases.test_web"},{"name":"resultFormat","value":"allure2"}],"parameters":[{"name":"expected_users","value":"'2'"},{"name":"search_value","value":"'gmail'"}],"links":[],"hidden":true,"retry":true,"extra":{"categories":[],"tags":["@pytest.mark.usefixtures('init_web_driver')"]},"source":"fd1fd72e09b905fc.json","parameterValues":["'2'","'gmail'"]}